_OSSwapInt16,1,0
_OSSwapInt32,8,0
__absname,2,0
__add_dbregid,1,0
__add_file_updated,2,0
__add_page_to_txn,1,0
__add_recycle_lsn_range,1,0
__aes_derivekeys,1,0
__aes_err,6,0
__aes_setup,1,0
__archive_rep_enter,1,0
__archive_rep_exit,1,0
__atomic_compare_exchange_int,2,0
__atomic_dec,29,0
__atomic_inc,18,0
__bam_30_btreemeta,1,0
__bam_adj_log,1,0
__bam_adj_read,2,0
__bam_adjindx,9,0
__bam_adjust,9,0
__bam_broot,1,0
__bam_build,1,0
__bam_bulk_duplicates,2,0
__bam_bulk_overflow,5,0
__bam_ca_delete,5,0
__bam_ca_di,10,1
__bam_ca_dup,1,0
__bam_ca_rsplit,2,0
__bam_ca_split,2,0
__bam_ca_undodup,1,0
__bam_ca_undosplit,1,0
__bam_cadjust_log,2,0
__bam_cadjust_read,2,0
__bam_cdel_log,1,0
__bam_cdel_read,2,0
__bam_cmp,17,2
__bam_compact_dups,6,0
__bam_compact_int,2,0
__bam_compact_isdone,2,0
__bam_compact_opd,2,0
__bam_compress_check_sort_multiple,1,0
__bam_compress_check_sort_multiple_key,2,0
__bam_compress_check_sort_multiple_keyonly,1,0
__bam_compress_count,2,0
__bam_compress_marshal_data,2,0
__bam_compress_salvage,2,0
__bam_compress_set_dbt,26,0
__bam_copy,8,0
__bam_copy_config,1,0
__bam_cs_create_multiple,1,0
__bam_cs_create_multiple_key,2,0
__bam_cs_create_multiple_keyonly,1,0
__bam_cs_create_single,4,0
__bam_cs_create_single_keyonly,1,0
__bam_csearch,6,0
__bam_curadj_log,4,0
__bam_curadj_read,2,0
__bam_db_close,1,0
__bam_db_create,2,0
__bam_ditem,8,0
__bam_dpages,5,1
__bam_dup_check,1,0
__bam_dup_convert,1,0
__bam_get_bt_minkey,1,1
__bam_get_prev,5,0
__bam_get_root,2,0
__bam_getboth_finddatum,3,0
__bam_getbothc,1,0
__bam_getlte,2,0
__bam_iitem,3,1
__bam_init_meta,3,0
__bam_init_print,1,0
__bam_init_recover,1,0
__bam_init_verify,1,0
__bam_irep,1,0
__bam_irep_log,1,0
__bam_irep_read,2,0
__bam_isopd,7,0
__bam_key_range,2,0
__bam_lock_subtree,2,0
__bam_lock_tree,2,0
__bam_map_flags,2,0
__bam_merge,2,0
__bam_merge_44_read,1,0
__bam_merge_internal,1,0
__bam_merge_pages,3,0
__bam_merge_records,1,0
__bam_meta2pgset,1,0
__bam_metachk,1,0
__bam_mswap,4,0
__bam_new_file,1,0
__bam_new_subdb,1,0
__bam_nrecs,4,0
__bam_opd_cursor,1,0
__bam_opd_exists,2,0
__bam_open,2,0
__bam_ovput,3,0
__bam_page,1,0
__bam_partsize,1,0
__bam_pgin,1,0
__bam_pgout,2,0
__bam_pinsert,3,1
__bam_print_cursor,1,0
__bam_psplit,2,0
__bam_pupdate,3,0
__bam_rcuradj_log,5,0
__bam_rcuradj_read,2,0
__bam_read_root,3,0
__bam_reclaim,1,0
__bam_relink_43_read,1,0
__bam_repl_log,1,0
__bam_repl_read,2,0
__bam_ritem,4,0
__bam_ritem_nolog,4,0
__bam_root,1,0
__bam_root_log,2,0
__bam_root_read,2,0
__bam_rsearch,7,0
__bam_rsplit_log,1,0
__bam_rsplit_read,2,0
__bam_safe_getdata,2,0
__bam_salvage,3,0
__bam_salvage_walkdupint,1,0
__bam_savekey,2,0
__bam_search,7,0
__bam_set_bt_compare,3,1
__bam_set_bt_compress,2,0
__bam_set_flags,1,0
__bam_split,3,0
__bam_split_42_read,2,0
__bam_split_48_read,1,0
__bam_split_log,2,1
__bam_split_read,2,0
__bam_stat,3,0
__bam_stat_callback,1,0
__bam_stat_print,1,0
__bam_stkgrow,22,0
__bam_stkrel,61,0
__bam_total,15,0
__bam_traverse,8,0
__bam_truncate,2,0
__bam_truncate_internal_overflow,2,0
__bam_truncate_ipages,1,0
__bam_truncate_root_page,2,0
__bam_vrfy,4,0
__bam_vrfy_inp,2,1
__bam_vrfy_itemorder,3,0
__bam_vrfy_meta,3,1
__bam_vrfy_structure,2,0
__bam_vrfy_subtree,6,0
__bam_vrfy_treeorder,1,0
__bamc_cmp,1,0
__bamc_compress_bulk_del,1,0
__bamc_compress_cmp,1,0
__bamc_compress_count,1,0
__bamc_compress_del,1,0
__bamc_compress_del_and_get_next,3,0
__bamc_compress_dup,1,0
__bamc_compress_get,1,0
__bamc_compress_get_bothc,1,0
__bamc_compress_get_multiple,1,0
__bamc_compress_get_multiple_key,1,0
__bamc_compress_get_next,5,0
__bamc_compress_get_next_dup,3,0
__bamc_compress_get_next_nodup,1,0
__bamc_compress_get_prev,7,0
__bamc_compress_get_prev_dup,1,0
__bamc_compress_get_prev_nodup,1,0
__bamc_compress_get_set,12,0
__bamc_compress_ibulk_del,1,0
__bamc_compress_idel,1,0
__bamc_compress_iget,1,0
__bamc_compress_iput,1,0
__bamc_compress_merge_delete,2,0
__bamc_compress_merge_delete_dups,2,0
__bamc_compress_merge_insert,5,0
__bamc_compress_put,1,0
__bamc_compress_relocate,3,0
__bamc_compress_reset,6,0
__bamc_compress_seek,4,0
__bamc_compress_store,4,0
__bamc_count,1,0
__bamc_dup,1,0
__bamc_getstack,1,0
__bamc_init,1,0
__bamc_next,10,0
__bamc_next_decompress,9,0
__bamc_physdel,2,0
__bamc_prev,7,0
__bamc_refresh,1,0
__bamc_rget,1,0
__bamc_search,17,0
__bamc_start_decompress,10,0
__blob_bulk,3,0
__blob_calculate_dirs,2,0
__blob_clean_dir,3,0
__blob_copy_all,1,0
__blob_copy_dir,2,0
__blob_del,5,0
__blob_del_all,5,0
__blob_del_hierarchy,1,0
__blob_file_close,8,0
__blob_file_create,2,0
__blob_file_delete,1,0
__blob_file_open,8,2
__blob_file_read,8,0
__blob_file_write,8,0
__blob_generate_dir_ids,6,0
__blob_generate_id,1,0
__blob_get,5,0
__blob_get_dir,2,0
__blob_highest_id,1,0
__blob_id_to_path,7,2
__blob_make_meta_fname,2,0
__blob_make_sub_dir,10,0
__blob_open_meta_db,3,0
__blob_path_to_dir_ids,3,0
__blob_put,4,0
__blob_repl,3,0
__blob_salvage,3,0
__blob_str_to_id,4,0
__blob_vrfy,3,0
__build_data,1,0
__builtin___memcpy_chk,979,0
__builtin___memmove_chk,42,0
__builtin___memset_chk,753,0
__builtin___snprintf_chk,76,1
__builtin___sprintf_chk,18,0
__builtin___strcat_chk,9,0
__builtin___strcpy_chk,12,0
__builtin___strncpy_chk,10,0
__builtin___vsnprintf_chk,5,0
__builtin_bzero,2,0
__builtin_constant_p,9,0
__builtin_object_size,1904,0
__builtin_va_end,30,0
__builtin_va_start,29,0
__cdsgroup_begin,2,0
__cdsgroup_commit,2,0
__cdsgroup_notsup,6,0
__clear_fe_watermark,2,0
__clear_fileups,1,0
__clock_expired,6,0
__clock_set_expires,4,0
__config_format_err,2,0
__config_parse,1,0
__config_scan,1,1
__config_set_param,1,0
__crdel_init_print,1,0
__crdel_init_recover,1,0
__crdel_init_verify,1,0
__crdel_inmem_create_log,1,0
__crdel_inmem_create_read,2,0
__crdel_inmem_remove_log,1,0
__crdel_inmem_remove_read,2,0
__crdel_inmem_rename_log,2,0
__crdel_inmem_rename_read,2,0
__crdel_metasub_log,1,0
__crdel_metasub_read,2,0
__create_log_vrfy_info,1,0
__crypto_algsetup,3,0
__crypto_decrypt_meta,1,0
__crypto_env_close,1,0
__crypto_env_refresh,1,0
__crypto_erase_passwd,3,0
__crypto_region_init,1,0
__darwin_fd_isset,4,2
__db_31_offdup,2,0
__db_SHA1Final,4,0
__db_SHA1Init,4,0
__db_SHA1Transform,3,0
__db_SHA1Update,13,0
__db_add_recovery_int,242,0
__db_addrem_42_read,1,0
__db_addrem_log,2,0
__db_addrem_read,2,0
__db_alloc_dbt,3,0
__db_appname,84,3
__db_apprec,2,0
__db_associate,4,3
__db_associate_arg,1,0
__db_associate_foreign,1,0
__db_associate_foreign_arg,1,0
__db_backup,1,0
__db_backup_name,4,0
__db_big_42_read,1,0
__db_big_log,3,2
__db_big_read,2,0
__db_blobs_enabled,1,0
__db_blockDecrypt,1,1
__db_blockEncrypt,1,1
__db_bmeta,1,0
__db_build_bi,1,0
__db_build_ri,1,0
__db_buildpartial,4,0
__db_byteorder,2,0
__db_byteswap,8,0
__db_check_chksum,7,3
__db_check_lsn,99,0
__db_check_txn,15,0
__db_chk_meta,15,3
__db_chksum,6,0
__db_cipherInit,2,2
__db_cksum_log,1,0
__db_cksum_read,2,0
__db_close,100,0
__db_coff,2,0
__db_compact_int,2,0
__db_compare_both,30,0
__db_compress_count_int,6,0
__db_compress_int,6,0
__db_copy_config,1,0
__db_create_internal,42,1
__db_ctimespec,1,0
__db_curinval,4,0
__db_cursor,124,10
__db_cursor_arg,1,0
__db_cursor_check,1,1
__db_cursor_int,39,0
__db_dbbackup,4,1
__db_dbbackup_pp,1,0
__db_dbt_clone,1,0
__db_dbt_clone_free,4,0
__db_dbt_print,2,0
__db_dbtxn_remove,1,0
__db_dbtype_to_string,14,0
__db_debug_log,1,0
__db_debug_msg,4,0
__db_debug_read,2,0
__db_decompress_count_int,6,0
__db_decompress_int32,12,0
__db_decrypt_pg,2,0
__db_del,8,1
__db_del_arg,1,0
__db_del_pp,1,1
__db_derive_mac,1,0
__db_disassociate,1,0
__db_disassociate_foreign,1,0
__db_dispatch,8,3
__db_ditem,10,0
__db_ditem_nolog,2,0
__db_dl,207,0
__db_dl_pct,23,0
__db_dlbytes,21,0
__db_doff,8,0
__db_dump,1,0
__db_dumptree,1,0
__db_duperr,5,0
__db_encrypt_and_checksum_pg,2,0
__db_env_destroy,2,0
__db_env_init,1,0
__db_err,162,0
__db_errcall,7,0
__db_errfile,7,0
__db_errx,1030,0
__db_exchange_page,13,0
__db_failed,5,0
__db_fcchk,15,0
__db_fchk,68,0
__db_ferr,64,0
__db_file_extend,3,0
__db_file_multi_write,1,0
__db_file_write,4,0
__db_find_free,1,0
__db_fmt_quote,2,0
__db_fnl,4,0
__db_free,17,0
__db_free_freelist,1,0
__db_free_truncate,1,0
__db_freelist_pos,4,0
__db_freelist_sort,2,0
__db_fullpath,5,0
__db_generate_iv,1,0
__db_genrand,1,0
__db_get,20,10
__db_get_arg,2,0
__db_get_blob_threshold,1,0
__db_get_bmeta_fn,2,0
__db_get_flags,2,1
__db_get_hmeta_fn,2,0
__db_get_lorder,3,0
__db_getlong,32,0
__db_getulong,23,0
__db_goff,19,1
__db_guesspgsize,1,0
__db_handle_lock,1,0
__db_hashinit,3,0
__db_heapint,1,0
__db_heapmeta,1,0
__db_hmac,2,0
__db_hmeta,1,0
__db_idspace,2,0
__db_init,1,0
__db_init_meta,1,0
__db_init_print,1,0
__db_init_recover,1,0
__db_init_subdb,1,0
__db_init_verify,1,0
__db_inmem_remove,5,0
__db_is_valid_magicno,3,3
__db_isbigendian,22,0
__db_join,1,0
__db_join_arg,1,0
__db_join_close,2,0
__db_join_get,1,0
__db_join_getnext,1,0
__db_join_primget,1,0
__db_lastpgno,4,0
__db_lget,137,9
__db_lockmode_to_string,1,0
__db_log2,38,3
__db_log_corrupt,4,0
__db_log_page,11,0
__db_log_verify_global_report,1,0
__db_lput,101,0
__db_lsn_reset,3,0
__db_makeKey,2,2
__db_map_flags,2,0
__db_map_rmid,1,0
__db_master_open,7,0
__db_master_update,7,0
__db_merge_log,2,0
__db_merge_read,2,0
__db_meta,4,0
__db_meta2pgset,3,0
__db_meta_setup,7,0
__db_metaswap,4,0
__db_mi_env,7,0
__db_mi_open,117,0
__db_mkpath,10,3
__db_moff,7,0
__db_move_metadata,2,0
__db_msg,685,0
__db_msgadd,164,0
__db_msgadd_ap,3,0
__db_msgcall,3,0
__db_msgfile,3,0
__db_name_to_val,11,2
__db_new,10,0
__db_new_file,2,0
__db_noop_read,2,0
__db_not_sliced,1,0
__db_not_txn_env,4,0
__db_open,26,3
__db_open_arg,1,0
__db_ovref,2,0
__db_ovref_log,2,1
__db_ovref_read,2,0
__db_page_pass,6,0
__db_pageswap,5,0
__db_pagetype_to_string,2,1
__db_partsize,2,0
__db_pg_alloc_42_read,1,0
__db_pg_alloc_log,1,0
__db_pg_alloc_read,2,0
__db_pg_free_42_read,1,0
__db_pg_free_log,1,0
__db_pg_free_read,2,0
__db_pg_free_recover_int,2,0
__db_pg_freedata_42_read,1,0
__db_pg_freedata_log,1,0
__db_pg_freedata_read,2,0
__db_pg_init_log,1,0
__db_pg_init_read,2,0
__db_pg_sort_44_read,2,0
__db_pg_trunc_log,2,0
__db_pg_trunc_read,2,0
__db_pg_truncate,3,0
__db_pgerr,261,0
__db_pget,1,0
__db_pget_arg,1,0
__db_pget_pp,1,0
__db_pgfmt,30,0
__db_pglist_print,1,0
__db_pgno_log,2,0
__db_pgno_read,2,0
__db_pgout,8,0
__db_pitem,17,0
__db_pitem_nolog,9,0
__db_poff,8,0
__db_prblob,1,0
__db_prblob_id,1,0
__db_prbytes,12,0
__db_prdb,1,0
__db_prdbt,8,0
__db_prflags,30,0
__db_prfooter,3,0
__db_prheader,5,0
__db_print_all,1,0
__db_print_citem,3,0
__db_print_cursor,1,0
__db_print_fh,3,0
__db_print_fileid,4,0
__db_print_reginfo,6,0
__db_print_stats,1,0
__db_proff,2,0
__db_prpage,5,0
__db_prpage_int,2,0
__db_prqueue,1,0
__db_prtree,1,0
__db_put,29,10
__db_put_arg,1,0
__db_put_pp,1,1
__db_qmeta,1,0
__db_quicksort,2,0
__db_rdonly,13,0
__db_realloc_log,1,0
__db_realloc_read,2,0
__db_rec_repl,2,0
__db_rec_toobig,3,0
__db_recordswap,4,0
__db_refresh,5,0
__db_relink,3,0
__db_relink_42_read,1,0
__db_relink_log,8,0
__db_relink_read,2,0
__db_remove,3,0
__db_remove_int,6,0
__db_rename,1,0
__db_rename_int,4,0
__db_reopen,11,0
__db_rep_enter,27,0
__db_repmsg,1,0
__db_ret,13,0
__db_retcopy,28,0
__db_rijndaelDecrypt,6,0
__db_rijndaelEncrypt,8,0
__db_rijndaelKeySetupDec,1,0
__db_rijndaelKeySetupEnc,3,0
__db_rmid_to_env,13,1
__db_rpath,24,0
__db_s_count,1,0
__db_s_done,4,0
__db_s_first,4,0
__db_s_next,4,0
__db_safe_goff,5,0
__db_salvage,2,0
__db_salvage_all,1,0
__db_salvage_destroy,1,0
__db_salvage_duptree,4,0
__db_salvage_getnext,2,0
__db_salvage_init,1,0
__db_salvage_isdone,6,0
__db_salvage_leaf,2,0
__db_salvage_markdone,12,0
__db_salvage_markneeded,4,0
__db_salvage_pg,4,0
__db_salvage_subdbpg,1,0
__db_salvage_unknowns,1,0
__db_secondary_close,1,0
__db_secondary_corrupt,5,0
__db_set_blob_threshold,4,0
__db_set_dup_compare,1,0
__db_set_flags,16,1
__db_set_lastpgno,2,0
__db_set_pagesize,7,1
__db_setup_freelist,1,0
__db_sgenrand,1,0
__db_slice_notsup,1,0
__db_space_err,3,0
__db_stat,1,0
__db_stat_arg,1,0
__db_stat_print,2,0
__db_stream_close_int,1,0
__db_stream_init,1,0
__db_subdb_remove,1,0
__db_subdb_rename,1,0
__db_sync,2,0
__db_syserr,26,0
__db_tablesize,8,0
__db_tas_mutex_destroy,2,0
__db_tas_mutex_init,2,0
__db_tas_mutex_lock,573,1
__db_tas_mutex_lock_int,2,0
__db_tas_mutex_readlock,17,0
__db_tas_mutex_readlock_int,2,0
__db_tas_mutex_trylock,3,0
__db_tas_mutex_tryreadlock,2,0
__db_tas_mutex_unlock,709,1
__db_tmp_open,1,0
__db_tohex,4,0
__db_traverse_big,5,0
__db_truncate,8,0
__db_truncate_freelist,1,0
__db_truncate_overflow,3,0
__db_truncate_root,3,0
__db_txn_auto_init,3,0
__db_txn_auto_resolve,18,0
__db_txn_deadlock_err,3,0
__db_txnlist_add,8,0
__db_txnlist_ckp,1,0
__db_txnlist_end,8,0
__db_txnlist_find,9,0
__db_txnlist_find_internal,3,0
__db_txnlist_gen,1,0
__db_txnlist_init,5,0
__db_txnlist_lsnadd,1,0
__db_txnlist_lsnget,1,0
__db_txnlist_lsninit,1,0
__db_txnlist_remove,4,2
__db_txnlist_update,14,0
__db_unknown_error,2,0
__db_unknown_flag,18,0
__db_unknown_path,29,0
__db_unknown_type,14,0
__db_unmap_rmid,2,0
__db_up_ovref,2,0
__db_upgrade,1,0
__db_util_cache,4,0
__db_util_interrupted,7,0
__db_util_logset,2,0
__db_util_siginit,14,0
__db_util_sigresend,14,0
__db_verify,2,0
__db_verify_arg,1,0
__db_verify_internal,1,0
__db_vrfy_ccclose,9,0
__db_vrfy_ccnext,5,0
__db_vrfy_ccset,5,0
__db_vrfy_childcursor,5,0
__db_vrfy_childinc,1,0
__db_vrfy_childput,4,0
__db_vrfy_common,6,1
__db_vrfy_datapage,5,0
__db_vrfy_dbinfo_create,1,0
__db_vrfy_dbinfo_destroy,1,0
__db_vrfy_duptype,2,0
__db_vrfy_freelist,1,0
__db_vrfy_getpageinfo,41,0
__db_vrfy_getpagezero,1,0
__db_vrfy_inpitem,3,1
__db_vrfy_invalid,1,0
__db_vrfy_meta,4,0
__db_vrfy_orderchkonly,1,0
__db_vrfy_overflow,1,0
__db_vrfy_ovfl_structure,3,0
__db_vrfy_pageinfo_create,1,0
__db_vrfy_pagezero,1,0
__db_vrfy_pgset,4,0
__db_vrfy_pgset_get,10,0
__db_vrfy_pgset_inc,18,1
__db_vrfy_pgset_next,3,0
__db_vrfy_prdbt,24,0
__db_vrfy_putpageinfo,45,0
__db_vrfy_struct_feedback,6,0
__db_vrfy_structure,1,0
__db_vrfy_subdbs,1,0
__db_vrfy_walkpages,1,0
__db_walk_cursors,19,1
__db_wrlock_err,4,0
__db_xa_open,1,0
__db_xid_to_txn,6,0
__db_zero_extend,2,0
__dbc_bulk_del,1,0
__dbc_cleanup,11,0
__dbc_close,207,0
__dbc_cmp,1,0
__dbc_count,3,0
__dbc_del,14,1
__dbc_del_arg,1,0
__dbc_del_foreign,1,0
__dbc_del_oldskey,2,0
__dbc_del_primary,2,0
__dbc_del_secondary,1,0
__dbc_destroy,4,0
__dbc_dup,22,0
__dbc_get,81,13
__dbc_get_arg,3,0
__dbc_get_blob_id,2,1
__dbc_get_blob_size,2,0
__dbc_idel,2,0
__dbc_idup,12,0
__dbc_iget,27,0
__dbc_iput,7,0
__dbc_newopd,10,0
__dbc_pget,6,0
__dbc_pget_arg,1,0
__dbc_pget_pp,1,0
__dbc_pget_recno,1,0
__dbc_put,21,4
__dbc_put_append,1,0
__dbc_put_arg,1,0
__dbc_put_fixed_len,1,0
__dbc_put_partial,1,0
__dbc_put_primary,1,0
__dbc_put_resolve_key,1,0
__dbc_put_secondaries,1,0
__dbc_set_blob_size,1,0
__dbh_am_chk,42,0
__dbreg_add_dbentry,5,0
__dbreg_assign_id,2,0
__dbreg_blob_file_to_fname,1,0
__dbreg_check_master,1,0
__dbreg_close_file,1,0
__dbreg_close_files,5,0
__dbreg_close_id,1,0
__dbreg_close_id_int,3,0
__dbreg_do_open,2,0
__dbreg_failchk,1,0
__dbreg_fid_to_fname,1,0
__dbreg_get_id,2,0
__dbreg_get_name,2,0
__dbreg_id_to_db,3,0
__dbreg_id_to_fname,2,0
__dbreg_init_print,1,0
__dbreg_init_recover,1,0
__dbreg_init_verify,1,0
__dbreg_invalidate_files,2,0
__dbreg_lazy_id,1,0
__dbreg_log_close,3,0
__dbreg_log_files,1,1
__dbreg_log_id,2,0
__dbreg_log_nofiles,1,0
__dbreg_mark_restored,2,0
__dbreg_new_id,1,0
__dbreg_open_file,2,0
__dbreg_pluck_id,1,0
__dbreg_pop_id,1,0
__dbreg_print_all,1,0
__dbreg_print_fname,1,0
__dbreg_push_id,1,0
__dbreg_register_42_read,2,0
__dbreg_register_log,3,0
__dbreg_register_read,5,1
__dbreg_register_recover_int,2,0
__dbreg_rem_dbentry,4,0
__dbreg_revoke_id,10,0
__dbreg_revoke_id_int,3,0
__dbreg_setup,3,0
__dbreg_stat_print,1,0
__dbreg_teardown,2,0
__dbreg_teardown_int,2,0
__dbt_defcmp,5,0
__dbt_ferr,10,0
__dbt_usercopy,26,2
__dbt_userfree,28,0
__dd_abort,1,0
__dd_build,1,0
__dd_find,1,0
__dd_isolder,2,0
__dd_verify,2,0
__del_filelife,1,0
__del_txn_pages,3,0
__destroy_log_vrfy_info,2,0
__env_add_data_dir,2,1
__env_alloc,54,10
__env_alloc_extend,1,0
__env_alloc_free,68,0
__env_alloc_init,2,0
__env_alloc_overhead,2,0
__env_alloc_print,2,0
__env_alloc_size,19,0
__env_attach,5,0
__env_attach_regions,2,0
__env_backup_alloc,3,0
__env_clear_state,1,0
__env_close,5,0
__env_config,2,0
__env_db_rep_exit,73,0
__env_dbreg_setup,3,0
__env_des_destroy,2,0
__env_des_get,3,1
__env_detach,7,0
__env_elem_size,3,0
__env_failchk_int,3,1
__env_failure_remember,1,0
__env_faultmem,3,0
__env_fetch_flags,2,0
__env_fileid_reset,2,0
__env_get_alloc,1,0
__env_get_blob_threshold_int,3,0
__env_get_chunk,2,0
__env_get_encrypt_flags,2,0
__env_get_errcall,1,0
__env_get_errfile,1,0
__env_get_errpfx,1,0
__env_get_msgcall,1,0
__env_get_msgfile,1,0
__env_get_msgpfx,1,0
__env_in_api,1,1
__env_init_rec,5,0
__env_init_rec_47,1,0
__env_init_rec_48,1,0
__env_init_rec_53,1,0
__env_init_rec_60,1,0
__env_init_rec_60p1,1,0
__env_init_verify,1,1
__env_lsn_reset,1,0
__env_map_flags,2,0
__env_mpool,10,1
__env_no_slices,9,0
__env_not_config,112,0
__env_open,3,1
__env_open_arg,1,0
__env_openfiles,3,0
__env_panic,82,0
__env_panic_event,3,0
__env_panic_msg,207,0
__env_panic_set,3,0
__env_print_all,1,0
__env_print_dbenv_all,1,0
__env_print_env_all,1,0
__env_print_fh,1,0
__env_print_stats,1,0
__env_print_thread,1,0
__env_read_db_config,1,0
__env_ref_decrement,1,0
__env_ref_increment,1,0
__env_refresh,7,0
__env_region_attach,7,0
__env_region_cleanup,1,0
__env_region_detach,14,0
__env_region_extend,2,0
__env_region_share,3,0
__env_remove,1,0
__env_remove_env,3,0
__env_remove_file,1,0
__env_rep_enter,45,0
__env_set_alloc,1,0
__env_set_backup,3,0
__env_set_backup_callbacks,1,0
__env_set_backup_config,1,0
__env_set_blob_threshold,1,0
__env_set_create_dir,1,0
__env_set_encrypt,3,0
__env_set_errcall,2,0
__env_set_errfile,2,0
__env_set_errpfx,1,0
__env_set_flags,4,0
__env_set_memory_init,1,0
__env_set_msgcall,1,0
__env_set_msgfile,1,0
__env_set_msgpfx,1,0
__env_set_paniccall,1,0
__env_set_state,224,0
__env_set_thread_count,1,0
__env_set_timeout,3,0
__env_set_verbose,1,0
__env_setup,3,0
__env_size_insert,3,0
__env_stat_print,1,0
__env_struct_sig,1,1
__env_sys_attach,3,0
__env_sys_detach,5,0
__env_thread_destroy,1,0
__env_thread_init,1,0
__env_thread_max,1,0
__env_thread_size,1,0
__env_thread_state_print,1,0
__env_turn_off,1,0
__env_turn_on,1,0
__envreg_add,1,0
__envreg_add_active_pid,2,0
__envreg_create_active_pid,1,0
__envreg_register,1,0
__envreg_unregister,3,0
__envreg_xunlock,1,0
__error,42,4
__file_handle_cleanup,2,0
__find_lsnrg_by_timerg,1,0
__fop_convert_appname,8,0
__fop_create,5,2
__fop_create_42_read,1,0
__fop_create_60_read,2,0
__fop_create_log,1,0
__fop_create_read,3,0
__fop_create_recover_int,2,0
__fop_dbrename,1,0
__fop_dummy,1,0
__fop_file_remove_60_read,2,0
__fop_file_remove_log,1,0
__fop_file_remove_read,2,0
__fop_file_setup,2,0
__fop_init_print,1,0
__fop_init_recover,1,0
__fop_init_verify,1,0
__fop_inmem_create,2,0
__fop_inmem_dummy,1,0
__fop_inmem_read_meta,4,0
__fop_inmem_swap,1,0
__fop_lock_handle,20,5
__fop_ondisk_dummy,1,0
__fop_ondisk_swap,1,0
__fop_read_meta,14,1
__fop_remove,9,0
__fop_remove_60_read,2,0
__fop_remove_log,1,0
__fop_remove_read,2,0
__fop_remove_setup,2,0
__fop_rename,4,0
__fop_rename_42_read,1,0
__fop_rename_42_recover_int,2,0
__fop_rename_60_read,2,0
__fop_rename_60_recover_int,2,0
__fop_rename_log,1,0
__fop_rename_noundo_log,1,0
__fop_rename_read,3,0
__fop_rename_recover_int,2,0
__fop_set_pgsize,1,0
__fop_subdb_setup,1,0
__fop_write,11,0
__fop_write_42_read,1,0
__fop_write_60_read,2,0
__fop_write_file,4,2
__fop_write_file_60_read,2,0
__fop_write_file_log,1,0
__fop_write_file_read,2,0
__fop_write_file_recover_int,2,0
__fop_write_log,1,0
__fop_write_read,3,0
__free_filereg_info,5,0
__free_txninfo,10,0
__free_txninfo_stack,2,0
__get_aborttxn,1,0
__get_filelife,3,1
__get_filereg_by_dbregid,1,1
__get_filereg_info,3,0
__get_last_ckp_info,1,0
__get_latest_timestamp_info,1,1
__get_txn_vrfy_info,7,1
__ham_30_hashmeta,1,0
__ham_30_sizefix,1,0
__ham_add_dup,1,0
__ham_add_el,2,0
__ham_add_ovflpage,4,0
__ham_alloc_pages,1,0
__ham_alloc_pages_42,1,0
__ham_call_hash,2,0
__ham_changeslot_log,1,0
__ham_changeslot_read,2,0
__ham_check_move,1,0
__ham_chgpg_log,7,0
__ham_chgpg_read,2,0
__ham_compact_bucket,1,0
__ham_compact_hash,1,0
__ham_compact_int,1,0
__ham_contract_log,1,0
__ham_contract_read,2,0
__ham_contract_table,2,0
__ham_copy_config,1,0
__ham_copy_data,1,0
__ham_copypage_log,1,0
__ham_copypage_read,2,0
__ham_copypair,5,0
__ham_curadj_log,1,0
__ham_curadj_read,2,0
__ham_db_close,1,0
__ham_db_create,2,0
__ham_dcursor,2,0
__ham_del_pair,8,0
__ham_dirty_meta,10,0
__ham_dpair,3,0
__ham_dsearch,2,0
__ham_dup_convert,3,0
__ham_dup_return,2,0
__ham_dups_unsorted,1,0
__ham_expand_table,1,0
__ham_func4,2,0
__ham_func5,10,0
__ham_get_clist,4,0
__ham_get_cpage,8,0
__ham_get_h_ffactor,1,1
__ham_get_h_nelem,1,1
__ham_get_meta,18,0
__ham_getindex,4,0
__ham_getindex_sorted,1,0
__ham_getindex_unsorted,1,0
__ham_groupalloc_42_read,2,0
__ham_groupalloc_log,1,0
__ham_groupalloc_read,2,0
__ham_init_dbt,2,0
__ham_init_meta,3,0
__ham_init_print,1,0
__ham_init_recover,1,0
__ham_init_verify,1,0
__ham_insdel_42_read,1,0
__ham_insdel_log,4,1
__ham_insdel_read,2,0
__ham_insertpair,4,0
__ham_item,6,0
__ham_item_first,1,0
__ham_item_init,3,0
__ham_item_last,1,0
__ham_item_next,7,1
__ham_item_prev,5,1
__ham_item_reset,3,0
__ham_lock_bucket,2,1
__ham_lookup,2,1
__ham_make_dup,3,0
__ham_merge_pages,1,0
__ham_meta2pgset,1,0
__ham_metachk,1,0
__ham_metagroup_42_read,2,0
__ham_metagroup_log,1,0
__ham_metagroup_read,2,0
__ham_move_offpage,1,0
__ham_mswap,4,0
__ham_new_file,1,0
__ham_new_subdb,1,0
__ham_newpage_log,2,1
__ham_newpage_read,2,0
__ham_next_cpage,6,0
__ham_onpage_replace,3,0
__ham_open,2,0
__ham_overwrite,2,0
__ham_pgin,2,0
__ham_pgout,2,0
__ham_print_cursor,1,0
__ham_quick_delete,1,0
__ham_reclaim,1,0
__ham_release_meta,21,0
__ham_replace_42_read,1,0
__ham_replace_log,3,0
__ham_replace_read,2,0
__ham_replpair,5,0
__ham_return_meta,4,0
__ham_salvage,2,0
__ham_sort_page,3,0
__ham_sort_page_cursor,5,0
__ham_split_page,1,0
__ham_splitdata_log,6,0
__ham_splitdata_read,2,0
__ham_stat,3,0
__ham_stat_print,1,0
__ham_traverse,3,0
__ham_truncate,2,0
__ham_truncate_overflow,2,0
__ham_verify_sorted_page,1,0
__ham_vrfy,1,0
__ham_vrfy_bucket,1,0
__ham_vrfy_hashing,2,0
__ham_vrfy_item,1,0
__ham_vrfy_meta,3,1
__ham_vrfy_structure,2,0
__hamc_chgpg,1,0
__hamc_cmp,1,0
__hamc_count,1,0
__hamc_delpg,2,0
__hamc_dup,1,0
__hamc_init,1,0
__hamc_update,11,0
__hamc_writelock,1,1
__heap_addrem_50_read,1,0
__heap_addrem_60_read,2,0
__heap_addrem_log,15,0
__heap_addrem_read,2,0
__heap_append,2,0
__heap_backup,1,0
__heap_create_region,1,0
__heap_db_close,1,0
__heap_db_create,2,0
__heap_ditem,7,0
__heap_get_heap_regionsize,1,1
__heap_get_heapsize,1,1
__heap_getpage,2,0
__heap_init_meta,2,0
__heap_init_print,1,0
__heap_init_recover,1,0
__heap_init_verify,1,0
__heap_meta2pgset,1,0
__heap_metachk,1,0
__heap_mswap,4,0
__heap_new_file,1,0
__heap_open,1,0
__heap_pg_alloc_log,2,0
__heap_pg_alloc_read,2,0
__heap_pgin,2,0
__heap_pgout,2,0
__heap_pitem,8,0
__heap_print_cursor,1,0
__heap_read_meta,1,0
__heap_safe_gsplit,1,0
__heap_salvage,1,0
__heap_stat,2,0
__heap_stat_print,1,0
__heap_traverse,1,0
__heap_trunc_meta_log,1,0
__heap_trunc_meta_read,2,0
__heap_trunc_page_log,1,0
__heap_trunc_page_read,2,0
__heap_truncate,1,0
__heap_vrfy,1,0
__heap_vrfy_meta,2,0
__heap_vrfy_structure,1,0
__heapc_dup,1,0
__heapc_get,1,0
__heapc_gsplit,3,0
__heapc_init,1,0
__heapc_refresh,1,0
__heapc_reloc,1,0
__heapc_reloc_partial,1,0
__heapc_search,3,0
__heapc_split,3,0
__is_ancestor_txn,2,0
__iterate_txninfo,2,0
__lock_addfamilylocker,5,0
__lock_alloclock,1,0
__lock_allocobj,1,0
__lock_change,3,0
__lock_detect,4,0
__lock_detect_pp,1,0
__lock_downgrade,7,0
__lock_dump_locker,3,0
__lock_dump_object,1,0
__lock_env_create,1,0
__lock_env_destroy,1,0
__lock_env_refresh,1,0
__lock_failchk,1,0
__lock_familyremove,1,0
__lock_fix_list,1,0
__lock_freelock,5,0
__lock_freelocker,2,0
__lock_freelocker_int,4,0
__lock_get,19,1
__lock_get_api,1,0
__lock_get_env_timeout,1,0
__lock_get_internal,5,0
__lock_get_list,2,0
__lock_getlocker,9,0
__lock_getlocker_int,8,1
__lock_getobj,3,0
__lock_id,13,0
__lock_id_free,7,0
__lock_inherit_locks,1,0
__lock_inherit_timeout,1,0
__lock_list_print,1,0
__lock_local_locker_invalidate,1,0
__lock_locker_same_family,1,0
__lock_nomem,4,0
__lock_ohash,3,0
__lock_open,1,0
__lock_print_all,1,0
__lock_print_header,2,0
__lock_print_stats,1,0
__lock_printlock,3,0
__lock_promote,5,0
__lock_put,132,0
__lock_put_internal,6,0
__lock_put_nolock,3,0
__lock_region_detach,2,0
__lock_region_init,1,0
__lock_region_max,1,0
__lock_region_mutex_count,1,0
__lock_region_mutex_max,1,0
__lock_region_size,1,0
__lock_remove_waiter,2,0
__lock_same_family,3,0
__lock_set_env_timeout,3,0
__lock_set_lk_detect,2,0
__lock_set_thread_id,1,0
__lock_set_timeout,7,0
__lock_set_timeout_internal,2,0
__lock_stat,2,0
__lock_stat_print,2,0
__lock_trade,1,0
__lock_vec,16,0
__lock_vec_api,1,0
__lock_wakeup,5,0
__log_archive,3,2
__log_autoremove,5,0
__log_backup,1,0
__log_check_page_lsn,2,0
__log_check_sizes,2,0
__log_current_lsn_int,5,0
__log_cursor,31,1
__log_earliest,1,0
__log_encrypt_record,3,0
__log_env_create,1,0
__log_env_destroy,1,0
__log_env_refresh,1,0
__log_file,1,0
__log_fill,2,0
__log_find,2,0
__log_flush,14,2
__log_flush_commit,1,0
__log_flush_int,5,0
__log_get_cached_ckp_lsn,2,0
__log_get_config,5,2
__log_get_flags,1,0
__log_get_lg_bsize,1,0
__log_get_oldversion,1,0
__log_get_stable_lsn,3,0
__log_hdrswap,11,0
__log_init,1,0
__log_inmem_chkspace,1,0
__log_inmem_copyin,2,0
__log_inmem_copyout,2,0
__log_inmem_lsnoff,3,0
__log_inmem_newfile,1,0
__log_is_outdated,1,0
__log_name,9,1
__log_newfh,3,0
__log_newfile,4,0
__log_open,1,0
__log_persistswap,6,0
__log_print_all,1,0
__log_print_dbreg_setup,1,0
__log_print_record,92,0
__log_print_stats,1,0
__log_printf_int,2,0
__log_printf_pp,1,0
__log_put,2,0
__log_put_next,1,0
__log_put_record_int,2,0
__log_putr,3,0
__log_read_record,1,0
__log_recover,1,0
__log_region_detach,2,0
__log_region_max,1,0
__log_region_mutex_count,1,0
__log_region_mutex_max,1,0
__log_region_size,1,0
__log_rep_put,2,0
__log_rep_write,1,0
__log_set_config,3,0
__log_set_config_int,5,0
__log_set_flags,1,0
__log_set_lg_filemode,1,0
__log_set_lg_max,1,0
__log_set_version,4,0
__log_stat,2,0
__log_stat_print,2,0
__log_valid,6,2
__log_verify,1,0
__log_verify_pp,1,0
__log_vrfy_proc,63,0
__log_vtruncate,3,0
__log_write,5,0
__log_zero,4,0
__logc_close,32,0
__logc_get,70,19
__logc_get_int,3,1
__logc_hdrchk,3,0
__logc_incursor,1,0
__logc_inregion,1,0
__logc_io,3,0
__logc_ondisk,1,0
__logc_set_maxrec,2,2
__logc_shortread,2,0
__logc_version,7,2
__lsn_diff,3,0
__lv_add_recycle_lsn,1,0
__lv_dbreg_str,4,0
__lv_dbregid_to_dbtype,4,4
__lv_dbt_arrsz,1,0
__lv_dbt_str,1,0
__lv_dbtype_str,4,0
__lv_first_offset,1,1
__lv_log_fwdscr_oncmt,2,0
__lv_log_fwdscr_onrec,3,0
__lv_log_mismatch,4,0
__lv_new_logfile_vrfy,1,0
__lv_on_bam_log,10,0
__lv_on_bdbop_err,67,0
__lv_on_ham_log,10,0
__lv_on_heap_log,5,0
__lv_on_new_txn,1,0
__lv_on_nontxn_update,1,0
__lv_on_page_update,31,0
__lv_on_qam_log,5,0
__lv_on_timestamp,2,0
__lv_on_txn_aborted,2,0
__lv_on_txn_logrec,1,0
__lv_open_db,11,11
__lv_pack_filereg,1,0
__lv_pack_txn_vrfy_info,2,0
__lv_setup_logtype_names,1,0
__lv_unpack_filereg,3,0
__lv_unpack_txn_vrfy_info,2,0
__lv_vrfy_for_dbfile,1,0
__memp_add_bucket,1,0
__memp_add_region,1,0
__memp_alloc,10,0
__memp_alloc_freelist,1,0
__memp_backup_close,2,0
__memp_backup_mpf,3,0
__memp_backup_open,2,0
__memp_bh_freeze,1,0
__memp_bh_settxn,3,0
__memp_bh_thaw,5,0
__memp_bh_unreachable,2,0
__memp_bhfree,10,0
__memp_bhwrite,2,2
__memp_close_flush_files,2,0
__memp_dirty,221,186
__memp_discard_all_mpfs,1,0
__memp_env_create,1,0
__memp_env_destroy,1,0
__memp_env_refresh,1,0
__memp_extend_freelist,9,0
__memp_failchk,1,0
__memp_fclose,21,0
__memp_fclose_pp,1,0
__memp_fcreate,10,0
__memp_fcreate_pp,1,0
__memp_fget,344,102
__memp_fget_pp,1,1
__memp_find_obsolete_version,1,0
__memp_fn,14,0
__memp_fns,9,0
__memp_fopen,5,0
__memp_fopen_pp,1,0
__memp_fput,525,4
__memp_fput_pp,1,0
__memp_free,11,0
__memp_free_freelist,1,0
__memp_fsync,6,0
__memp_ftruncate,11,0
__memp_get_bucket,4,0
__memp_get_cachesize,1,0
__memp_get_fileid,2,0
__memp_get_flags,2,0
__memp_get_freelist,8,0
__memp_get_ftype,1,0
__memp_get_last_pgno,6,0
__memp_get_pgcookie,1,0
__memp_get_priority,2,0
__memp_init,3,0
__memp_init_config,1,0
__memp_inmemlist,1,0
__memp_map_regions,1,0
__memp_max_regions,3,0
__memp_merge_buckets,2,0
__memp_mf_discard,5,0
__memp_mf_sync,2,1
__memp_mpf_alloc,1,0
__memp_mpf_find,2,0
__memp_nameop,28,0
__memp_open,1,0
__memp_pg,6,0
__memp_pgread,1,0
__memp_pgwrite,2,0
__memp_print_all,1,0
__memp_print_bh,2,0
__memp_print_hash,1,0
__memp_print_stats,1,0
__memp_region_bhfree,2,0
__memp_region_detach,2,0
__memp_region_mutex_count,1,0
__memp_region_size,3,0
__memp_register,2,0
__memp_remove_bucket,1,0
__memp_remove_region,1,0
__memp_reset_lru,1,0
__memp_resize,1,0
__memp_set_cachesize,4,1
__memp_set_clear_len,2,0
__memp_set_config,10,0
__memp_set_fileid,5,0
__memp_set_flags,20,0
__memp_set_ftype,2,0
__memp_set_last_pgno,3,0
__memp_set_lsn_offset,2,0
__memp_set_maxpgno,2,0
__memp_set_mp_max_openfd,1,0
__memp_set_mp_max_write,1,0
__memp_set_pgcookie,2,0
__memp_shared,2,0
__memp_skip_curadj,21,0
__memp_stat,2,0
__memp_stat_hash,2,0
__memp_stat_print,2,0
__memp_stat_wait,1,0
__memp_sync,5,2
__memp_sync_files,1,0
__memp_sync_int,13,1
__memp_trickle,1,0
__memp_unpin_buffers,1,0
__memp_walk_files,5,0
__mp_xxx_fh,1,1
__mutex_action_print,1,0
__mutex_align_size,3,1
__mutex_alloc,39,2
__mutex_alloc_int,1,0
__mutex_clear,11,0
__mutex_describe,3,0
__mutex_env_refresh,1,0
__mutex_failchk,1,0
__mutex_failchk_single,2,0
__mutex_failchk_thread,1,0
__mutex_free,33,0
__mutex_free_int,3,0
__mutex_open,1,0
__mutex_print_all,1,0
__mutex_print_debug_single,21,0
__mutex_print_debug_stats,4,0
__mutex_print_id,3,0
__mutex_print_stats,1,0
__mutex_print_summary,1,0
__mutex_record_lock,1,0
__mutex_record_print,3,0
__mutex_record_unlock,1,0
__mutex_refresh,2,0
__mutex_region_detach,2,0
__mutex_region_init,1,0
__mutex_region_max,1,0
__mutex_region_size,1,0
__mutex_set_tas_spins,1,0
__mutex_set_wait_info,10,0
__mutex_stat,2,0
__mutex_stat_print,2,0
__op_handle_enter,1,0
__op_rep_enter,5,0
__op_rep_exit,10,0
__os_abspath,12,6
__os_attach,1,0
__os_calloc,88,2
__os_closehandle,84,3
__os_concat_path,11,10
__os_cpu_count,2,0
__os_ctime,25,0
__os_detach,1,0
__os_dirfree,18,0
__os_dirlist,14,4
__os_exists,34,9
__os_fdlock,8,2
__os_fileid,7,0
__os_free,883,0
__os_freeaddrinfo,2,0
__os_fsync,16,1
__os_get_errno,10,2
__os_get_errno_ret_zero,4,4
__os_get_syserr,36,1
__os_getaddrinfo,1,0
__os_getenv,6,1
__os_gettime,54,0
__os_id,10,0
__os_io,9,2
__os_ioinfo,12,6
__os_isroot,2,0
__os_malloc,182,9
__os_map,2,0
__os_mapfile,1,0
__os_mkdir,3,0
__os_open,52,13
__os_openhandle,1,0
__os_physwrite,1,0
__os_posix_err,53,3
__os_random,2,0
__os_read,42,5
__os_realloc,109,8
__os_rename,2,1
__os_rmdir,2,0
__os_seek,50,2
__os_set_errno,8,0
__os_sleep,1,0
__os_srandom,2,0
__os_stack,1,0
__os_stack_msgadd,1,0
__os_stack_text,1,0
__os_stack_top,1,0
__os_strdup,42,1
__os_strerror,3,0
__os_support_db_register,1,1
__os_support_direct_io,2,2
__os_support_replication,1,1
__os_tmpdir,1,0
__os_truncate,3,0
__os_ufree,72,0
__os_umalloc,26,0
__os_unique_id,5,0
__os_unlink,25,1
__os_unmapfile,1,1
__os_urealloc,5,0
__os_write,50,4
__os_yield,37,0
__part_compact,1,0
__part_fileid_reset,1,0
__part_key_range,1,0
__part_lsn_reset,1,0
__part_rr,2,0
__part_search,3,0
__part_truncate,1,0
__part_verify,1,0
__partc_dup,1,0
__partc_get,3,0
__partc_init,1,0
__partition_chk_meta,1,0
__partition_close,2,0
__partition_get_keys,1,0
__partition_init,4,0
__partition_open,2,0
__partition_setup_keys,1,0
__partition_stat,2,0
__partition_sync,1,0
__put_ckp_info,1,0
__put_filelife,3,0
__put_filereg_info,3,0
__put_timestamp_info,2,0
__put_txn_vrfy_info,7,0
__qam_31_qammeta,1,0
__qam_32_qammeta,1,0
__qam_add_log,1,0
__qam_add_read,2,0
__qam_adjust_first,3,0
__qam_append,2,0
__qam_backup_extents,1,0
__qam_consume,3,0
__qam_db_close,1,0
__qam_db_create,2,0
__qam_del_log,2,0
__qam_del_read,2,0
__qam_delete,1,0
__qam_delext_log,2,0
__qam_delext_read,2,0
__qam_exid,2,0
__qam_extent_names,1,0
__qam_fclose,1,0
__qam_fprobe,56,10
__qam_fremove,3,0
__qam_gen_filelist,3,0
__qam_get_extentsize,1,1
__qam_getno,3,0
__qam_incfirst_log,3,0
__qam_incfirst_read,2,0
__qam_init_meta,2,0
__qam_init_print,1,0
__qam_init_recover,1,0
__qam_init_verify,1,0
__qam_lsn_reset,1,0
__qam_map_flags,2,0
__qam_meta2pgset,1,0
__qam_metachk,1,0
__qam_mswap,3,0
__qam_mvptr_log,2,0
__qam_mvptr_read,2,0
__qam_nameop,2,0
__qam_new_file,1,0
__qam_open,1,0
__qam_pgin_out,4,0
__qam_pitem,5,0
__qam_position,9,4
__qam_remove,1,1
__qam_rr,2,0
__qam_salvage,1,0
__qam_set_ext_data,2,0
__qam_set_flags,1,0
__qam_stat,2,0
__qam_stat_print,1,0
__qam_sync,1,0
__qam_truncate,1,0
__qam_vrfy_data,2,0
__qam_vrfy_meta,2,0
__qam_vrfy_structure,1,0
__qam_vrfy_walkqueue,1,0
__qamc_del,1,0
__qamc_dup,1,0
__qamc_get,1,0
__qamc_init,1,0
__queue_pageinfo,2,0
__ram_add,5,0
__ram_append,2,0
__ram_ca,6,0
__ram_ca_delete,2,0
__ram_get_re_len,2,2
__ram_get_re_pad,2,2
__ram_getno,5,0
__ram_map_flags,2,0
__ram_open,1,0
__ram_root,1,0
__ram_set_flags,1,0
__ram_source,1,0
__ram_sread,1,0
__ram_update,6,0
__ram_vrfy_inp,1,0
__ram_vrfy_leaf,1,0
__ram_writeback,1,0
__reg_type,2,0
__rem_last_recycle_lsn,1,0
__rep_abort_prepared,1,0
__rep_add_files_to_list,4,0
__rep_allreq,1,1
__rep_apply,3,1
__rep_await_condition,1,0
__rep_become_readonly_master,1,0
__rep_blob_allreq,1,1
__rep_blob_chunk,1,1
__rep_blob_chunk_gap,1,0
__rep_blob_chunk_marshal,4,0
__rep_blob_chunk_req,1,1
__rep_blob_chunk_req_marshal,1,0
__rep_blob_chunk_req_unmarshal,1,0
__rep_blob_chunk_unmarshal,1,0
__rep_blob_cleanup,2,1
__rep_blob_cmp,4,1
__rep_blob_file_marshal,1,0
__rep_blob_file_unmarshal,2,0
__rep_blob_find_files,1,0
__rep_blob_rereq,1,0
__rep_blob_sort_dirs,2,0
__rep_blob_update,1,1
__rep_blob_update_marshal,1,0
__rep_blob_update_req,1,1
__rep_blob_update_req_marshal,2,0
__rep_blob_update_req_unmarshal,1,0
__rep_blob_update_req_v8_marshal,2,0
__rep_blob_update_req_v8_unmarshal,1,0
__rep_blob_update_unmarshal,2,0
__rep_blobdone,3,0
__rep_bulk_alloc,3,0
__rep_bulk_free,3,0
__rep_bulk_log,1,1
__rep_bulk_marshal,1,0
__rep_bulk_message,4,0
__rep_bulk_page,1,1
__rep_bulk_unmarshal,2,0
__rep_call_partial,4,2
__rep_check_applied,1,0
__rep_check_doreq,9,4
__rep_check_goal,2,0
__rep_check_missing,1,0
__rep_check_view,1,1
__rep_chk_newfile,2,2
__rep_clean_interrupted,1,0
__rep_clear_apilockout,1,0
__rep_client_dbinit,9,3
__rep_close_diagfiles,2,0
__rep_closefiles,4,0
__rep_cmp_vote,2,0
__rep_collect_txn,3,0
__rep_config_map,2,0
__rep_control_marshal,1,0
__rep_control_unmarshal,1,0
__rep_conv_vers,1,0
__rep_do_ckp,1,1
__rep_dorecovery,2,0
__rep_egen_init,1,0
__rep_egen_marshal,4,0
__rep_egen_unmarshal,1,0
__rep_elect_done,6,0
__rep_elect_init,1,0
__rep_elect_int,2,1
__rep_elect_master,3,0
__rep_env_close,1,0
__rep_env_create,1,0
__rep_env_destroy,1,0
__rep_env_refresh,1,0
__rep_filedone,1,0
__rep_fileinfo_marshal,5,0
__rep_fileinfo_unmarshal,4,1
__rep_fileinfo_v6_marshal,5,0
__rep_fileinfo_v6_unmarshal,4,0
__rep_fileinfo_v7_marshal,5,0
__rep_fileinfo_v7_unmarshal,4,0
__rep_find_dbs,2,0
__rep_find_entry,1,0
__rep_finfo_alloc,1,0
__rep_fire_elected,3,0
__rep_fire_event,6,0
__rep_fire_newmaster,1,0
__rep_fire_startupdone,1,0
__rep_flush_int,2,0
__rep_gen_init,1,0
__rep_get_datagen,2,0
__rep_get_file_list,1,0
__rep_get_fileinfo,1,1
__rep_get_lsnhist_data,3,1
__rep_get_maxpermlsn,1,0
__rep_get_timeout,6,0
__rep_getnext,1,0
__rep_grant_info_marshal,1,0
__rep_grant_info_unmarshal,1,0
__rep_grow_sites,2,1
__rep_init_cleanup,6,1
__rep_init_file_list_context,3,0
__rep_internal_init,4,0
__rep_is_internal_rep_file,3,0
__rep_is_replicated_db,1,0
__rep_islease_granted,4,2
__rep_lease_check,7,0
__rep_lease_expire,1,0
__rep_lease_grant,1,1
__rep_lease_refresh,4,0
__rep_lease_table_alloc,2,0
__rep_lease_waittime,2,1
__rep_lockout_api,5,0
__rep_lockout_apply,1,0
__rep_lockout_archive,5,0
__rep_lockout_int,5,0
__rep_lockout_msg,8,0
__rep_log,1,1
__rep_log_backup,5,1
__rep_log_setup,2,0
__rep_log_split,1,0
__rep_loggap_req,4,0
__rep_logready,3,0
__rep_logreq,1,1
__rep_logreq_marshal,2,0
__rep_logreq_unmarshal,1,0
__rep_lsn_hist_data_marshal,1,0
__rep_lsn_hist_data_unmarshal,1,0
__rep_lsn_hist_key_marshal,3,0
__rep_lsn_hist_key_unmarshal,3,0
__rep_mpf_open,2,1
__rep_msg,1,0
__rep_msg_from_old,2,0
__rep_msg_to_old,1,0
__rep_new_master,1,0
__rep_newfile,1,0
__rep_newfile_marshal,4,0
__rep_newfile_unmarshal,1,0
__rep_newmaster_empty,2,0
__rep_nextfile,3,1
__rep_notify_threads,5,0
__rep_open,1,0
__rep_open_sysdb,5,0
__rep_page,2,0
__rep_page_gap,1,0
__rep_page_req,1,0
__rep_page_sendpages,1,0
__rep_pggap_req,3,0
__rep_preclose,2,0
__rep_print,80,0
__rep_print_all,1,0
__rep_print_int,2,0
__rep_print_message,17,0
__rep_print_stats,1,0
__rep_print_system,236,0
__rep_process_message_int,2,1
__rep_process_rec,2,0
__rep_process_txn,2,0
__rep_queue_filedone,1,0
__rep_read_lsn_history,4,0
__rep_remfirst,2,0
__rep_remove_all,1,0
__rep_remove_by_prefix,3,0
__rep_remove_delayed_blobs,1,0
__rep_remove_file,1,0
__rep_remove_init_file,2,0
__rep_remove_logs,2,1
__rep_remove_nimdbs,1,0
__rep_resend_req,6,1
__rep_reset_init,1,0
__rep_restore_prepared,1,0
__rep_rollback,1,0
__rep_save_lsn_hist,1,0
__rep_send_bulk,6,0
__rep_send_message,82,0
__rep_send_throttle,4,0
__rep_send_vote,4,0
__rep_set_config,1,0
__rep_set_nsites_int,5,1
__rep_set_priority_int,2,0
__rep_set_timeout_int,4,1
__rep_set_timeout_pp,1,0
__rep_set_transport_int,3,1
__rep_show_progress,2,0
__rep_skip_msg,24,0
__rep_start_int,2,1
__rep_stat,3,1
__rep_stat_print,2,0
__rep_stat_summary_print,1,0
__rep_syncstate_to_string,1,0
__rep_take_apilockout,1,0
__rep_tally,5,1
__rep_txn_applied,1,0
__rep_unlink_by_list,1,0
__rep_update_grant,1,0
__rep_update_marshal,2,0
__rep_update_req,1,0
__rep_update_setup,1,0
__rep_update_unmarshal,2,0
__rep_verify,1,0
__rep_verify_fail,1,0
__rep_verify_match,3,0
__rep_verify_req,1,0
__rep_view_init,1,0
__rep_viewfile_exists,3,0
__rep_vote1,1,0
__rep_vote2,1,0
__rep_vote_info_marshal,1,0
__rep_vote_info_unmarshal,2,0
__rep_vote_info_v5_marshal,1,0
__rep_vote_info_v5_unmarshal,1,0
__rep_wait,3,0
__rep_walk_blob_dir,1,0
__rep_walk_dir,4,0
__rep_walk_filelist,7,1
__rep_write_egen,2,0
__rep_write_gen,3,0
__rep_write_page,1,0
__repmgr_accept,1,0
__repmgr_add_buffer,14,0
__repmgr_add_dbt,12,0
__repmgr_addrcmp,1,0
__repmgr_alloc_cond,1,0
__repmgr_autostart,2,0
__repmgr_await_cond,2,0
__repmgr_await_drain,1,0
__repmgr_await_gmdbop,2,0
__repmgr_await_threads,2,0
__repmgr_bcast_member_list,1,0
__repmgr_bcast_own_msg,1,0
__repmgr_bcast_parm_refresh,2,0
__repmgr_become_client,5,0
__repmgr_become_master,7,1
__repmgr_bow_out,3,1
__repmgr_build_data_out,3,0
__repmgr_build_msg_out,2,0
__repmgr_bust_connection,11,0
__repmgr_channel,1,1
__repmgr_channel_close,1,1
__repmgr_check_listener,1,0
__repmgr_check_master_listener,1,0
__repmgr_check_timeouts,1,0
__repmgr_chg_prio,1,0
__repmgr_claim_victory,2,0
__repmgr_cleanup_defunct,1,0
__repmgr_cleanup_gmdb_op,4,0
__repmgr_cleanup_netaddr,2,0
__repmgr_close,2,0
__repmgr_close_connection,12,0
__repmgr_compute_response_time,1,0
__repmgr_compute_timeout,1,0
__repmgr_compute_wait_deadline,2,0
__repmgr_connect,3,1
__repmgr_connect_reject_marshal,1,0
__repmgr_connect_reject_unmarshal,1,0
__repmgr_connected_master,4,0
__repmgr_connector_main,1,1
__repmgr_copy_in_added_sites,2,0
__repmgr_create_mutex,2,0
__repmgr_create_mutex_pf,1,0
__repmgr_decr_conn_ref,8,0
__repmgr_defer_op,3,1
__repmgr_deinit,1,0
__repmgr_demote_site,1,0
__repmgr_destroy_conn,14,0
__repmgr_destroy_mutex,3,0
__repmgr_destroy_mutex_pf,1,0
__repmgr_destroy_waiters,3,0
__repmgr_disable_connection,9,0
__repmgr_each_connection,4,0
__repmgr_elect,2,0
__repmgr_elect_main,1,1
__repmgr_env_create,1,0
__repmgr_env_create_pf,1,0
__repmgr_env_destroy,1,0
__repmgr_env_refresh,1,0
__repmgr_failchk,1,0
__repmgr_find_available_peer,1,1
__repmgr_find_commit,1,1
__repmgr_find_site,3,0
__repmgr_find_version_info,4,0
__repmgr_finish_connect,1,0
__repmgr_fire_conn_err_event,4,0
__repmgr_first_try_connections,1,0
__repmgr_format_addr_loc,5,0
__repmgr_format_eid_loc,2,0
__repmgr_format_site_loc,4,0
__repmgr_forward_single_write,2,0
__repmgr_free_cond,2,0
__repmgr_get_nsites,1,0
__repmgr_getaddr,2,0
__repmgr_gm_fwd_marshal,1,0
__repmgr_gm_fwd_unmarshal,1,0
__repmgr_gmdb_version_cmp,2,0
__repmgr_handle_event,1,0
__repmgr_handshake_marshal,1,0
__repmgr_handshake_unmarshal,1,0
__repmgr_hold_master_role,4,0
__repmgr_init,2,0
__repmgr_init_election,8,0
__repmgr_init_new_sites,1,0
__repmgr_init_print,1,0
__repmgr_init_recover,1,0
__repmgr_init_restore,1,0
__repmgr_init_save,1,0
__repmgr_init_waiters,2,0
__repmgr_iovec_init,13,0
__repmgr_is_server,1,0
__repmgr_join,1,0
__repmgr_join_group,4,1
__repmgr_listen,1,0
__repmgr_lock_mutex,88,0
__repmgr_lookup_site,6,1
__repmgr_lsnhist_match,1,0
__repmgr_lsnhist_match_marshal,1,0
__repmgr_lsnhist_match_unmarshal,1,0
__repmgr_make_request_conn,5,0
__repmgr_make_site_readonly_master,1,0
__repmgr_marshal_member_list,4,1
__repmgr_master_is_known,3,1
__repmgr_member_log,2,0
__repmgr_member_metadata_marshal,2,0
__repmgr_member_metadata_unmarshal,2,0
__repmgr_member_read,1,0
__repmgr_membership_data_marshal,3,0
__repmgr_membership_data_unmarshal,1,0
__repmgr_membership_key_marshal,3,0
__repmgr_membership_key_unmarshal,3,0
__repmgr_membr_vers_marshal,2,0
__repmgr_membr_vers_unmarshal,1,0
__repmgr_msg_hdr_marshal,7,0
__repmgr_msg_hdr_unmarshal,4,1
__repmgr_msg_metadata_marshal,1,0
__repmgr_msg_metadata_unmarshal,1,0
__repmgr_net_close,2,0
__repmgr_net_destroy,1,0
__repmgr_new_connection,2,0
__repmgr_new_site,4,0
__repmgr_next_timeout,2,0
__repmgr_open,1,0
__repmgr_parm_refresh_marshal,1,0
__repmgr_parm_refresh_unmarshal,1,0
__repmgr_permlsn_marshal,3,0
__repmgr_permlsn_unmarshal,3,1
__repmgr_prefmas_auto_config,2,0
__repmgr_prefmas_connected,2,0
__repmgr_prefmas_get_wait,2,0
__repmgr_prepare_my_addr,1,0
__repmgr_prepare_simple_input,3,0
__repmgr_print_addr,4,0
__repmgr_print_addrlist,2,0
__repmgr_print_all,1,0
__repmgr_print_conn_err,2,0
__repmgr_print_sites,1,0
__repmgr_print_stats,1,1
__repmgr_propose_version,1,0
__repmgr_queue_destroy,1,0
__repmgr_queue_get,1,0
__repmgr_queue_put,5,0
__repmgr_read_conn,7,1
__repmgr_read_from_site,1,0
__repmgr_read_own_msg,5,0
__repmgr_readv,1,0
__repmgr_refresh_membership,4,0
__repmgr_refresh_selector,1,0
__repmgr_reload_gmdb,2,2
__repmgr_remote_lsnhist,1,1
__repmgr_remove_and_close_site,1,0
__repmgr_remove_site,2,0
__repmgr_repstart,5,0
__repmgr_reset_for_reading,6,0
__repmgr_reset_last_rcvd,1,0
__repmgr_restart,1,0
__repmgr_restart_site_as_client,2,0
__repmgr_retry_connections,1,0
__repmgr_rlse_master_role,4,0
__repmgr_schedule_connection_attempt,7,0
__repmgr_select_loop,1,1
__repmgr_send_broadcast,2,0
__repmgr_send_err_resp,3,0
__repmgr_send_handshake,3,0
__repmgr_send_internal,4,0
__repmgr_send_many,4,0
__repmgr_send_one,5,0
__repmgr_send_own_msg,5,0
__repmgr_send_request,1,1
__repmgr_send_response,1,1
__repmgr_send_sync_msg,13,6
__repmgr_send_v1_handshake,2,0
__repmgr_set_ack_policy,1,0
__repmgr_set_gm_version,2,0
__repmgr_set_incoming_queue_max,1,0
__repmgr_set_incoming_queue_redzone,3,0
__repmgr_set_keepalive,2,0
__repmgr_set_membership,9,0
__repmgr_set_msg_dispatch,2,0
__repmgr_set_nonblock_conn,3,3
__repmgr_set_nonblocking,2,1
__repmgr_set_sites,4,0
__repmgr_set_write_forwarding,4,1
__repmgr_setup_gmdb_op,4,0
__repmgr_share_netaddrs,3,0
__repmgr_signal,9,0
__repmgr_site,1,0
__repmgr_site_by_eid,1,0
__repmgr_site_close,3,0
__repmgr_site_config_int,2,0
__repmgr_site_info_marshal,5,0
__repmgr_site_info_unmarshal,3,0
__repmgr_site_list_int,2,0
__repmgr_stable_lsn,1,0
__repmgr_start_connect,1,0
__repmgr_start_int,2,1
__repmgr_start_msg_threads,2,0
__repmgr_start_selector,2,0
__repmgr_start_takeover,1,0
__repmgr_stat,2,0
__repmgr_stat_print,2,0
__repmgr_stop,2,1
__repmgr_stop_threads,4,0
__repmgr_sync_siteaddr,3,0
__repmgr_thread_failure,4,0
__repmgr_thread_join,10,0
__repmgr_thread_start,5,1
__repmgr_try_one,3,0
__repmgr_turn_on_elections,1,0
__repmgr_unlock_mutex,86,0
__repmgr_update_consumed,2,0
__repmgr_update_membership,2,0
__repmgr_v2handshake_marshal,1,0
__repmgr_v2handshake_unmarshal,1,0
__repmgr_v3handshake_marshal,1,0
__repmgr_v3handshake_unmarshal,1,0
__repmgr_v4connect_reject_marshal,1,0
__repmgr_v4connect_reject_unmarshal,1,0
__repmgr_v4membership_data_unmarshal,1,0
__repmgr_v4site_info_marshal,3,0
__repmgr_v4site_info_unmarshal,3,0
__repmgr_valid_config,1,0
__repmgr_version_confirmation_marshal,1,0
__repmgr_version_confirmation_unmarshal,3,0
__repmgr_version_proposal_marshal,1,0
__repmgr_version_proposal_unmarshal,1,0
__repmgr_wake_main_thread,8,0
__repmgr_wake_msngers,1,0
__repmgr_wake_waiters,6,0
__repmgr_write_iovecs,2,0
__repmgr_write_some,1,0
__repmgr_writev,1,0
__return_txn_pages,1,0
__seq_chk_cachesize,1,0
__seq_close,6,0
__seq_get,4,0
__seq_initial_value,1,0
__seq_open,2,0
__seq_print_all,1,0
__seq_print_stats,1,0
__seq_stat,1,0
__seq_update,2,0
__set_logvrfy_dbfuid,1,0
__shm_mode,1,0
__tuner_analyze_btree,1,0
__tuner_generate_fillfactor_stats,1,0
__tuner_insert_dupdata,2,0
__tuner_insert_kvpair,5,0
__tuner_leaf_dupdata,1,0
__tuner_leaf_dupdata_entries,1,0
__tuner_leaf_page,1,0
__tuner_opd_data,1,0
__tuner_opd_data_entries,1,0
__tuner_opd_page,1,0
__tuner_print_btree_fillfactor,1,0
__tuner_record_dup_pg,3,0
__tuner_record_last_opd,2,0
__tuner_record_leaf_pg,2,0
__tuner_record_ovfl_pg,3,0
__txn_abort,28,2
__txn_activekids,1,0
__txn_add_buffer,3,0
__txn_add_fe_watermark,1,0
__txn_allocate,1,0
__txn_applied,1,0
__txn_begin,33,1
__txn_begin_int,1,0
__txn_build_token,1,0
__txn_checkpoint,4,1
__txn_checkpoint_pp,1,0
__txn_child_log,1,0
__txn_child_read,3,0
__txn_ckp_42_read,1,0
__txn_ckp_log,1,0
__txn_ckp_read,11,3
__txn_close_cursors,4,0
__txn_closeevent,1,0
__txn_commit,19,0
__txn_continue,4,0
__txn_discard_int,2,1
__txn_dispatch_undo,2,1
__txn_doevents,4,0
__txn_dref_fname,1,0
__txn_end,2,0
__txn_env_create,1,0
__txn_env_destroy,1,0
__txn_env_refresh,1,0
__txn_failchk,1,0
__txn_findlastckp,3,0
__txn_flush_fe_files,1,1
__txn_force_abort,2,0
__txn_get_name,1,0
__txn_get_prepared,2,0
__txn_get_readers,3,0
__txn_getactive,2,0
__txn_getckp,6,4
__txn_gid,1,0
__txn_init,1,0
__txn_init_print,1,0
__txn_init_recover,1,0
__txn_init_timeout,1,0
__txn_init_verify,1,0
__txn_isvalid,4,0
__txn_lockevent,4,0
__txn_open,1,0
__txn_openfiles,2,0
__txn_pg_above_fe_watermark,1,1
__txn_preclose,1,0
__txn_prepare_log,1,1
__txn_prepare_read,4,0
__txn_print_all,1,0
__txn_print_stats,1,0
__txn_record_fname,3,0
__txn_recover,2,0
__txn_recycle_id,3,0
__txn_recycle_log,2,0
__txn_recycle_read,2,0
__txn_region_detach,2,0
__txn_region_max,1,0
__txn_region_mutex_count,1,0
__txn_region_mutex_max,1,0
__txn_region_size,1,0
__txn_regop_42_read,1,0
__txn_regop_log,2,0
__txn_regop_read,6,0
__txn_remevent,3,0
__txn_remlock,5,0
__txn_remove_buffer,2,0
__txn_remove_fe_watermark,1,0
__txn_remrem,3,0
__txn_reset,2,0
__txn_reset_fe_watermarks,2,0
__txn_restore_txn,2,0
__txn_set_priority,2,0
__txn_set_timeout,1,0
__txn_started,6,0
__txn_stat,2,0
__txn_stat_print,2,0
__txn_status,1,0
__txn_undo,1,0
__txn_updateckp,2,0
__txn_xa_regop_42_read,1,0
__txn_xa_status,1,0
__ua_memcpy,13,0
__usermem,2,0
__xa_get_txn,6,0
__xa_put_txn,6,0
__xa_thread_enter,2,0
__xa_txn_get_prepared,1,0
abort,1,0
accept,1,1
accept_handshake,2,0
accept_v1_handshake,2,0
addr_chk,1,0
adjust_bulk_response,2,0
atoi,9,0
atol,3,0
available_work,1,0
backtrace,2,0
backtrace_symbols,1,0
backup_data_copy,3,0
backup_dir_clean,2,0
backup_lgconf_chk,2,0
backup_read_data_dir,2,0
backup_read_log_dir,1,0
bad_callback_method,3,0
badend,10,0
badnum,15,0
bind,1,1
bsearch,2,0
calloc,2,1
check_min_log_file,1,0
chmod,1,0
close,10,4
closedir,2,0
configure,1,0
connect,1,1
connected_site,1,1
convert_gmdb,1,0
convprintable,1,0
copy_body,2,0
corrupted_env,3,0
ctime_r,1,0
db_create,12,2
db_env_create,17,15
db_init,3,0
db_replicate_logmsg,10,0
db_sequence_create,1,0
db_strerror,46,0
db_version,28,0
dbt_rdump,5,0
dbt_rprint,4,0
dbt_rrecno,1,0
dbt_to_recno,1,0
dispatch_app_message,1,0
dispatch_msgin,1,0
dump_sub,1,0
enqueue_msg,2,0
env_create,2,0
env_init,2,0
env_init_print,2,0
env_init_print_42,1,0
env_init_print_43,1,0
env_init_print_47,1,0
env_init_print_48,1,0
env_init_print_53,1,0
env_init_print_60,1,0
establish_connection,2,0
exit,7,0
fchmod,1,0
fclose,7,2
fcntl,6,3
ferror,1,0
fflush,4,0
fgetc,2,0
fgets,4,0
finish_gmdb_update,3,0
flatten,1,0
fopen,6,3
fprintf,126,0
free,33,0
free_keys,2,0
freeaddrinfo,1,0
freopen,2,2
fstat,1,0
fsync,1,0
ftruncate,1,0
fwrite,3,1
gai_strerror,1,0
get_channel_connection,2,1
get_eid,2,1
get_opd_size,1,0
get_shared_netaddr,1,0
getaddrinfo,1,0
getchar,5,1
getcwd,1,1
getenv,1,1
getnameinfo,2,0
getopt,14,0
getpagesize,1,0
getpid,1,0
gettimeofday,1,0
getuid,1,0
incr_gm_version,2,0
inet_ntop,2,0
init_dbsite,3,0
isdigit,2,0
isprint,7,1
isspace,2,0
item_size,5,0
item_space,3,0
join_group_at_site,1,0
listen,1,0
load,1,0
localtime,4,1
localtime_r,2,1
log_compare,13,9
lseek,1,0
lsn_arg,4,0
malloc,8,0
marshal_site_data,3,0
marshal_site_key,3,0
memcmp,39,4
message_loop,1,1
mkdir,1,0
mktime,1,1
mlock,1,0
mmap,1,1
msync,1,1
munlock,2,0
munmap,2,1
open,1,0
open_db,1,0
open_rep_db,1,0
opendir,1,1
pipe,1,1
pread,1,0
preferred_master_takeover,1,0
prepare_input,1,0
printf,68,0
process_message,1,0
process_own_msg,1,0
process_parameters,2,0
prog_close,1,0
pthread_attr_destroy,1,1
pthread_cond_broadcast,2,0
pthread_cond_destroy,8,1
pthread_cond_init,5,0
pthread_cond_timedwait,3,0
pthread_cond_wait,3,0
pthread_create,1,0
pthread_join,1,0
pthread_mutex_destroy,1,0
pthread_mutex_init,1,0
pthread_mutex_lock,1,0
pthread_mutex_unlock,1,0
pthread_self,1,0
putdata,1,0
pwrite,1,0
qsort,14,0
raise,2,0
random,1,0
randomize,1,0
read,2,0
read_gmdb,1,0
read_timestamp,1,0
read_version_response,1,0
readdir,1,0
readv,1,1
realloc,8,1
record_permlsn,1,0
refresh_site,4,0
reject_fwd,1,0
rejoin_connections,1,0
rejoin_deferred_election,1,0
remove,3,0
rename,1,0
repmgr_only,5,0
request_self,1,0
rescind_pending,2,0
resolve_collision,1,0
resolve_limbo_int,2,0
resolve_limbo_wrapper,1,0
rheader,1,0
rmdir,1,0
sched_yield,1,0
select,2,2
send,1,1
send_connection,2,0
send_msg_conn,2,0
send_msg_self,1,0
send_permlsn,1,0
send_permlsn_conn,5,0
send_version_response,1,0
serve_join_request,1,0
serve_lsnhist_request,1,0
serve_readonly_master_request,1,0
serve_remove_request,1,0
serve_repmgr_request,1,0
serve_restart_client_request,1,0
set_local_site,1,0
set_signal,5,0
setsockopt,2,1
setup_sending_msg,2,0
setvbuf,2,0
shmat,1,1
shmctl,2,1
shmdt,1,1
shmget,3,3
show_subs,1,0
sigaction,3,2
site_by_addr,1,0
socket,2,1
srandom,1,0
stat,3,0
strcasecmp,31,7
strchr,22,0
strcmp,93,5
strdup,15,10
strerror,22,0
strftime,4,3
strlen,165,3
strncmp,26,3
strrchr,1,0
strsep,1,0
strstr,18,0
strtol,1,1
strtoul,7,1
sum_opd_page_data_entries,1,0
sysconf,1,0
time,37,0
unlink,1,0
usage,39,0
version_check,14,0
vfprintf,2,0
write,2,1
writev,1,1
