IASN1_INTEGER_get,2,0
ASN1_INTEGER_to_BN,1,0
ASN1_OBJECT_free,1,0
ASN1_STRING_free,1,0
ASN1_STRING_new,1,0
ASN1_STRING_print_ex,3,0
ASN1_TIME_check,1,0
ASN1_TIME_print,3,0
ASN1_UTCTIME_print,2,0
ASN1_d2i_bio,1,0
ASN1_i2d_bio,1,0
AUTHORITY_INFO_ACCESS_free,1,0
BASIC_CONSTRAINTS_free,1,0
BIO_clear_flags,2,0
BIO_ctrl,12,0
BIO_dump,2,0
BIO_f_base64,1,0
BIO_free,23,0
BIO_free_all,1,0
BIO_get_callback_arg,2,0
BIO_new,15,0
BIO_new_file,5,0
BIO_new_fp,2,0
BIO_new_socket,1,0
BIO_printf,27,0
BIO_push,1,0
BIO_puts,11,0
BIO_read,10,1
BIO_s_file,2,0
BIO_s_mem,10,0
BIO_set_callback,3,0
BIO_set_callback_arg,3,0
BIO_set_flags,2,0
BIO_vfree,1,0
BIO_write,1,0
BN_bn2dec,1,0
BN_dec2bn,1,0
BN_free,1,0
BN_num_bits,1,0
CONF_modules_unload,1,0
CRYPTO_add_lock,7,0
CRYPTO_free,4,0
CRYPTO_malloc,1,1
CRYPTO_num_locks,1,0
CRYPTO_set_dynlock_create_callback,2,0
CRYPTO_set_dynlock_destroy_callback,2,0
CRYPTO_set_dynlock_lock_callback,2,0
CRYPTO_set_id_callback,2,0
CRYPTO_set_locking_callback,2,0
CRYPTO_set_mem_functions,2,0
DH_free,2,0
DH_new,1,0
EC_GROUP_get_curve_name,1,0
EC_KEY_new_by_curve_name,1,0
ENGINE_by_id,2,1
ENGINE_cleanup,1,0
ENGINE_ctrl,1,0
ENGINE_free,2,0
ENGINE_get_first,1,0
ENGINE_get_id,1,0
ENGINE_get_name,1,0
ENGINE_get_next,1,0
ENGINE_load_builtin_engines,1,0
ENGINE_set_default,1,1
ERR_clear_error,9,0
ERR_error_string_n,1,0
ERR_get_error,2,0
ERR_load_crypto_strings,1,0
ERR_peek_error,3,2
ERR_peek_error_line_data,1,0
ERR_peek_last_error,1,0
ERR_print_errors,5,0
ERR_print_errors_fp,1,0
ERR_put_error,2,0
ERR_remove_state,1,0
EVP_DecryptInit_ex,1,0
EVP_EncryptInit_ex,1,0
EVP_PKEY_bits,3,0
EVP_PKEY_free,3,0
EVP_PKEY_type,1,0
EVP_aes_128_cbc,2,0
EVP_cleanup,1,0
EVP_read_pw_string,1,0
EVP_sha1,1,0
EVP_sha256,2,0
HMAC_Init_ex,2,0
OBJ_cmp,1,1
OBJ_nid2ln,2,0
OBJ_nid2sn,1,0
OBJ_obj2nid,5,0
OBJ_txt2obj,1,1
OCSP_BASICRESP_free,3,0
OCSP_CERTID_dup,1,0
OCSP_CERTID_free,1,0
OCSP_REQUEST_add_ext,1,0
OCSP_REQUEST_free,2,0
OCSP_REQUEST_new,2,0
OCSP_RESPONSE_free,4,0
OCSP_basic_verify,1,1
OCSP_cert_to_id,2,1
OCSP_check_nonce,1,1
OCSP_check_validity,2,1
OCSP_request_add0_id,2,1
OCSP_request_add1_nonce,1,0
OCSP_resp_find_status,2,2
OCSP_response_create,1,0
OCSP_response_get1_basic,2,2
OCSP_response_status,3,0
OCSP_response_status_str,1,0
OPENSSL_add_all_algorithms_noconf,1,0
OPENSSL_load_builtin_modules,1,0
PEM_X509_INFO_read_bio,1,0
PEM_read_bio_DHparams,1,0
PEM_read_bio_ECPKParameters,1,0
PEM_read_bio_PrivateKey,1,0
PEM_read_bio_X509,2,0
PEM_write_bio_X509,1,0
RAND_egd,1,0
RAND_pseudo_bytes,1,0
RAND_seed,6,0
RAND_status,1,1
SRP_VBASE_free,1,0
SRP_VBASE_get_by_user,1,0
SRP_VBASE_init,1,1
SRP_VBASE_new,1,1
SSL_CIPHER_get_bits,3,0
SSL_CIPHER_get_name,4,0
SSL_CIPHER_get_version,1,0
SSL_CONF_CTX_finish,1,1
SSL_CONF_CTX_free,2,0
SSL_CONF_CTX_new,1,0
SSL_CONF_CTX_set_flags,3,0
SSL_CONF_CTX_set_ssl_ctx,1,0
SSL_CONF_cmd,1,1
SSL_CONF_cmd_value_type,1,0
SSL_CTX_callback_ctrl,3,2
SSL_CTX_check_private_key,2,2
SSL_CTX_ctrl,26,0
SSL_CTX_free,1,0
SSL_CTX_get0_certificate,2,2
SSL_CTX_get_cert_store,4,1
SSL_CTX_get_client_CA_list,1,1
SSL_CTX_get_ex_data,1,0
SSL_CTX_get_verify_callback,1,0
SSL_CTX_get_verify_mode,1,0
SSL_CTX_load_verify_locations,1,1
SSL_CTX_new,2,1
SSL_CTX_sess_set_get_cb,1,0
SSL_CTX_sess_set_new_cb,1,0
SSL_CTX_sess_set_remove_cb,1,0
SSL_CTX_set_cipher_list,2,2
SSL_CTX_set_client_CA_list,1,0
SSL_CTX_set_client_cert_cb,1,0
SSL_CTX_set_default_passwd_cb,1,0
SSL_CTX_set_ex_data,1,0
SSL_CTX_set_info_callback,2,0
SSL_CTX_set_srp_cb_arg,1,0
SSL_CTX_set_srp_username_callback,1,0
SSL_CTX_set_timeout,1,0
SSL_CTX_set_tmp_dh_callback,1,0
SSL_CTX_set_verify,1,0
SSL_CTX_use_PrivateKey,1,0
SSL_CTX_use_PrivateKey_file,1,1
SSL_CTX_use_certificate_chain,1,1
SSL_CTX_use_certificate_chain_file,1,1
SSL_CTX_use_certificate_file,1,1
SSL_SESSION_get_compress_id,1,0
SSL_SESSION_get_id,3,0
SSL_SESSION_get_time,1,0
SSL_SESSION_id2sz,2,0
SSL_SESSION_print,1,0
SSL_SESSION_set_timeout,1,0
SSL_X509_INFO_load_file,2,0
SSL_X509_INFO_load_path,1,0
SSL_X509_NAME_ENTRY_to_string,3,0
SSL_X509_NAME_to_string,3,0
SSL_X509_getBC,1,1
SSL_X509_getIDs,1,1
SSL_X509_match_name,2,2
SSL_accept,1,1
SSL_alert_desc_string_long,2,0
SSL_alert_type_string_long,2,0
SSL_connect,1,1
SSL_ctrl,13,1
SSL_do_handshake,4,0
SSL_free,4,0
SSL_get_SSL_CTX,1,0
SSL_get_app_data2,1,0
SSL_get_certificate,4,0
SSL_get_ciphers,2,0
SSL_get_client_CA_list,1,1
SSL_get_current_cipher,6,1
SSL_get_error,5,1
SSL_get_ex_data,16,0
SSL_get_ex_data_X509_STORE_CTX_idx,2,0
SSL_get_ex_new_index,1,0
SSL_get_peer_cert_chain,5,2
SSL_get_peer_certificate,13,4
SSL_get_privatekey,1,0
SSL_get_rbio,4,0
SSL_get_servername,4,1
SSL_get_session,3,0
SSL_get_srp_userinfo,1,0
SSL_get_srp_username,3,0
SSL_get_verify_depth,1,0
SSL_get_verify_mode,2,1
SSL_get_verify_result,4,3
SSL_get_version,3,0
SSL_init_app_data2_idx,1,0
SSL_library_init,2,0
SSL_load_client_CA_file,1,0
SSL_load_error_strings,2,0
SSL_new,2,2
SSL_read,2,2
SSL_read_PrivateKey,1,0
SSL_renegotiate,1,0
SSL_set_SSL_CTX,1,0
SSL_set_accept_state,1,0
SSL_set_app_data2,2,0
SSL_set_bio,2,0
SSL_set_cipher_list,1,1
SSL_set_connect_state,1,0
SSL_set_ex_data,2,0
SSL_set_session_id_context,3,1
SSL_set_shutdown,1,0
SSL_set_srp_server_param,1,0
SSL_set_state,1,0
SSL_set_verify,4,0
SSL_set_verify_result,3,0
SSL_shutdown,2,0
SSL_smart_shutdown,1,0
SSL_state,7,3
SSL_state_string_long,7,0
SSL_write,2,2
SSLeay,1,1
SSLeay_version,2,0
SSLv23_client_method,3,0
SSLv23_server_method,1,0
SSLv3_client_method,2,0
SSLv3_server_method,1,0
TLSv1_1_client_method,2,0
TLSv1_1_server_method,1,0
TLSv1_2_client_method,2,0
TLSv1_2_server_method,1,0
TLSv1_client_method,2,0
TLSv1_server_method,1,0
X509V3_EXT_print,1,1
X509_EXTENSION_get_data,1,0
X509_NAME_ENTRY_get_data,1,0
X509_NAME_ENTRY_get_object,2,0
X509_NAME_cmp,3,2
X509_NAME_free,1,0
X509_NAME_get_entry,1,0
X509_NAME_get_index_by_NID,1,0
X509_NAME_oneline,4,0
X509_NAME_print_ex,2,0
X509_STORE_CTX_cleanup,3,0
X509_STORE_CTX_free,1,0
X509_STORE_CTX_get1_chain,1,1
X509_STORE_CTX_get1_issuer,1,0
X509_STORE_CTX_get_current_cert,3,0
X509_STORE_CTX_get_error,3,0
X509_STORE_CTX_get_error_depth,1,0
X509_STORE_CTX_get_ex_data,1,0
X509_STORE_CTX_init,3,0
X509_STORE_CTX_new,1,1
X509_STORE_CTX_set_depth,1,0
X509_STORE_CTX_set_error,6,0
X509_STORE_CTX_set_ex_data,1,0
X509_STORE_load_locations,2,1
X509_STORE_set_flags,1,0
X509_check_issued,2,1
X509_check_private_key,1,1
X509_cmp_current_time,2,1
X509_digest,1,0
X509_email_free,1,0
X509_free,18,0
X509_get1_ocsp,1,0
X509_get_ex_data,2,1
X509_get_ex_new_index,1,0
X509_get_ext,1,0
X509_get_ext_count,2,0
X509_get_ext_d2i,3,1
X509_get_issuer_name,8,2
X509_get_pubkey,2,0
X509_get_serialNumber,2,0
X509_get_subject_name,8,0
X509_set_ex_data,1,0
X509_verify_cert,2,2
X509_verify_cert_error_string,7,0
_OSSwapInt16,6,0
_OSSwapInt32,8,0
__builtin___memcpy_chk,182,0
__builtin___memmove_chk,6,0
__builtin___memset_chk,351,16
__builtin___strcat_chk,6,0
__builtin___strcpy_chk,23,0
__builtin___strncat_chk,1,0
__builtin___strncpy_chk,3,0
__builtin_constant_p,14,0
__builtin_memcpy,2,0
__builtin_object_size,572,0
__builtin_va_end,26,0
__builtin_va_start,26,0
__error,92,8
__sigbits,3,0
_advance,5,0
abort,6,0
accept,1,1
access,1,0
accessible,2,2
add_alias_internal,2,0
add_alt,1,0
add_any_filter,2,0
add_any_filter_handle,3,0
add_cl,2,0
add_client,1,1
add_cookie,1,0
add_custom_log,1,0
add_envvars,2,0
add_extension_info,1,0
add_filter,2,0
add_include_vars,1,0
add_include_vars_lazy,2,0
add_log_id,2,0
add_name_vhost_config,3,0
add_optional_notes,9,0
add_pass,2,0
add_password,3,0
add_proxy,2,0
add_redirect_internal,3,0
add_setenvif_core,2,0
add_ssi_vars,1,0
add_te_chunked,1,0
add_unless_null,6,0
add_vary,2,0
address,2,2
ajp_alloc_data_msg,1,1
ajp_handle_cping_cpong,1,1
ajp_ilink_receive,2,2
ajp_ilink_send,3,2
ajp_log_overflow,12,0
ajp_marshal_into_msgb,1,1
ajp_msg_append_string_ex,21,2
ajp_msg_append_uint16,6,1
ajp_msg_append_uint8,18,14
ajp_msg_check_header,1,1
ajp_msg_create,4,3
ajp_msg_dump,1,1
ajp_msg_end,1,0
ajp_msg_get_string,3,3
ajp_msg_get_uint16,6,3
ajp_msg_get_uint8,5,4
ajp_msg_log,6,0
ajp_msg_peek_uint16,1,1
ajp_msg_peek_uint8,2,1
ajp_msg_reset,7,0
ajp_msg_reuse,2,1
ajp_msg_serialize_cping,1,1
ajp_parse_data,1,0
ajp_parse_header,1,1
ajp_parse_reuse,1,0
ajp_parse_type,2,0
ajp_read_header,2,2
ajp_send_data_msg,2,2
ajp_send_header,1,1
ajp_type_str,8,0
ajp_unmarshal_response,1,0
alias_match,2,0
alias_matches,2,1
alloc_listener,1,0
alloc_outbuf,4,0
alloc_reptr,3,1
allowed_port,1,1
analyze_ct,1,0
ap_abort_on_oom,5,0
ap_add_cgi_vars,5,0
ap_add_common_vars,5,0
ap_add_file_conf,1,0
ap_add_if_conf,1,0
ap_add_input_filter,8,0
ap_add_input_filter_handle,4,0
ap_add_loaded_module,1,0
ap_add_module,2,0
ap_add_module_commands,2,0
ap_add_node,2,0
ap_add_output_filter,13,0
ap_add_output_filter_handle,17,0
ap_add_per_dir_conf,1,0
ap_add_per_proxy_conf,1,0
ap_add_per_url_conf,1,0
ap_add_version_component,6,0
ap_allow_options,9,4
ap_allow_standard_methods,2,0
ap_append_pid,4,0
ap_apply_accept_filter,2,0
ap_auth_name,13,4
ap_auth_type,9,2
ap_bin2hex,5,0
ap_bucket_eoc_create,2,0
ap_bucket_eoc_make,1,0
ap_bucket_eor_create,1,0
ap_bucket_eor_make,1,0
ap_bucket_error_create,7,0
ap_bucket_error_make,1,0
ap_build_config,3,2
ap_build_config_sub,2,0
ap_build_cont_config,3,0
ap_cache_cacheable_headers,2,0
ap_cache_cacheable_headers_in,2,0
ap_cache_cacheable_headers_out,2,0
ap_cache_check_no_cache,1,0
ap_cache_check_no_store,2,0
ap_cache_control,4,0
ap_cache_current_age,1,1
ap_cache_generate_name,4,0
ap_calc_scoreboard_size,2,0
ap_calloc,5,0
ap_cfg_closefile,9,0
ap_cfg_getline,5,0
ap_cfg_getline_core,2,0
ap_check_cmd_context,76,2
ap_check_mpm,1,1
ap_cleanup_shared_mem,1,0
ap_clear_auth_internal,1,0
ap_clear_method_list,2,0
ap_close_listeners,4,0
ap_condition_if_match,2,0
ap_condition_if_modified_since,2,0
ap_condition_if_none_match,2,0
ap_condition_if_range,3,0
ap_condition_if_unmodified_since,2,0
ap_construct_url,11,0
ap_content_type_tolower,1,0
ap_context_document_root,3,0
ap_context_prefix,3,0
ap_cookie_check_string,1,0
ap_cookie_read,2,0
ap_cookie_remove,1,0
ap_cookie_remove2,1,0
ap_cookie_write,2,0
ap_cookie_write2,2,0
ap_copy_method_list,1,0
ap_copy_scoreboard_worker,2,0
ap_core_reorder_directories,2,0
ap_core_translate,2,1
ap_count_dirs,2,0
ap_create_conn_config,1,0
ap_create_environment,3,0
ap_create_per_dir_config,9,0
ap_create_request_config,5,0
ap_create_sb_handle,1,0
ap_dbd_open,2,0
ap_dbd_prepare,1,0
ap_dbd_sql_init,1,0
ap_default_log_writer_init,1,0
ap_destroy_sub_req,29,0
ap_die,12,0
ap_directory_walk,1,0
ap_discard_request_body,12,0
ap_document_root,7,1
ap_dump_mutexes,1,0
ap_escape_errorlog_item,3,0
ap_escape_html2,128,0
ap_escape_logitem,25,0
ap_escape_path_segment,3,0
ap_escape_path_segment_buffer,1,0
ap_escape_quotes,2,0
ap_escape_shell_cmd,6,0
ap_escape_urlencoded,2,0
ap_escape_urlencoded_buffer,3,0
ap_exists_config_define,12,2
ap_exists_scoreboard_image,1,1
ap_explode_recent_gmt,1,0
ap_explode_recent_localtime,3,0
ap_expr_binary_op_make,1,0
ap_expr_eval,5,0
ap_expr_eval_binary_op,1,0
ap_expr_eval_comp,2,0
ap_expr_eval_re_backref,1,0
ap_expr_eval_string_func,1,0
ap_expr_eval_unary_op,1,0
ap_expr_eval_var,1,0
ap_expr_eval_word,49,0
ap_expr_exec,7,2
ap_expr_exec_ctx,3,2
ap_expr_exec_re,3,1
ap_expr_info_make,5,0
ap_expr_init,1,0
ap_expr_list_func_make,1,0
ap_expr_lookup_default,1,0
ap_expr_make,36,0
ap_expr_parse,3,1
ap_expr_parse_cmd_mi,20,0
ap_expr_str_exec,14,2
ap_expr_str_exec_re,1,0
ap_expr_str_func_make,2,0
ap_expr_unary_op_make,1,0
ap_expr_var_make,1,0
ap_expr_yy_create_buffer,2,0
ap_expr_yy_delete_buffer,2,0
ap_expr_yy_flush_buffer,1,0
ap_expr_yy_init_buffer,2,0
ap_expr_yy_load_buffer_state,6,0
ap_expr_yy_scan_buffer,1,1
ap_expr_yy_scan_bytes,1,0
ap_expr_yy_switch_to_buffer,1,0
ap_expr_yyalloc,8,0
ap_expr_yyensure_buffer_stack,4,0
ap_expr_yyerror,2,0
ap_expr_yyfree,5,0
ap_expr_yylex,1,0
ap_expr_yylex_destroy,1,0
ap_expr_yylex_init,1,0
ap_expr_yyparse,1,0
ap_expr_yypop_buffer_state,1,0
ap_expr_yyrealloc,4,0
ap_expr_yyrestart,2,0
ap_expr_yyset_extra,3,0
ap_fatal_signal_child_setup,1,0
ap_fatal_signal_setup,2,0
ap_fcgi_begin_request_body_to_array,1,0
ap_fcgi_encode_env,1,0
ap_fcgi_encoded_env_len,1,1
ap_fcgi_fill_in_header,5,0
ap_fcgi_fill_in_request_body,1,0
ap_fcgi_header_fields_from_array,1,0
ap_fcgi_header_to_array,5,0
ap_fflush,5,0
ap_field_noparam,5,0
ap_file_walk,1,0
ap_finalize_request_protocol,11,0
ap_finalize_sub_req_protocol,1,0
ap_find_child_by_pid,1,1
ap_find_command,1,0
ap_find_command_in_modules,2,1
ap_find_etag_strong,3,0
ap_find_etag_weak,1,0
ap_find_last_token,3,0
ap_find_linked_module,3,0
ap_find_module_short_name,1,0
ap_find_path_info,3,0
ap_find_token,6,1
ap_fini_vhost_config,2,0
ap_fixup_virtual_hosts,2,0
ap_flush_conn,4,0
ap_fprintf,3,0
ap_fputstrs,5,1
ap_get_brigade,60,17
ap_get_client_block,4,1
ap_get_conn_socket,9,0
ap_get_input_filter_handle,4,0
ap_get_limit_req_body,3,0
ap_get_limit_xml_body,1,0
ap_get_list_item,4,0
ap_get_loadavg,2,0
ap_get_local_host,1,0
ap_get_mime_headers,2,0
ap_get_mime_headers_core,2,0
ap_get_output_filter_handle,2,1
ap_get_remote_host,12,1
ap_get_remote_logname,6,0
ap_get_request_note,3,0
ap_get_scoreboard_process,8,2
ap_get_scoreboard_worker_from_indexes,2,0
ap_get_server_banner,10,0
ap_get_server_built,6,0
ap_get_server_description,8,0
ap_get_server_name,16,0
ap_get_server_name_for_url,7,0
ap_get_server_port,13,1
ap_get_server_protocol,4,0
ap_get_server_revision,1,0
ap_get_sload,2,0
ap_get_status_line,4,0
ap_get_token,12,2
ap_getline,2,0
ap_getparents,3,0
ap_getword,26,0
ap_getword_conf,98,2
ap_getword_conf_nc,1,1
ap_getword_nc,1,0
ap_getword_nulls,6,1
ap_getword_white,16,3
ap_global_mutex_create,9,5
ap_gname2id,2,0
ap_hook_access_checker,2,0
ap_hook_access_checker_ex,1,0
ap_hook_auth_checker,1,0
ap_hook_check_access,3,0
ap_hook_check_access_ex,2,0
ap_hook_check_authn,6,0
ap_hook_check_authz,3,0
ap_hook_check_config,6,0
ap_hook_check_user_id,1,0
ap_hook_child_init,13,0
ap_hook_child_status,1,0
ap_hook_create_connection,1,0
ap_hook_create_request,2,0
ap_hook_default_port,2,0
ap_hook_dirwalk_stat,1,0
ap_hook_drop_privileges,1,0
ap_hook_expr_lookup,3,0
ap_hook_fixups,17,0
ap_hook_generate_log_id,2,0
ap_hook_get_suexec_identity,2,0
ap_hook_handler,17,0
ap_hook_header_parser,1,0
ap_hook_http_scheme,2,0
ap_hook_insert_error_filter,4,0
ap_hook_insert_filter,7,0
ap_hook_insert_network_bucket,1,0
ap_hook_log_transaction,4,0
ap_hook_map_to_storage,5,0
ap_hook_monitor,1,0
ap_hook_mpm,1,0
ap_hook_mpm_get_name,1,0
ap_hook_mpm_query,1,0
ap_hook_mpm_register_timed_callback,1,0
ap_hook_note_auth_failure,3,0
ap_hook_open_htaccess,1,0
ap_hook_open_logs,3,0
ap_hook_optional_fn_retrieve,3,0
ap_hook_post_config,28,0
ap_hook_post_read_request,8,0
ap_hook_pre_config,20,0
ap_hook_pre_connection,4,0
ap_hook_pre_mpm,1,0
ap_hook_pre_read_request,1,0
ap_hook_process_connection,2,0
ap_hook_quick_handler,2,0
ap_hook_session_decode,1,0
ap_hook_session_encode,1,0
ap_hook_session_load,2,0
ap_hook_session_save,2,0
ap_hook_test_config,4,0
ap_hook_translate_name,9,0
ap_hook_type_checker,4,0
ap_ht_time,9,0
ap_if_walk,2,0
ap_increment_counts,1,0
ap_ind,3,0
ap_index_of_response,9,1
ap_init_rng,1,0
ap_init_scoreboard,2,0
ap_init_vhost_config,1,0
ap_init_virtual_host,1,0
ap_internal_fast_redirect,3,0
ap_internal_redirect,4,0
ap_internal_redirect_handler,3,0
ap_invoke_handler,4,1
ap_is_directory,6,1
ap_is_initial_req,11,8
ap_is_matchexp,2,0
ap_is_recursion_limit_exceeded,4,1
ap_is_url,10,3
ap_lingering_close,1,0
ap_list_provider_groups,1,0
ap_list_provider_names,9,1
ap_listen_pre_config,1,0
ap_location_walk,2,0
ap_log_assert,40,0
ap_log_cerror_,106,0
ap_log_command_line,1,0
ap_log_cserror_,3,0
ap_log_error_,668,0
ap_log_perror_,43,0
ap_log_pid,1,0
ap_log_rerror_,1009,0
ap_log_set_writer,3,0
ap_log_set_writer_init,3,0
ap_lookup_provider,26,17
ap_make_content_type,3,0
ap_make_dirstr_parent,21,0
ap_make_etag,3,0
ap_make_full_path,15,0
ap_make_method_list,3,0
ap_malloc,9,0
ap_matches_request_vhost,2,1
ap_md5,13,0
ap_md5_binary,3,1
ap_md5contextTo64,1,0
ap_md5digest,1,0
ap_meets_conditions,9,0
ap_merge_log_config,2,0
ap_merge_per_dir_configs,15,0
ap_method_list_add,1,0
ap_method_number_of,10,0
ap_method_register,4,0
ap_method_registry_init,2,0
ap_mpm_dump_pidfile,1,0
ap_mpm_podx_check,1,0
ap_mpm_podx_killpg,5,0
ap_mpm_podx_open,1,1
ap_mpm_podx_signal,1,0
ap_mpm_query,30,4
ap_mpm_safe_kill,1,0
ap_mutex_init,2,0
ap_mutex_register,9,0
ap_new_log_config,2,0
ap_no2slash,1,0
ap_note_auth_failure,6,0
ap_open_piped_log,1,0
ap_open_piped_log_ex,1,0
ap_open_stderr_log,1,0
ap_os_create_privileged_process,1,0
ap_os_escape_path,45,0
ap_os_is_path_absolute,5,0
ap_parse_form_data,1,0
ap_parse_htaccess,1,0
ap_parse_log_level,3,1
ap_parse_mutex,1,0
ap_parse_uri,9,0
ap_parse_vhost_addrs,1,0
ap_pass_brigade,134,11
ap_pass_brigade_fchk,3,0
ap_pbase64decode,6,0
ap_pbase64encode,5,0
ap_pcfg_open_custom,2,0
ap_pcfg_openfile,7,5
ap_pcfg_strerror,3,0
ap_piped_log_write_fd,1,0
ap_pop_pool,1,0
ap_pregcomp,25,1
ap_pregfree,2,0
ap_pregsub,5,2
ap_pregsub_ex,1,0
ap_process_async_request,2,0
ap_process_child_status,2,0
ap_process_config_tree,2,1
ap_process_fnmatch_configs,1,0
ap_process_http_async_connection,1,0
ap_process_http_sync_connection,1,0
ap_process_request,1,0
ap_process_request_after_handler,1,0
ap_process_request_internal,6,1
ap_process_resource_config,2,1
ap_proxy_acquire_connection,6,0
ap_proxy_ajp_request,1,0
ap_proxy_backend_broke,3,0
ap_proxy_c2hex,2,0
ap_proxy_canon_netloc,8,7
ap_proxy_canonenc,12,0
ap_proxy_checkproxyblock2,4,3
ap_proxy_clean_warnings,1,0
ap_proxy_clear_connection,1,0
ap_proxy_conn_is_https,1,0
ap_proxy_connect_backend,6,6
ap_proxy_connect_to_backend,1,0
ap_proxy_connection_create,3,0
ap_proxy_cookie_reverse_map,1,0
ap_proxy_create_hdrbrgd,2,2
ap_proxy_define_balancer,4,0
ap_proxy_define_worker,7,1
ap_proxy_determine_connection,5,0
ap_proxy_find_balancershm,1,1
ap_proxy_find_workershm,1,1
ap_proxy_get_balancer,7,0
ap_proxy_get_worker,7,3
ap_proxy_hashfunc,11,0
ap_proxy_hex2c,3,0
ap_proxy_http_cleanup,1,0
ap_proxy_http_process_response,1,0
ap_proxy_http_request,1,1
ap_proxy_initialize_balancer,1,1
ap_proxy_initialize_worker,7,2
ap_proxy_is_domainname,1,0
ap_proxy_is_hostname,1,0
ap_proxy_is_ipaddr,1,0
ap_proxy_is_word,1,0
ap_proxy_location_reverse_map,1,0
ap_proxy_parse_wstatus,2,0
ap_proxy_pass_brigade,6,0
ap_proxy_port_of_scheme,4,0
ap_proxy_post_request,1,0
ap_proxy_pre_http_request,1,0
ap_proxy_pre_request,1,0
ap_proxy_read_headers,1,0
ap_proxy_release_connection,12,0
ap_proxy_retry_worker,1,0
ap_proxy_set_wstatus,6,0
ap_proxy_share_balancer,1,1
ap_proxy_share_worker,2,2
ap_proxy_ssl_connection_cleanup,1,0
ap_proxy_ssl_disable,3,0
ap_proxy_ssl_enable,2,2
ap_proxy_ssl_val,4,4
ap_proxy_strncpy,29,8
ap_proxy_sync_balancer,3,0
ap_proxy_trans_match,2,0
ap_proxy_update_balancer,2,0
ap_proxy_valid_balancer_name,4,0
ap_proxy_worker_name,18,0
ap_proxy_wstunnel_request,1,0
ap_proxyerror,24,0
ap_proxygetline,2,0
ap_psignature,8,0
ap_pstr2_alnum,2,0
ap_push_pool,10,0
ap_queue_info_create,1,1
ap_queue_info_get_idlers,4,0
ap_queue_info_set_idle,1,1
ap_queue_info_term,1,0
ap_queue_info_try_get_idler,1,0
ap_queue_info_wait_for_idler,1,0
ap_queue_init,1,1
ap_queue_interrupt_all,2,0
ap_queue_pop_something,1,1
ap_queue_push,2,2
ap_queue_push_timer,1,0
ap_queue_term,1,0
ap_random_insecure_bytes,4,0
ap_random_parent_after_fork,1,0
ap_random_pick,2,0
ap_rationalize_mtime,2,0
ap_read_config,2,2
ap_read_pid,1,1
ap_read_request,2,0
ap_recent_ctime,1,0
ap_recent_ctime_ex,2,0
ap_recent_rfc822_date,3,0
ap_reclaim_child_processes,3,0
ap_regcomp,3,0
ap_regexec,23,3
ap_regexec_len,2,0
ap_regfree,3,0
ap_register_auth_provider,26,0
ap_register_config_hooks,1,0
ap_register_errorlog_handler,16,0
ap_register_extra_mpm_process,1,0
ap_register_hooks,2,0
ap_register_input_filter,13,0
ap_register_log_hooks,1,0
ap_register_output_filter,31,0
ap_register_output_filter_protocol,1,0
ap_register_provider,15,0
ap_regname,4,0
ap_relieve_child_processes,2,0
ap_remove_input_filter,20,0
ap_remove_loaded_module,1,0
ap_remove_module,1,0
ap_remove_output_filter,64,0
ap_remove_pid,2,0
ap_reopen_scoreboard,1,0
ap_replace_stderr_log,1,0
ap_request_has_body,2,0
ap_reserve_module_slots,1,0
ap_reset_module_loglevels,3,0
ap_resolve_env,2,0
ap_response_code_string,2,1
ap_retained_data_create,1,0
ap_retained_data_get,1,1
ap_rflush,1,0
ap_rgetline_core,5,1
ap_rind,1,0
ap_rprintf,142,0
ap_rputc,5,0
ap_rputs,291,0
ap_run_access_checker,2,2
ap_run_access_checker_ex,2,2
ap_run_auth_checker,2,2
ap_run_check_config,2,2
ap_run_check_user_id,2,2
ap_run_child_init,1,0
ap_run_child_status,4,0
ap_run_create_connection,4,3
ap_run_create_request,3,0
ap_run_default_port,15,3
ap_run_dirwalk_stat,3,1
ap_run_drop_privileges,2,0
ap_run_end_generation,1,0
ap_run_error_log,1,0
ap_run_expr_lookup,2,0
ap_run_fixups,1,1
ap_run_generate_log_id,1,0
ap_run_get_suexec_identity,2,0
ap_run_handler,1,1
ap_run_header_parser,1,0
ap_run_http_scheme,13,0
ap_run_insert_error_filter,1,0
ap_run_insert_filter,3,0
ap_run_insert_network_bucket,1,0
ap_run_log_transaction,8,0
ap_run_map_to_storage,1,0
ap_run_monitor,1,0
ap_run_mpm,1,0
ap_run_mpm_get_name,1,0
ap_run_mpm_query,1,0
ap_run_mpm_register_timed_callback,1,0
ap_run_note_auth_failure,1,0
ap_run_open_htaccess,1,1
ap_run_open_logs,2,2
ap_run_optional_fn_retrieve,1,0
ap_run_post_config,2,2
ap_run_post_perdir_config,1,0
ap_run_post_read_request,2,2
ap_run_pre_config,2,2
ap_run_pre_connection,5,4
ap_run_pre_mpm,1,0
ap_run_pre_read_request,1,0
ap_run_process_connection,3,0
ap_run_quick_handler,4,2
ap_run_resume_connection,1,0
ap_run_rewrite_args,1,0
ap_run_session_decode,1,1
ap_run_session_encode,1,1
ap_run_session_load,1,1
ap_run_session_save,1,1
ap_run_status_hook,1,0
ap_run_sub_req,6,0
ap_run_suspend_connection,1,0
ap_run_test_config,1,0
ap_run_translate_name,1,1
ap_run_type_checker,1,1
ap_runtime_dir_relative,11,2
ap_rvputs,98,0
ap_rxplus_exec,1,0
ap_rxplus_match,1,0
ap_satisfies,1,1
ap_save_brigade,6,1
ap_scan_script_header_err_brigade_ex,3,3
ap_scan_script_header_err_core_ex,7,0
ap_send_error_response,6,0
ap_send_http_options,2,1
ap_send_http_trace,1,1
ap_send_interim_response,1,0
ap_server_root_relative,50,9
ap_session_load,4,0
ap_session_save,1,0
ap_set_accept_ranges,2,0
ap_set_byterange,1,1
ap_set_config_vectors,6,1
ap_set_content_length,9,0
ap_set_content_type,45,0
ap_set_context_info,4,0
ap_set_document_root,1,0
ap_set_etag,3,0
ap_set_keepalive,1,0
ap_set_last_modified,6,0
ap_set_module_loglevel,1,0
ap_set_server_protocol,2,0
ap_set_string_slot,2,0
ap_set_sub_req_protocol,1,0
ap_setup_auth_internal,1,0
ap_setup_client_block,2,0
ap_setup_listeners,1,1
ap_setup_make_content_type,1,0
ap_setup_prelinked_modules,1,1
ap_should_client_block,2,1
ap_show_directives,1,0
ap_show_modules,1,0
ap_show_mpm,6,0
ap_single_module_configure,1,0
ap_size_list_item,1,0
ap_soak_end_container,4,0
ap_sock_disable_nagle,1,0
ap_ssi_get_tag_and_value,8,0
ap_ssi_parse_string,18,3
ap_start_lingering_close,2,0
ap_start_restart,1,0
ap_start_shutdown,1,0
ap_state_query,8,2
ap_str2_alnum,1,0
ap_str_tolower,49,0
ap_str_toupper,4,0
ap_strcasecmp_match,5,0
ap_strcasestr,4,1
ap_strcmp_match,7,0
ap_sub_req_lookup_dirent,2,0
ap_sub_req_lookup_file,8,1
ap_sub_req_lookup_uri,16,2
ap_sub_req_method_uri,4,0
ap_sys_privileges_handlers,1,0
ap_time_process_request,4,0
ap_timeout_parameter_parse,5,0
ap_uname2id,2,0
ap_unescape_url,23,1
ap_unescape_url_keep2f,2,0
ap_unescape_urlencoded,4,0
ap_unix_create_privileged_process,1,0
ap_unixd_set_global_mutex_perms,1,1
ap_unixd_set_proc_mutex_perms,2,1
ap_unixd_set_rlimit,3,0
ap_unregister_extra_mpm_process,3,0
ap_update_child_status,13,0
ap_update_child_status_from_conn,3,0
ap_update_child_status_from_indexes,6,0
ap_update_mtime,8,0
ap_update_vhost_from_headers,1,0
ap_update_vhost_given_ip,2,0
ap_varbuf_cfg_getline,4,0
ap_varbuf_free,5,0
ap_varbuf_grow,6,0
ap_varbuf_init,5,0
ap_varbuf_pdup,2,0
ap_varbuf_regsub,1,0
ap_varbuf_strmemcat,4,0
ap_vhost_iterate_given_conn,1,1
ap_vrprintf,1,0
ap_wait_or_timeout,1,0
ap_walk_config,12,3
ap_walk_config_sub,1,0
ap_xml_parse_input,12,0
append_bucket,3,1
append_to_genbuf,1,0
append_to_holdbuf,3,0
append_to_linebuf,5,0
appendmem_to_linebuf,3,0
apply_authz_sections,2,1
apply_rewrite_cond,1,0
apply_rewrite_list,2,1
apply_rewrite_rule,1,1
apr_allocator_alloc,1,0
apr_allocator_create,1,0
apr_allocator_free,1,0
apr_allocator_max_free_set,1,0
apr_allocator_owner_set,1,0
apr_app_initialize,10,1
apr_array_append,45,0
apr_array_cat,1,0
apr_array_clear,3,0
apr_array_copy,3,0
apr_array_make,184,5
apr_array_pop,4,0
apr_array_pstrcat,15,0
apr_array_push,262,0
apr_atoi64,14,0
apr_atomic_add32,3,1
apr_atomic_casptr,3,0
apr_atomic_dec32,5,0
apr_atomic_inc32,8,0
apr_atomic_read32,20,1
apr_atomic_set32,1,0
apr_base64_decode,2,0
apr_base64_decode_binary,1,0
apr_base64_decode_len,2,0
apr_base64_encode,5,1
apr_base64_encode_binary,1,0
apr_base64_encode_len,5,2
apr_bcrypt_encode,1,1
apr_brigade_cleanup,91,0
apr_brigade_create,100,2
apr_brigade_destroy,49,0
apr_brigade_flatten,14,3
apr_brigade_insert_file,7,0
apr_brigade_length,24,0
apr_brigade_partition,10,4
apr_brigade_pflatten,5,1
apr_brigade_putc,1,0
apr_brigade_puts,1,0
apr_brigade_putstrs,2,0
apr_brigade_split_ex,7,0
apr_brigade_split_line,4,2
apr_brigade_vprintf,1,0
apr_brigade_vputstrs,1,0
apr_brigade_write,18,0
apr_brigade_writev,3,0
apr_bucket_alloc,8,0
apr_bucket_alloc_create,3,0
apr_bucket_alloc_destroy,2,1
apr_bucket_eos_create,41,3
apr_bucket_file_enable_mmap,1,0
apr_bucket_flush_create,24,0
apr_bucket_free,3,0
apr_bucket_heap_create,10,0
apr_bucket_heap_make,1,0
apr_bucket_immortal_create,12,0
apr_bucket_immortal_make,1,0
apr_bucket_mmap_create,2,0
apr_bucket_pipe_create,3,1
apr_bucket_pool_create,71,2
apr_bucket_shared_destroy,1,0
apr_bucket_shared_make,1,0
apr_bucket_socket_create,2,0
apr_bucket_transient_create,14,0
apr_cpystrn,36,0
apr_ctime,5,0
apr_date_checkmask,2,2
apr_date_parse_http,18,1
apr_dbd_check_conn,1,0
apr_dbd_close,1,0
apr_dbd_error,15,0
apr_dbd_get_driver,2,1
apr_dbd_get_entry,9,0
apr_dbd_get_name,4,0
apr_dbd_get_row,11,0
apr_dbd_init,1,0
apr_dbd_open_ex,1,1
apr_dbd_prepare,1,0
apr_dbd_pvbquery,3,3
apr_dbd_pvbselect,1,1
apr_dbd_pvquery,1,1
apr_dbd_pvselect,5,5
apr_dbd_query,1,0
apr_dbm_close,19,0
apr_dbm_delete,4,0
apr_dbm_exists,4,0
apr_dbm_fetch,11,1
apr_dbm_firstkey,5,2
apr_dbm_freedatum,1,0
apr_dbm_get_usednames,1,0
apr_dbm_get_usednames_ex,1,0
apr_dbm_geterror,1,0
apr_dbm_nextkey,5,1
apr_dbm_open,9,9
apr_dbm_open_ex,7,2
apr_dbm_store,4,1
apr_dir_close,15,0
apr_dir_make,5,2
apr_dir_make_recursive,1,1
apr_dir_open,12,8
apr_dir_read,12,0
apr_dir_remove,6,1
apr_dso_error,2,0
apr_dso_load,2,0
apr_dso_sym,1,1
apr_dynamic_fn_register,36,0
apr_dynamic_fn_retrieve,52,0
apr_err,14,0
apr_file_buffer_set,2,0
apr_file_close,102,3
apr_file_copy,2,2
apr_file_dup2,4,1
apr_file_eof,3,1
apr_file_flags_get,1,1
apr_file_flush,4,0
apr_file_getc,6,0
apr_file_gets,13,3
apr_file_info_get,9,3
apr_file_inherit_set,1,0
apr_file_inherit_unset,4,0
apr_file_link,1,1
apr_file_mktemp,6,5
apr_file_name_get,1,0
apr_file_open,49,26
apr_file_open_stderr,11,0
apr_file_open_stdin,4,1
apr_file_open_stdout,11,2
apr_file_perms_set,4,4
apr_file_pipe_create,1,0
apr_file_pipe_create_ex,2,0
apr_file_pipe_timeout_set,6,1
apr_file_printf,164,0
apr_file_putc,3,0
apr_file_puts,17,1
apr_file_read,22,5
apr_file_read_full,16,5
apr_file_remove,30,15
apr_file_rename,6,4
apr_file_seek,9,1
apr_file_trunc,1,1
apr_file_ungetc,2,0
apr_file_write,5,2
apr_file_write_full,15,11
apr_file_writev_full,6,1
apr_filepath_get,1,1
apr_filepath_merge,16,4
apr_filepath_name_get,12,0
apr_filepath_root,6,1
apr_filepath_set,2,1
apr_fnmatch,10,0
apr_fnmatch_test,9,0
apr_generate_random_bytes,4,2
apr_gethostname,2,2
apr_getnameinfo,5,1
apr_getopt,10,1
apr_getopt_init,10,2
apr_gid_name_get,3,1
apr_global_mutex_child_init,9,8
apr_global_mutex_create,1,1
apr_global_mutex_destroy,6,0
apr_global_mutex_lock,16,4
apr_global_mutex_lockfile,9,2
apr_global_mutex_trylock,1,1
apr_global_mutex_unlock,24,9
apr_hash_copy,1,0
apr_hash_count,2,0
apr_hash_first,12,0
apr_hash_get,78,19
apr_hash_make,42,0
apr_hash_merge,1,0
apr_hash_next,12,0
apr_hash_overlay,4,0
apr_hash_pool_get,5,0
apr_hash_set,53,0
apr_hash_this,12,0
apr_hashfunc_default,1,0
apr_hook_debug_show,62,0
apr_hook_deregister_all,1,0
apr_hook_sort_all,6,0
apr_hook_sort_register,62,0
apr_ipsubnet_create,9,2
apr_ipsubnet_test,7,0
apr_is_empty_array,10,4
apr_is_empty_table,8,2
apr_itoa,15,0
apr_ltoa,4,0
apr_md5,2,0
apr_md5_encode,1,1
apr_md5_final,5,0
apr_md5_init,5,0
apr_md5_update,5,0
apr_memcache_add_server,1,1
apr_memcache_create,1,1
apr_memcache_delete,1,1
apr_memcache_getp,1,1
apr_memcache_server_create,1,1
apr_memcache_set,1,1
apr_mmap_create,1,1
apr_mmap_dup,1,0
apr_off_t_toa,12,0
apr_optional_hook_add,5,0
apr_optional_hook_get,6,0
apr_os_file_get,1,0
apr_os_file_put,4,0
apr_os_global_mutex_get,1,0
apr_os_pipe_put_ex,2,0
apr_os_proc_mutex_get,1,0
apr_os_sock_get,3,1
apr_os_thread_current,4,0
apr_os_thread_get,1,0
apr_palloc,886,4
apr_parse_addr_port,7,2
apr_password_get,5,1
apr_password_validate,6,0
apr_pmemdup,35,0
apr_poll,6,0
apr_pollset_add,12,3
apr_pollset_create,6,4
apr_pollset_create_ex,1,0
apr_pollset_destroy,1,0
apr_pollset_method_name,1,0
apr_pollset_poll,5,4
apr_pollset_remove,5,3
apr_pool_abort_get,2,0
apr_pool_abort_set,6,0
apr_pool_allocator_get,1,0
apr_pool_cleanup_kill,7,0
apr_pool_cleanup_register,56,0
apr_pool_cleanup_run,4,0
apr_pool_clear,40,0
apr_pool_create_ex,71,5
apr_pool_destroy,94,0
apr_pool_note_subprocess,4,0
apr_pool_parent_get,2,0
apr_pool_pre_cleanup_register,2,0
apr_pool_tag,17,0
apr_pool_userdata_get,15,0
apr_pool_userdata_set,10,0
apr_pool_userdata_setn,5,0
apr_proc_create,12,3
apr_proc_detach,3,2
apr_proc_fork,1,1
apr_proc_kill,2,0
apr_proc_mutex_create,1,1
apr_proc_mutex_lock,1,0
apr_proc_mutex_lockfile,1,0
apr_proc_mutex_name,1,0
apr_proc_mutex_unlock,1,0
apr_proc_other_child_alert,1,1
apr_proc_other_child_refresh_all,1,0
apr_proc_other_child_register,2,0
apr_proc_other_child_unregister,4,0
apr_proc_wait,1,0
apr_proc_wait_all_procs,2,0
apr_procattr_child_err_set,3,0
apr_procattr_child_errfn_set,5,1
apr_procattr_child_in_set,2,0
apr_procattr_child_out_set,1,0
apr_procattr_cmdtype_set,8,0
apr_procattr_create,9,5
apr_procattr_dir_set,6,0
apr_procattr_error_check_set,5,1
apr_procattr_io_set,7,1
apr_procattr_limit_set,6,0
apr_psprintf,360,3
apr_pstrcat,542,7
apr_pstrcatv,5,0
apr_pstrdup,391,6
apr_pstrmemdup,58,1
apr_pstrndup,55,0
apr_pvsprintf,5,0
apr_random_add_entropy,1,0
apr_random_after_fork,1,0
apr_random_insecure_bytes,2,0
apr_random_insecure_ready,1,0
apr_random_standard_new,1,0
apr_reslist_acquire,2,1
apr_reslist_create,2,2
apr_reslist_invalidate,1,0
apr_reslist_release,3,0
apr_reslist_timeout_set,1,0
apr_rfc822_date,8,1
apr_rmm_addr_get,5,5
apr_rmm_attach,1,1
apr_rmm_destroy,1,0
apr_rmm_free,1,0
apr_rmm_init,1,1
apr_rmm_malloc,5,0
apr_rmm_offset_get,1,0
apr_setup_signal_thread,1,1
apr_sha1_base64,1,0
apr_sha1_final,2,0
apr_sha1_init,2,0
apr_sha1_update,1,0
apr_sha1_update_binary,4,0
apr_shm_attach,2,0
apr_shm_baseaddr_get,7,0
apr_shm_create,7,4
apr_shm_destroy,4,0
apr_shm_detach,3,0
apr_shm_remove,4,0
apr_shm_size_get,3,3
apr_signal,14,0
apr_signal_description_get,1,0
apr_signal_thread,1,0
apr_skiplist_alloc,1,0
apr_skiplist_init,1,0
apr_skiplist_insert,1,0
apr_skiplist_peek,3,0
apr_skiplist_pop,1,0
apr_skiplist_set_compare,1,0
apr_sleep,25,0
apr_snprintf,73,0
apr_sockaddr_equal,6,0
apr_sockaddr_info_get,28,15
apr_sockaddr_ip_get,8,0
apr_sockaddr_ip_getbuf,2,0
apr_socket_accept,2,0
apr_socket_addr_get,4,3
apr_socket_bind,6,6
apr_socket_close,40,1
apr_socket_connect,8,7
apr_socket_create,11,10
apr_socket_listen,3,3
apr_socket_opt_get,1,0
apr_socket_opt_set,29,22
apr_socket_recv,8,0
apr_socket_recvfrom,1,0
apr_socket_send,6,2
apr_socket_sendfile,1,0
apr_socket_sendv,2,0
apr_socket_shutdown,2,0
apr_socket_timeout_get,12,2
apr_socket_timeout_set,32,4
apr_stat,59,12
apr_strerror,15,0
apr_strfsize,7,0
apr_strftime,5,0
apr_strmatch_precompile,6,0
apr_strnatcasecmp,1,0
apr_strnatcmp,2,0
apr_strtoff,32,8
apr_strtoi64,4,1
apr_strtok,50,5
apr_table_add,9,0
apr_table_addn,86,0
apr_table_clear,5,0
apr_table_clone,1,0
apr_table_compress,1,0
apr_table_copy,7,0
apr_table_do,21,0
apr_table_elts,31,0
apr_table_get,354,55
apr_table_make,55,4
apr_table_merge,2,0
apr_table_mergen,24,0
apr_table_overlap,2,0
apr_table_overlay,20,0
apr_table_set,38,0
apr_table_setn,245,0
apr_table_unset,108,0
apr_temp_dir_get,4,3
apr_terminate,5,0
apr_text_append,38,0
apr_thread_cond_broadcast,2,0
apr_thread_cond_create,2,0
apr_thread_cond_destroy,2,0
apr_thread_cond_signal,3,0
apr_thread_cond_wait,2,0
apr_thread_create,3,3
apr_thread_exit,3,0
apr_thread_join,3,3
apr_thread_mutex_create,13,6
apr_thread_mutex_destroy,3,1
apr_thread_mutex_lock,35,7
apr_thread_mutex_unlock,42,8
apr_thread_pool_get,1,0
apr_thread_rwlock_rdlock,1,0
apr_thread_rwlock_unlock,1,0
apr_thread_rwlock_wrlock,1,0
apr_threadattr_create,1,0
apr_threadattr_detach_set,1,0
apr_threadattr_stacksize_set,1,1
apr_time_exp_gmt,6,0
apr_time_exp_gmt_get,1,0
apr_time_exp_lt,24,0
apr_time_now,101,4
apr_tokenize_to_argv,5,0
apr_uid_get,1,0
apr_uid_homepath_get,2,0
apr_uid_name_get,4,1
apr_uri_parse,18,9
apr_uri_parse_hostinfo,2,1
apr_uri_port_of_scheme,13,2
apr_uri_unparse,11,2
apr_uuid_format,4,0
apr_uuid_get,3,0
apr_uuid_parse,2,1
apr_version_string,2,0
apr_vformatter,1,1
apr_vsnprintf,3,2
apr_wait_for_io_or_timeout,1,0
apr_xml_empty_elem,3,0
apr_xml_parser_create,1,0
apr_xml_parser_done,2,1
apr_xml_parser_feed,1,0
apr_xml_parser_geterror,1,0
apr_xml_quote_elem,2,0
apr_xml_quote_string,2,0
apr_xml_to_text,5,0
apu_version_string,2,0
argstr_to_table,2,0
arout,4,0
array_getch,1,0
asn1_table_vhost_key,1,0
atexit,9,0
atoi,144,4
atol,16,1
atoq,1,0
authorize_user_core,2,0
authz_core_check_section,2,0
authz_dbd_group_query,1,0
authz_dbd_login,2,0
authz_dbd_run_client_login,1,0
bail_out_on_error,8,0
basic_http_header,2,0
basic_http_header_check,2,0
best_match,1,1
bind,1,1
bio_filter_out_ctx_new,1,0
bio_filter_out_flush,4,0
bio_filter_out_pass,2,0
bndm,1,0
bndm_compile,1,0
brigade_append,1,0
brigade_consume,1,0
bucket_socket_ex_create,2,0
bucket_socket_ex_make,1,0
buffer_output,5,0
c2x,6,0
cache_accept_headers,2,0
cache_canonicalise_key,3,0
cache_check_freshness,1,1
cache_control_remove,1,0
cache_create_entity,1,0
cache_get_filter,1,0
cache_get_providers,2,0
cache_hash,1,0
cache_header_cmp,2,0
cache_hook_cache_status,1,0
cache_invalidate,1,0
cache_merge_headers_out,2,0
cache_remove_lock,10,0
cache_remove_url,2,0
cache_replace_filter,2,2
cache_run_cache_status,12,0
cache_save_store,2,0
cache_select,2,2
cache_strqtok,12,0
cache_table_getm,16,2
cache_the_file,2,0
cache_try_lock,3,3
cached_explode,2,0
calloc,2,0
cfg_trim_line,2,0
cgid_server,1,0
cgid_start,3,0
char_buffer_read,1,1
char_buffer_write,4,0
chdir,4,4
checkRotate,1,0
check_args,1,0
check_authn,3,2
check_code,2,0
check_errorlog_dir,1,0
check_finalized,1,0
check_gzip,2,1
check_hostalias,1,0
check_infinite_requests,1,0
check_log_dir,1,0
check_macro_arguments,1,1
check_macro_contents,1,1
check_macro_use_arguments,1,0
check_nc,1,1
check_nonce,1,0
check_pipeline,1,0
check_ratio,2,2
check_serverpath,1,0
check_site,1,0
check_string,10,0
check_time_left,2,0
child_main,2,0
chown,3,3
chroot,2,2
clean_child_exit,11,0
clean_var_rec,4,0
cleanup_nonchild_process,1,0
cleanup_tables,1,0
cleanup_tempfile_and_exit,4,0
clear_ctxpool,6,0
clear_session,1,0
close,8,0
close_connection,9,0
close_disk_cache_fd,3,0
close_handle_in_child,1,0
close_listeners,3,0
close_logfile,1,0
close_worker_sockets,1,0
cmd_parseflagfield,2,0
command,1,0
command_errf,51,0
commit_entity,2,0
compare_lexicography,2,0
compare_version,3,0
comperr,13,0
compile_sed_expr,1,1
comple,2,1
compsub,1,1
config_log_transaction,2,0
connect,2,1
connect_to_daemon,3,0
connection_cleanup,1,0
connection_constructor,2,0
construct_key,3,0
consume_zlib_flags,2,0
copy_brigade_range,1,1
copy_request,1,0
copy_to_genbuf,1,0
copy_to_holdbuf,2,0
copy_to_linebuf,4,0
copy_uri_components,1,0
copyright,2,0
core_create_req,1,0
core_opts_merge,3,0
count_directives_sub,2,0
cpystrn,12,0
crc32,7,0
create_argv,1,0
create_dbd_config,2,0
create_default_per_dir_config,1,0
create_default_section,2,0
create_empty_config,4,0
create_listener_thread,1,0
create_namebased_scoreboard,2,0
create_radio,5,0
create_request,1,1
create_server_config,1,0
create_setenvif_config,2,0
crypt,2,1
d2i_AutoPrivateKey,1,0
d2i_DISPLAYTEXT,1,1
d2i_OCSP_RESPONSE,1,1
d2i_PrivateKey_bio,2,0
d2i_SSL_SESSION,1,0
data_file,3,0
date_canon,1,0
dav_add_all_liveprop_xmlns,1,0
dav_add_if_resource,1,1
dav_add_if_state,2,0
dav_add_lock,1,0
dav_add_response,5,0
dav_add_vary_header,1,0
dav_append_prop,1,0
dav_auto_checkin,14,6
dav_auto_checkout,8,8
dav_begin_multistatus,2,0
dav_buffer_append,16,0
dav_buffer_init,4,0
dav_buffer_place,1,0
dav_buffer_place_mem,6,0
dav_build_key,5,0
dav_cache_badprops,1,0
dav_can_auto_checkout,2,0
dav_check_bufsize,7,0
dav_close_propdb,4,0
dav_core_insert_prop,1,0
dav_core_register_uris,1,0
dav_created,9,0
dav_dbm_close,4,0
dav_dbm_delete,3,0
dav_dbm_exists,3,1
dav_dbm_fetch,4,0
dav_dbm_firstkey,1,0
dav_dbm_freedatum,5,0
dav_dbm_get_statefiles,3,0
dav_dbm_nextkey,1,0
dav_dbm_open,1,0
dav_dbm_open_direct,2,1
dav_dbm_store,4,2
dav_do_find_liveprop,2,0
dav_do_prop_subreq,2,0
dav_error_response,37,0
dav_error_response_tag,1,0
dav_failed_proppatch,1,0
dav_fetch_next_token,4,4
dav_find_child,26,19
dav_find_liveprop,2,0
dav_find_liveprop_provider,2,0
dav_find_submitted_locktoken,2,0
dav_finish_multistatus,2,0
dav_format_time,2,0
dav_fs_add_locknull_state,1,0
dav_fs_alloc_lock,7,0
dav_fs_build_key,7,0
dav_fs_copymove_file,4,0
dav_fs_copymove_resource,2,0
dav_fs_copymove_state,2,0
dav_fs_copymoveset,2,0
dav_fs_dbm_error,6,0
dav_fs_deleteset,1,0
dav_fs_dir_file_name,6,0
dav_fs_do_refresh,2,1
dav_fs_ensure_state_dir,2,0
dav_fs_get_locknull_members,1,0
dav_fs_getetag,1,0
dav_fs_insert_prop,5,0
dav_fs_internal_walk,2,0
dav_fs_is_same_resource,1,0
dav_fs_load_lock_record,6,0
dav_fs_load_locknull_list,3,1
dav_fs_lock_expired,2,0
dav_fs_mktemp,1,0
dav_fs_pathname,3,0
dav_fs_pool,1,0
dav_fs_really_open_lockdb,4,0
dav_fs_register,1,0
dav_fs_remove_locknull_member,3,0
dav_fs_resolve,3,0
dav_fs_save_lock_record,5,0
dav_fs_save_locknull_list,2,1
dav_fs_walk,1,0
dav_fs_walker,2,0
dav_gen_supported_live_props,1,0
dav_gen_supported_methods,1,0
dav_gen_supported_reports,1,0
dav_get_allprops,2,0
dav_get_binding_hooks,2,0
dav_get_depth,7,3
dav_get_direct_resource,1,0
dav_get_liveprop_info,4,0
dav_get_liveprop_ns_count,3,0
dav_get_liveprop_ns_index,2,0
dav_get_liveprop_supported,1,0
dav_get_lock_hooks,13,2
dav_get_lockdb_path,1,1
dav_get_locktoken_list,1,1
dav_get_ns_table_uri,1,0
dav_get_options_providers,2,0
dav_get_overwrite,2,0
dav_get_propdb_hooks,1,0
dav_get_props,1,0
dav_get_provider,5,0
dav_get_resource,27,27
dav_get_resource_state,9,5
dav_get_resource_type_providers,1,0
dav_get_search_hooks,2,0
dav_get_timeout,2,0
dav_get_vsn_hooks,14,0
dav_handle_err,89,0
dav_hook_find_liveprop,2,0
dav_hook_gather_propsets,1,0
dav_hook_insert_all_liveprops,2,0
dav_inherit_locks,2,1
dav_insert_coreprop,6,0
dav_insert_liveprop,1,0
dav_insert_xmlns,1,0
dav_join_error,2,0
dav_lock_get_activelock,2,0
dav_lock_parse_lockinfo,1,0
dav_lock_query,4,3
dav_log_err,11,0
dav_lookup_provider,1,1
dav_lookup_uri,4,4
dav_meets_conditions,1,1
dav_method_baseline_control,1,0
dav_method_bind,1,0
dav_method_checkin,1,0
dav_method_checkout,1,0
dav_method_copymove,2,0
dav_method_delete,1,0
dav_method_get,1,0
dav_method_label,1,0
dav_method_lock,1,0
dav_method_make_activity,1,0
dav_method_make_workspace,1,0
dav_method_merge,1,0
dav_method_mkcol,1,0
dav_method_options,1,0
dav_method_post,1,0
dav_method_propfind,1,0
dav_method_proppatch,1,0
dav_method_put,1,0
dav_method_report,1,0
dav_method_search,1,0
dav_method_uncheckout,1,0
dav_method_unlock,1,0
dav_method_update,1,0
dav_method_vsn_control,1,0
dav_new_error,122,0
dav_notify_created,4,4
dav_open_lockdb,3,3
dav_open_propdb,3,2
dav_output_prop_name,2,0
dav_parse_range,1,1
dav_process_ctx_list,4,0
dav_process_if_header,2,0
dav_prop_validate,1,0
dav_propdb_next_name,2,0
dav_push_error,67,0
dav_really_open_db,3,0
dav_register_liveprop_group,2,0
dav_register_liveprop_namespace,1,0
dav_register_provider,1,0
dav_run_find_liveprop,1,0
dav_run_gather_propsets,1,0
dav_run_insert_all_liveprops,1,0
dav_rw_liveprop,1,1
dav_send_multistatus,3,0
dav_send_one_response,2,0
dav_set_bufsize,7,0
dav_set_name,2,0
dav_stream_response,3,0
dav_success_proppatch,1,0
dav_unlock,3,0
dav_validate_request,11,11
dav_validate_resource_state,3,0
dav_validate_root,11,11
dav_xml_escape_uri,1,0
dav_xml_get_cdata,2,1
dav_xmlns_add,2,0
dav_xmlns_add_uri,1,0
dav_xmlns_create,2,0
dav_xmlns_generate,2,0
dbd_check,1,0
dbd_clean,1,0
dbd_construct,1,0
dbd_init,4,4
dbd_load,2,0
dbd_prepared_init,1,1
dbd_remove,1,0
dbd_run_post_connect,1,0
dbd_save,2,0
dbd_setup,2,1
dbd_setup_init,1,0
dbd_setup_lock,1,0
de_socketfy,5,0
dead_yet,2,0
dechain,1,0
decl_die,11,0
decodeenc,5,1
decodehtml,4,0
deflate,1,1
deflateEnd,2,0
deflateInit2_,1,1
deflate_check_etag,2,0
delete_entry,11,0
delete_file,3,0
delete_parent,2,0
delete_url,1,1
destroy_and_exit_process,21,0
determine_responder_uri,1,0
disable_listensocks,3,0
discard_script_output,3,0
discard_variant_by_env,1,0
dispatch,1,1
doRotate,2,0
do_cache_negotiated_docs,1,0
do_debug_log,12,0
do_double_reverse,2,0
do_emit_plain,2,0
do_errorlog_default,1,0
do_errorlog_format,1,0
do_expand,8,3
do_expand_cookie,1,0
do_expand_env,1,0
do_header_line,5,0
do_headers_fixup,7,0
do_languages_line,1,0
do_negotiation,2,0
do_pattmatch,2,0
do_rewritelog,79,0
dosub,2,0
drain_available_output,1,0
dso_load,2,0
dummy_connection,2,0
dumpConfig,1,0
dump_a_hook,3,0
dump_a_vhost,2,0
dump_extn_value,1,0
dump_vhost_config,1,0
dumpit,2,0
ef_unified_filter,2,1
emit_head,1,0
emit_link,8,0
emit_preamble,3,0
emit_tail,1,0
enable_listensocks,2,0
end_gen,2,0
end_output_stream,2,0
env2env,1,0
err,8,0
escape_absolute_uri,2,0
escape_uri,1,0
etag_uint64_to_hex,4,0
eval_errf,4,0
event_note_child_killed,3,0
event_note_child_lost_slot,1,0
event_note_child_started,2,0
execl,1,0
execute,3,0
execute_now,1,0
exists,1,1
exists_and_readable,1,1
exit,93,0
exit_error,7,0
expand_tildepaths,1,1
extend_timeout,3,0
extract_dn,4,0
extract_responder_uri,1,0
fake_basic_authentication,3,0
fcgi_do_request,1,0
fclose,2,0
fcomp,2,0
fetch_dbm_value,2,2
fflush,3,0
field_name_len,4,0
file_cache_create,6,0
file_cache_el_final,3,0
file_cache_recall_mydata,1,1
fileno,1,0
filter_bytype1,1,0
filter_chain,1,0
filter_declare,1,0
filter_lookup,1,1
filter_trace,1,0
find_accf_name,1,1
find_allowdeny,6,0
find_arg_or_tail,1,0
find_argument,1,0
find_best_worker,2,1
find_char_in_curlies,2,0
find_closing_curly,1,0
find_content_length,3,0
find_default_server,2,0
find_desc,2,0
find_directive,1,0
find_directory,2,0
find_file,2,1
find_filter_def,1,1
find_ipaddr,2,0
find_item,9,2
find_item_by_request,4,0
find_lang_index,1,0
find_list_item,3,0
find_module,3,1
find_more_info,1,1
find_multiple_headers,1,0
find_parent,9,0
find_partial_start_sequence,1,0
find_route_worker,2,1
find_session_route,1,1
find_start_sequence,1,0
find_tail,1,0
find_title,1,0
fix_hostname,1,0
fixup_dflt,1,0
fixup_dir,1,0
fixup_vary,1,0
flush_libz_buffer,4,2
flush_log,2,0
flush_output_buffer,5,0
fopen,2,0
force_recovery,1,0
force_type_handler,2,0
fork,2,2
form_header_field,2,0
format_authz_command,7,0
format_authz_result,2,0
format_byte_out,5,0
format_kbyte_out,1,0
fprintf,133,0
free,24,0
free_dh_params,1,0
freopen,1,1
ftp_check_globbingchars,2,0
ftp_check_string,4,1
ftp_escape_globbingchars,6,0
ftp_get_PWD,2,0
ftp_getrc_msg,1,0
ftp_proxyerror,33,0
ftp_set_TYPE,4,0
ftp_string_read,2,0
ftp_unauthorized,3,0
fully_qualify_uri,2,0
gc,1,0
gen_client,3,0
gen_nonce,3,0
gen_nonce_hash,2,0
gen_unique_id,2,0
generate_salt,2,0
getLong,4,4
get_addresses,1,0
get_arguments,2,1
get_basic_auth,1,1
get_body,1,1
get_cache_value,3,2
get_canned_error_string,1,0
get_cfg_string,1,0
get_chunk_line,2,0
get_chunk_size,2,0
get_client,1,0
get_content_length,1,0
get_cookie_param,1,1
get_data,2,0
get_data_full,2,2
get_dbm_entry_as_str,2,0
get_dbm_grp,2,2
get_digest_rec,1,0
get_entry,3,0
get_filter_handle,2,0
get_fn_info,1,0
get_form_auth,2,2
get_hash,1,1
get_header_line,1,1
get_include_var,4,1
get_line,3,1
get_lines_till_end_token,1,1
get_mutex_filename,2,0
get_notes_auth,3,0
get_now,4,0
get_password,3,1
get_path_param,1,1
get_provider,2,0
get_ptoken,1,0
get_remaining_chunk_line,3,0
get_req,1,1
get_request_end_time,4,0
get_session_HA1,2,1
get_session_auth,1,0
get_sorted_modules,3,0
get_time_or_size,1,0
get_userpw_hash,1,0
get_worker,2,0
getenv,11,2
geteuid,10,8
getgrnam,2,1
getloadavg,1,0
getpgid,1,1
getpgrp,1,1
getpid,25,3
getpwnam,1,1
getpwuid,1,1
getrlimit,1,1
getrnge,4,0
getword,2,0
groups_for_user,2,2
grow_buffer,3,0
grow_gen_buffer,4,0
grow_hold_buffer,1,0
grow_line_buffer,1,0
handle_headers,1,0
has_buffered_data,1,1
hash_addr,2,0
hash_inaddr,1,0
have_lf_or_eos,1,0
have_ssl_compression,1,1
header_file,5,0
header_inout_cmd,1,0
htdbm_del,1,1
htdbm_init,1,1
htdbm_list,1,0
htdbm_make,1,0
htdbm_open,1,1
htdbm_save,1,1
htdbm_terminate,2,0
htdbm_usage,1,0
htdbm_valid_username,1,0
htdbm_verify,1,1
http2env,1,0
i2a_ASN1_INTEGER,2,1
i2d_OCSP_REQUEST,1,0
i2d_OCSP_RESPONSE,3,0
i2d_PrivateKey,2,0
i2d_SSL_SESSION,2,1
ignore_entry,2,0
ilink_read,2,2
in_domain,2,0
inc_rec,2,0
include_cgi,1,1
include_cmd,1,1
index_directory,1,0
inet_ntoa,3,0
inflate,3,3
inflateEnd,13,0
inflateInit2_,2,2
init_balancer_members,1,0
init_cache,1,1
init_config_defines,3,0
init_config_globals,1,0
init_conn_pool,1,0
init_context,2,0
init_dh_params,1,0
init_ext_filter_process,1,0
init_filter_instance,2,2
init_pollset,1,1
init_process,1,0
init_server_config,1,0
initgroups,1,1
initialize_secret,1,0
initialize_tables,1,0
insert_old_write_filter,2,0
internal_internal_redirect,2,0
intstrcmp,6,0
invoke_cmd,2,0
invoke_filter_init,2,2
is_absolute_uri,6,5
is_header_regex,1,0
is_idempotent,3,0
is_identity_encoding,3,0
is_mpm_running,1,0
is_qtext,1,1
is_quoted_pair,1,1
is_scriptaliased,1,0
is_socket_connected,1,1
is_token,2,2
is_variant_better,1,0
is_variant_better_rvsa,1,0
isalnum,17,1
isalpha,3,0
isatty,1,1
iscntrl,3,0
isdigit,38,5
isgraph,1,0
islower,1,0
isprint,4,0
isspace,108,0
isupper,4,0
isxdigit,12,1
join_start_thread,2,0
join_workers,2,0
kill,13,3
la_u,1,0
lcase_header_name_return_body,1,0
level_cmp,1,0
list_urls,2,0
listen,1,1
log_apr_status,1,0
log_backtrace,2,0
log_bad_create_options,2,0
log_child,1,1
log_create_failure,2,0
log_ctime,1,0
log_error_and_cleanup,10,0
log_error_core,5,0
log_file_line,1,0
log_header,1,0
log_loglevel,1,0
log_module_name,1,0
log_perms_failure,2,0
log_pid,3,0
log_request_time_custom,1,0
log_script,1,0
log_scripterror,8,0
log_table_entry,3,0
log_tid,1,0
log_tracing_state,1,0
log_unknown_type,2,0
long_res_header_for_sc,1,1
looks_like_an_argument,2,2
looks_like_ip,1,0
lookup_builtin_method,1,0
lookup_header,8,0
lookup_map,1,0
lookup_map_dbd,2,1
lookup_map_dbmfile,1,1
lookup_map_program,1,0
lookup_map_txtfile,1,1
lookup_variable,3,0
ltox,2,0
make_allow,2,0
make_array_config,1,0
make_autoindex_entry,1,0
make_child,3,0
make_dh_params,1,0
make_fake_req,1,0
make_parent_entry,1,0
make_sock,1,0
make_sub_request,3,0
make_variant_list,2,0
malloc,6,0
match,4,0
match_version,1,0
matches_aliases,2,0
maybe_add_default_accepts,1,0
memchr,8,2
memcmp,45,3
merge_server_configs,1,0
mime_match,1,0
missing_container_arg,8,0
mkconfig,2,0
mkdir_structure,2,1
mkhash,2,1
mkrecord,1,1
mmap_handler,1,0
mod_info_has_cmd,1,0
mod_info_indent,3,0
mod_info_module_cmds,4,0
mod_info_show_close,1,0
mod_info_show_cmd,1,0
mod_info_show_open,1,0
mod_info_show_parents,2,0
modssl_ctx_cfg_merge,2,0
modssl_ctx_cfg_merge_certkeys_array,2,0
modssl_ctx_cfg_merge_proxy,1,0
modssl_ctx_cfg_merge_server,1,0
modssl_ctx_init,2,0
modssl_ctx_init_proxy,1,0
modssl_ctx_init_server,1,0
modssl_dispatch_ocsp_request,2,1
modssl_get_dh_params,1,0
modssl_init_stapling,1,0
modssl_proxy_info_log,3,0
modssl_var_extract_dns,1,0
modssl_verify_ocsp,1,1
module_find_hook,2,2
module_participate,1,0
module_request_hook_participate,1,0
mpm_common_pre_config,1,0
mutex_needs_file,2,0
mxcfg_lookup,3,1
new_digest,1,1
new_ipaddr_chain,2,0
new_name_chain,1,0
next_one,2,1
next_substitution,1,0
non_regex_pattern,1,0
note_basic_auth_failure,4,0
note_cookie_auth_failure,2,0
note_digest_auth_failure,17,0
notify_resume,2,0
notify_suspend,4,0
number_of_escapes,1,0
old_digest,1,0
open_config_log,2,0
open_error_log,2,0
open_listeners,1,0
open_multi_logs,2,0
open_postfile,2,0
open_scoreboard,1,0
openlog,2,0
original_uri,1,0
output_directories,1,0
output_html_results,1,0
output_results,1,0
parse_accept_headers,2,0
parse_ap_expr,2,0
parse_cmd,1,0
parse_common_options,2,0
parse_epsv_reply,1,1
parse_errorlog_item,2,0
parse_errorlog_misc_string,1,0
parse_errorlog_string,3,0
parse_expr,2,0
parse_format_string,1,0
parse_format_tag,1,0
parse_int,4,0
parse_log_item,2,0
parse_log_misc_string,1,0
parse_log_string,7,0
parse_misc_string,1,0
parse_negotiate_header,1,0
parse_url,1,1
parseargline,2,0
pass_data_to_filter,1,0
pass_response,1,0
pcre_compile2,1,0
pcre_exec,1,0
pcre_fullinfo,4,0
perform_idle_server_maintenance,1,0
perror,3,0
pfmt,1,0
pipe_get_passwd_cb,1,0
piped_log_cleanup_for_exec,1,0
piped_log_spawn,2,1
place,3,0
pod_signal_internal,1,0
podx_signal_internal,2,0
post_rotate,1,0
pphrase_array_get,1,0
prefix_stat,1,1
prep_walk_cache,4,1
print_statistics,1,0
printf,167,0
printstats,4,0
proc_mutex_mech,1,0
process_command_config,2,2
process_content,2,1
process_dir,2,1
process_item,1,0
process_lingering_close,1,0
process_mkcol_body,1,0
process_proxy_header,1,0
process_regexp,3,0
process_resource_config_fnmatch,3,0
process_resource_config_nofnmatch,4,0
process_socket,1,0
process_tags,10,0
process_timeout_queue,5,0
proxies_set,1,1
proxy_buckets_lifetime_transform,1,0
proxy_connect_transfer,2,0
proxy_ftp_cleanup,16,0
proxy_ftp_command,18,15
proxy_get_host_of_request,4,0
proxy_hook_canon_handler,8,0
proxy_hook_post_request,1,0
proxy_hook_pre_request,1,0
proxy_hook_scheme_handler,7,0
proxy_interpolate,6,0
proxy_needsdomain,1,0
proxy_run_canon_handler,1,0
proxy_run_create_req,1,0
proxy_run_fixups,1,0
proxy_run_post_request,1,0
proxy_run_pre_request,1,1
proxy_run_request_status,1,0
proxy_run_scheme_handler,2,0
proxy_util_register_hooks,1,0
proxy_vars,3,0
proxy_walk,1,1
proxy_wstunnel_transfer,2,0
pthread_kill,1,0
purge,1,0
push2table,2,0
push2worker,1,1
push_item,3,0
push_timer2worker,1,0
putLong,2,0
put_int_flush_right,3,0
putline,6,0
qsort,15,0
rand,3,0
re_check,1,0
read,2,0
read_array,2,2
read_connection,2,0
read_heartbeats,1,1
read_request_line,1,1
read_response,1,0
read_table,4,2
read_type_map,2,0
read_types_multi,1,0
readfile_heartbeats,1,0
readslot_heartbeats,1,0
realloc,2,0
rebuild_conf_hash,3,0
recalc_factors,1,0
recall_headers,1,0
reclaim_one_pid,4,0
reduce_uri,1,0
regen_key,4,0
regerr,1,0
register_filter,2,0
register_format_tag_handler,7,0
register_one_method,27,0
regsub_core,3,0
remove_any_filter,2,0
remove_directory,2,0
remove_empty_buckets,3,0
remove_items,1,0
remove_reqtimeout,1,0
remove_url,1,0
rename_original_env,1,0
request_is_filter_present,2,0
resolve_symlink,3,2
response_is_html,3,0
restore_slotmem,1,1
rewrite_url,1,0
rewritelock_create,1,0
rewritemap_program_child,1,1
rline,2,0
round_up,10,0
run_rewritemap_programs,1,0
safe_file_rename,1,1
sc_for_req_header,1,1
sc_for_req_method_by_id,1,1
search,2,2
sed_canbe_finalized,1,1
sed_compile,1,0
sed_compile_string,1,0
sed_destroy_commands,2,0
sed_destroy_eval,1,0
sed_eval_buffer,3,0
sed_finalize_eval,3,0
sed_get_finalize_error,1,0
sed_init_commands,1,0
sed_init_eval,1,0
sed_reset_eval,1,0
sed_step,1,0
select_random_value_part,1,0
semctl,1,1
send_416,2,0
send_all_header_fields,1,0
send_begin_request,1,1
send_brigade_blocking,1,1
send_brigade_nonblocking,3,2
send_data,5,0
send_environment,1,1
send_headers,1,0
send_http_connect,1,1
send_parsed_content,1,0
send_req,2,1
send_request,1,0
send_request_body,1,0
send_signal,4,0
sendall,2,0
sendfile_handler,1,0
sendfile_nonblocking,1,0
serialize_request,1,1
server_main_loop,1,0
session_identity_decode,1,0
session_identity_encode,1,0
session_included,1,1
set_accept_quality,1,0
set_allow_opts,1,0
set_balancer_param,3,0
set_banner,1,0
set_cache_value,6,0
set_charset_quality,1,0
set_conn_state,8,0
set_default_lang_quality,1,0
set_encoding_quality,1,0
set_expiration_fields,1,0
set_fn_info,2,0
set_group_privs,2,0
set_language_quality,1,0
set_mime_fields,2,0
set_neg_headers,3,0
set_notes_auth,1,0
set_polled_events,2,0
set_reqtimeout_param,1,1
set_resource_limits,1,1
set_session_auth,3,0
set_signals,2,0
set_vlist_validator,2,0
set_worker_param,4,0
setaside_remaining_output,2,0
setgid,2,2
setuid,2,0
setup_choice_response,1,0
shmcb_cyclic_cton_memcpy,3,0
shmcb_cyclic_memcmp,2,2
shmcb_cyclic_ntoc_memcpy,2,0
shmcb_subcache_expire,2,0
shmcb_subcache_iterate,1,0
shmcb_subcache_remove,2,0
shmcb_subcache_retrieve,1,0
shmcb_subcache_store,1,1
show_active_hooks,1,0
show_compile_settings,2,0
show_mpm_settings,1,0
show_overrides,1,0
show_providers,1,0
show_server_settings,1,0
show_time,1,0
shutdown,1,0
sigaction,13,13
signal_threads,9,0
sigprocmask,1,0
sk_dup,1,0
sk_find,5,1
sk_free,5,0
sk_new,1,0
sk_new_null,2,0
sk_num,24,8
sk_pop,1,0
sk_pop_free,6,0
sk_push,2,0
sk_set_cmp_func,1,0
sk_shift,1,0
sk_value,19,0
slotmem_clearinuse,1,0
slotmem_dptr,2,0
slotmem_filename,5,3
slotmem_num_free_slots,2,0
slotmem_num_slots,3,0
slotmem_shm_getstorage,1,0
slotmem_shm_initgpool,1,0
slotmem_shm_initialize_cleanup,1,0
socache_dbm_expire,3,0
socache_dbm_remove,1,0
socache_mc_id2key,3,0
sock_read,9,0
sock_write,3,1
sock_writev,3,0
socket,2,2
socket_cleanup,6,0
socket_connect_un,1,1
spdist,1,0
splitout_queryargs,1,0
spool_reqbody_cl,1,0
sqrt,4,0
srand,3,0
sscanf,9,3
ssl_add_version_components,1,0
ssl_asn1_table_get,3,1
ssl_asn1_table_set,1,0
ssl_check_public_cert,1,0
ssl_cmd_check_dir,7,0
ssl_cmd_check_file,13,0
ssl_cmd_crlcheck_parse,2,0
ssl_cmd_protocol_parse,2,0
ssl_cmd_verify_depth_parse,2,0
ssl_cmd_verify_parse,2,0
ssl_config_global_create,2,0
ssl_config_global_fix,1,0
ssl_config_global_isfixed,1,0
ssl_config_server_new,2,0
ssl_configure_env,1,0
ssl_dh_GetParamFromFile,1,1
ssl_die,29,0
ssl_ec_GetParamFromFile,1,1
ssl_expr_eval_comp,1,0
ssl_ext_list,1,0
ssl_filter_io_shutdown,6,0
ssl_filter_write,1,0
ssl_init_CheckServers,1,0
ssl_init_ConfigureServer,1,0
ssl_init_Engine,1,0
ssl_init_FindCAList,2,0
ssl_init_PushCAList,2,0
ssl_init_connection_ctx,4,0
ssl_init_ctx,2,0
ssl_init_ctx_callbacks,1,0
ssl_init_ctx_cert_chain,1,0
ssl_init_ctx_cipher_suite,1,0
ssl_init_ctx_cleanup,2,0
ssl_init_ctx_cleanup_proxy,1,0
ssl_init_ctx_crl,1,0
ssl_init_ctx_protocol,1,0
ssl_init_ctx_session_cache,1,0
ssl_init_ctx_tls_extensions,1,0
ssl_init_ctx_verify,1,0
ssl_init_proxy_certs,1,0
ssl_init_proxy_ctx,1,0
ssl_init_server_certs,1,0
ssl_init_server_ctx,1,0
ssl_init_ssl_connection,2,0
ssl_init_ticket_key,1,0
ssl_io_buffer_fill,1,0
ssl_io_data_dump,1,0
ssl_io_filter_disable,1,0
ssl_io_filter_error,3,0
ssl_io_filter_handshake,2,2
ssl_io_filter_init,1,0
ssl_io_filter_register,1,0
ssl_io_input_add_filter,1,0
ssl_io_input_getline,1,0
ssl_io_input_read,2,1
ssl_load_encrypted_pkey,1,0
ssl_log_annotation,1,0
ssl_log_cert_error,3,0
ssl_log_cxerror,6,0
ssl_log_ssl_error,42,0
ssl_log_xerror,5,0
ssl_mutex_init,1,0
ssl_mutex_off,4,0
ssl_mutex_on,4,0
ssl_mutex_reinit,1,0
ssl_pipe_child_create,1,1
ssl_print_cert_info,2,0
ssl_print_connection_info,1,0
ssl_print_info,1,0
ssl_proceed_handshake,3,0
ssl_rand_choosenum,2,0
ssl_rand_feedfp,2,0
ssl_rand_seed,3,0
ssl_scache_init,1,0
ssl_scache_kill,1,0
ssl_scache_remove,1,0
ssl_scache_retrieve,1,0
ssl_scache_status_register,1,0
ssl_scache_store,1,0
ssl_session_log,3,0
ssl_stapling_ex_init,1,0
ssl_stapling_init_cert,1,1
ssl_stapling_mutex_init,1,1
ssl_stapling_mutex_reinit,1,0
ssl_util_path_check,4,0
ssl_util_ppclose,2,0
ssl_util_ppopen,2,0
ssl_util_readfilter,1,0
ssl_util_thread_setup,1,0
ssl_util_vhostid,6,0
ssl_var_log_config_register,1,0
ssl_var_lookup,18,0
ssl_var_lookup_ssl,2,0
ssl_var_lookup_ssl_cert,2,0
ssl_var_lookup_ssl_cert_PEM,2,0
ssl_var_lookup_ssl_cert_chain,1,0
ssl_var_lookup_ssl_cert_dn,1,0
ssl_var_lookup_ssl_cert_dn_oneline,1,0
ssl_var_lookup_ssl_cert_remain,1,0
ssl_var_lookup_ssl_cert_serial,1,0
ssl_var_lookup_ssl_cert_valid,2,0
ssl_var_lookup_ssl_cert_verify,1,0
ssl_var_lookup_ssl_cipher,1,0
ssl_var_lookup_ssl_cipher_bits,1,0
ssl_var_lookup_ssl_compress_meth,1,0
ssl_var_lookup_ssl_version,2,0
ssl_var_register,1,0
stapling_cache_response,1,1
stapling_check_response,2,0
stapling_get_cached_response,1,0
stapling_get_cert_info,1,0
stapling_get_issuer,1,1
stapling_mutex_off,5,0
stapling_mutex_on,1,0
stapling_renew_response,1,1
stapling_set_response,1,0
start_connect,6,0
start_lingering_close_blocking,1,0
start_lingering_close_common,2,0
start_lingering_close_nonblocking,2,0
startup_children,2,0
stat,2,1
store_array,2,1
store_slotmem,1,0
store_table,6,5
store_variant_list,1,0
strcasecmp,668,126
strchr,218,22
strcmp,431,92
strcmplex,6,0
strcspn,6,1
strdup,3,0
stream_reqbody_chunked,1,0
stream_reqbody_cl,1,0
strip_headers_request_body,1,0
strip_paren_comments,1,0
strlen,563,24
strncasecmp,133,24
strncmp,92,21
strrchr,51,3
strspn,5,0
strstr,39,5
strtod,1,0
strtol,16,3
subst_prefix_path,2,0
substitute,2,0
substitute_macro_args,1,1
substring_conf,2,0
sysconf,1,0
syslog,1,0
terminate_description,2,0
terminate_header,1,0
terminate_headers,3,0
test,1,0
text,6,6
time,9,0
timegm,1,0
times,1,0
to_dbm,1,1
tokens_to_array,2,0
tolower,26,0
toupper,12,0
trie_node_alloc,2,0
trie_node_link,2,0
truncate_and_write_error,2,0
try_alias_list,3,2
try_chown,7,0
umask,2,0
unblock_signal,2,0
unclosed_directive,8,0
unescape_url,5,0
unlink,7,1
unwrap_header,2,0
update_child_status_internal,3,0
update_r_in_filters,6,0
upgrade_connection,1,0
uri_meets_conditions,2,0
usage,48,0
usage_repeated_arg,14,0
use_range_x,1,0
validate_status_line,1,0
variant_has_language,1,0
verify,1,1
verify_ocsp_status,1,0
vhost_alias_checkspace,4,0
vhost_alias_interpolate,1,0
wakeup_listener,2,0
warn_if_non_blank,2,0
wline,19,0
write,3,0
write_headers,1,1
write_logline,1,0
write_request,5,0
writev,1,0
writev_nonblocking,4,0
x2c,1,0
xcalloc,2,1
xmalloc,3,0
xstrdup,2,0
ycomp,1,0
yy_fatal_error,15,0
yy_get_next_buffer,1,0
yy_get_previous_state,3,0
yy_init_globals,3,0
yy_pop_state,2,0
yy_push_state,2,0
yy_try_NUL_trans,1,0
yydestruct,4,0
yystpcpy,1,0
yystrlen,2,0
yysyntax_error,2,1
yytnamerr,3,0
zap_sp,2,2
zap_sp_and_dup,2,2
