Action_add,3,0
Action_new,1,0
Action_sort,2,0
BZ2_bzCompress,1,0
BZ2_bzCompressEnd,2,0
BZ2_bzCompressInit,1,0
CompressTables,1,0
ConfigPrint,1,0
Configcmp,2,0
Configlist_add,1,0
Configlist_addbasis,2,0
Configlist_basis,1,0
Configlist_closure,1,0
Configlist_eat,1,0
Configlist_init,1,0
Configlist_reset,1,0
Configlist_return,2,0
Configlist_sort,1,0
Configlist_sortbasis,1,0
Configtable_clear,1,0
Configtable_find,2,0
Configtable_init,1,0
Configtable_insert,2,0
CvtHex,6,0
Decode,1,0
Encode,2,0
ErrorMsg,38,0
FindActions,1,0
FindFirstSets,1,0
FindFollowSets,1,0
FindLinks,1,0
FindRulePrecedences,1,0
FindStates,1,0
MD5_memcpy,2,0
OptArg,2,0
OptInit,1,0
OptNArgs,2,1
OptPrint,1,0
Parse,1,0
Plink_add,3,0
Plink_copy,1,0
Plink_delete,1,0
Plink_new,1,0
PrintAction,1,1
ReportHeader,1,0
ReportOutput,1,0
ReportTable,1,0
Reprint,1,0
SetAdd,3,0
SetFree,1,0
SetNew,3,0
SetSize,1,0
SetUnion,3,0
State_arrayof,1,0
State_find,1,1
State_init,1,0
State_insert,1,0
State_new,1,0
Strsafe,2,0
Strsafe_find,1,0
Strsafe_init,1,0
Strsafe_insert,1,0
Symbol_arrayof,1,0
Symbol_count,1,0
Symbol_find,3,2
Symbol_init,1,0
Symbol_insert,1,0
Symbol_new,11,1
_NSGetEnviron,2,0
_OSSwapInt16,21,0
_OSSwapInt32,11,0
__assert_rtn,4,0
__builtin___memcpy_chk,36,0
__builtin___memmove_chk,5,0
__builtin___memset_chk,29,0
__builtin___snprintf_chk,7,0
__builtin___sprintf_chk,9,0
__builtin___strcat_chk,2,0
__builtin___strcpy_chk,4,0
__builtin___strncat_chk,1,0
__builtin___strncpy_chk,2,0
__builtin___vsprintf_chk,1,0
__builtin_bzero,3,0
__builtin_constant_p,32,0
__builtin_expect,4,0
__builtin_object_size,96,0
__builtin_va_end,3,0
__builtin_va_start,3,0
__darwin_fd_isset,6,0
__error,269,32
_exit,4,0
abort,3,0
accept,1,1
access,3,0
accesslog_append_escaped,9,0
accesslog_parse_format,1,1
accesslog_write_all,3,0
acttab_action,2,0
acttab_alloc,1,0
acttab_insert,2,0
algorithm_from_string,1,0
apr_md5_encode,1,0
argindex,2,1
array_extract_element,1,0
array_find_or_insert,2,2
array_free,52,0
array_get_element,75,21
array_get_index,4,2
array_get_max_key_length,2,0
array_get_unused_element,23,0
array_init,50,4
array_init_array,2,0
array_insert_unique,58,0
array_print,1,0
array_print_indent,9,0
array_replace,1,0
array_reset,12,0
atoi,1,1
auth_ldap_init,1,0
bind,3,3
buffer_align_size,2,0
buffer_alloc,1,0
buffer_append_base64_decode,9,1
buffer_append_int,82,0
buffer_append_slash,27,0
buffer_append_strftime,6,0
buffer_append_string,65,0
buffer_append_string_buffer,96,0
buffer_append_string_c_escaped,4,0
buffer_append_string_encoded,18,0
buffer_append_string_len,418,1
buffer_append_uint_hex,6,0
buffer_caseless_compare,12,8
buffer_commit,20,0
buffer_copy_buffer,149,0
buffer_copy_int,8,0
buffer_copy_string,42,0
buffer_copy_string_encoded_cgi_varnames,8,0
buffer_copy_string_len,152,0
buffer_free,317,0
buffer_init,253,18
buffer_init_buffer,5,0
buffer_init_string,49,1
buffer_is_empty,73,10
buffer_is_equal,27,4
buffer_is_equal_caseless_string,13,0
buffer_is_equal_right_len,6,1
buffer_is_equal_string,188,21
buffer_move,2,0
buffer_path_simplify,11,0
buffer_realloc,2,0
buffer_reset,106,0
buffer_search_string_len,3,0
buffer_string_is_empty,205,78
buffer_string_length,358,18
buffer_string_prepare_append,20,0
buffer_string_prepare_copy,26,0
buffer_string_set_length,28,1
buffer_string_space,10,0
buffer_to_lower,8,0
buffer_to_upper,1,0
buffer_urldecode_internal,2,0
buffer_urldecode_path,6,0
build_doc_root,2,0
build_ssi_cgi_vars,1,0
buildshifts,1,0
cache_call_lua,2,2
cache_parse_lua,1,0
calloc,150,12
cgi_connection_close,13,0
cgi_connection_close_fdtocgi,3,0
cgi_create_env,1,0
cgi_demux_response,1,1
cgi_env_add,25,0
cgi_get_handler,2,0
cgi_handler_ctx_free,1,0
cgi_handler_ctx_init,1,0
cgi_pid_add,1,0
cgi_pid_del,2,0
cgi_recv_response,3,0
cgi_response_parse,1,0
cgi_write_file_chunk_mmap,1,0
cgi_write_request,3,0
chdir,6,5
check_all_len_0,1,0
check_all_len_1,1,0
check_all_len_2,1,0
check_all_len_3,1,0
chroot,1,1
chunk_free,3,0
chunk_init,1,0
chunk_remaining_length,9,2
chunk_reset,2,0
chunkqueue_append_buffer,19,0
chunkqueue_append_chunk,8,0
chunkqueue_append_chunkqueue,4,0
chunkqueue_append_file,4,0
chunkqueue_append_file_fd,1,0
chunkqueue_append_mem,38,0
chunkqueue_append_mem_to_tempfile,4,0
chunkqueue_free,7,0
chunkqueue_get_append_tempfile,1,1
chunkqueue_get_memory,3,0
chunkqueue_get_unused_chunk,7,0
chunkqueue_init,7,0
chunkqueue_is_empty,15,3
chunkqueue_length,17,1
chunkqueue_mark_written,10,0
chunkqueue_prepend_buffer,2,0
chunkqueue_prepend_chunk,1,0
chunkqueue_push_unused_chunk,7,0
chunkqueue_remove_empty_chunks,1,0
chunkqueue_remove_finished_chunks,14,0
chunkqueue_reset,15,0
chunkqueue_set_tempdirs_default,1,0
chunkqueue_steal,2,0
chunkqueue_steal_with_tempfiles,1,0
chunkqueue_use_memory,3,0
clean_cond_cache,2,0
close,127,7
closedir,4,0
closelog,1,0
compute_action,4,1
cond_result_to_string,2,0
config_addrbuf_eq_remote_ip_mask,2,1
config_addrstr_eq_remote_ip_mask,1,0
config_append_cond_match_buffer,2,0
config_check_cond,30,0
config_check_cond_cached,3,0
config_check_cond_nocache,1,0
config_cond_cache_reset,1,0
config_cond_cache_reset_item,2,0
config_cond_clear_node,3,0
config_insert,1,0
config_insert_values_global,30,0
config_insert_values_internal,4,0
config_parse,2,0
config_parse_cmd,1,0
config_parse_file,1,0
config_parse_file_stream,2,0
config_patch_connection,1,0
config_read,1,0
config_set_defaults,1,1
config_setup_connection,3,0
config_skip_comment,2,0
config_skip_newline,2,0
config_tokenizer,1,0
confighash,3,0
configparser,3,0
configparserAlloc,1,0
configparserFree,1,0
configparser_get_variable,2,1
configparser_merge_data,2,0
configparser_pop,2,0
configparser_push,3,0
configparser_remoteip_normalize_compat,2,0
connect,6,6
connection_accept,1,0
connection_accepted,2,0
connection_close,2,0
connection_del,1,0
connection_get_short_state,3,0
connection_get_state,5,0
connection_handle_close_state,1,0
connection_handle_errdoc_init,2,0
connection_handle_read,2,0
connection_handle_read_post_state,5,0
connection_handle_read_ssl,1,0
connection_handle_read_state,2,0
connection_handle_response_end_state,1,0
connection_handle_shutdown,1,0
connection_handle_write,2,2
connection_handle_write_prepare,1,0
connection_init,2,0
connection_reset,4,0
connection_response_reset,1,0
connection_set_state,28,0
connection_state_machine,5,0
connections_free,2,0
connections_get_new_connection,1,1
const_time_memeq,1,0
context_free,1,0
context_init,1,0
crypt,1,0
daemonize,1,0
data_array_init,4,0
data_config_init,3,1
data_count_init,1,0
data_fastcgi_init,2,1
data_integer_init,4,0
data_response_init,7,0
data_string_init,33,0
deflate,2,0
deflateEnd,4,0
deflateInit2_,2,0
deflate_file_to_buffer,1,0
deflate_file_to_buffer_bzip2,2,0
deflate_file_to_buffer_deflate,2,0
deflate_file_to_buffer_gzip,2,0
deflate_file_to_file,1,0
deleteconfig,1,0
dlclose,1,0
dlerror,2,0
dlopen,1,1
dlsym,1,0
dup,2,0
dup2,11,2
emit_code,1,0
emit_destructor_code,3,0
env_add,8,0
errline,7,0
etag_create,4,0
etag_is_equal,1,0
etag_mutate,3,0
excludes_buffer_append,1,1
excludes_buffer_free,1,0
excludes_buffer_init,1,0
execl,3,0
execle,1,0
execv,1,0
execve,2,0
execvp,1,0
exit,31,0
extract_forward_array,1,0
fastcgi_extension_insert,1,0
fastcgi_extensions_free,1,0
fastcgi_extensions_init,1,0
fastcgi_get_packet,1,0
fastcgi_host_free,3,0
fastcgi_host_init,1,1
fastcgi_process_free,4,0
fastcgi_process_init,2,1
fastcgi_status_copy_procname,14,0
fastcgi_status_init,2,0
fcgi_check_extension,2,0
fcgi_connection_close,9,0
fcgi_create_env,1,0
fcgi_demux_response,1,1
fcgi_env_add,29,0
fcgi_env_add_request_headers,1,0
fcgi_establish_connection,1,1
fcgi_header,5,0
fcgi_host_assign,1,0
fcgi_host_disable,3,0
fcgi_host_reset,2,0
fcgi_patch_connection,1,0
fcgi_proc_load_dec,2,0
fcgi_proc_load_inc,1,0
fcgi_reconnect,2,0
fcgi_recv_response,3,0
fcgi_response_parse,1,0
fcgi_restart_dead_procs,2,0
fcgi_send_request,3,0
fcgi_set_state,5,0
fcgi_spawn_connection,3,3
fcgi_stdin_append,2,0
fcgi_write_request,1,0
fclose,14,0
fcntl,2,1
fd_close_on_exec,11,0
fdevent_event_add,12,0
fdevent_event_clr,14,0
fdevent_event_del,11,0
fdevent_event_get_fd,1,0
fdevent_event_get_revent,1,0
fdevent_event_next_fdndx,1,0
fdevent_event_set,10,0
fdevent_fcntl_set,7,7
fdevent_free,1,0
fdevent_freebsd_kqueue_init,1,1
fdevent_get_context,1,0
fdevent_get_handler,1,0
fdevent_init,1,1
fdevent_libev_init,1,1
fdevent_linux_sysepoll_init,1,1
fdevent_poll,1,1
fdevent_poll_init,1,1
fdevent_register,7,0
fdevent_reset,1,0
fdevent_select_init,1,1
fdevent_solaris_devpoll_init,1,1
fdevent_solaris_port_init,1,1
fdevent_unregister,11,0
fdnode_free,1,0
fdnode_init,1,0
fdwaitqueue_append,2,0
fdwaitqueue_free,1,0
fdwaitqueue_unshift,1,0
fflush,7,0
fgets,4,0
file_makename,2,0
file_open,4,2
findbreak,1,0
fopen,7,5
fork,11,7
fprintf,251,0
fputc,2,0
fputs,3,0
fread,2,1
free,212,0
freeaddrinfo,3,0
fseek,1,0
fstat,5,3
ftell,1,1
ftruncate,1,1
gai_strerror,2,0
generate_crc32c,4,0
getCWD,1,1
get_http_method_key,1,1
get_http_method_name,8,2
get_http_status_name,4,0
get_http_version_name,4,1
get_sa_len,1,0
getaddrinfo,3,2
getcwd,2,0
getenv,8,1
getgid,1,0
getgrgid,1,1
getgrnam,1,1
gethostbyaddr,1,1
gethostbyname,3,3
getnameinfo,1,1
getopt,1,0
getpeername,1,1
getpid,3,0
getpwnam,2,1
getpwuid,1,0
getrlimit,4,2
getsockname,4,2
getsockopt,4,3
getstate,2,0
gettimeofday,1,0
getuid,2,0
glob,1,1
globfree,1,0
gmtime,6,0
handleflags,1,0
handler_ctx_free,7,0
handler_ctx_init,8,0
handleswitch,1,0
has_destructor,1,1
hashme,1,0
hex2int,6,0
http_auth_basic_check,1,0
http_auth_basic_password_compare,1,1
http_auth_digest_check,1,0
http_auth_digest_generate_nonce,1,0
http_auth_get_password,2,1
http_auth_match_rules,3,3
http_chunk_append_buffer,8,0
http_chunk_append_data,2,0
http_chunk_append_file,2,1
http_chunk_append_file_fd_range,2,0
http_chunk_append_file_open_fstat,2,0
http_chunk_append_file_range,2,0
http_chunk_append_len,2,0
http_chunk_append_mem,4,0
http_chunk_append_to_tempfile,1,0
http_chunk_close,1,0
http_dirls_sort,2,0
http_list_directory,1,0
http_list_directory_footer,1,0
http_list_directory_header,1,0
http_list_directory_include_file,2,0
http_list_directory_sizefmt,1,0
http_request_host_normalize,6,2
http_request_parse,1,0
http_request_split_value,1,0
http_response_backend_done,4,0
http_response_backend_error,6,0
http_response_handle_cachable,4,0
http_response_parse_range,1,0
http_response_prepare,1,1
http_response_redirect_to_directory,6,0
http_response_send_file,2,0
http_response_write_header,1,0
http_response_xsendfile,3,0
inet_addr,2,0
inet_aton,2,2
inet_ntoa,1,0
inet_ntop,13,1
inet_ntop_cache_get_ip,15,0
inet_pton,10,2
initgroups,1,0
ioctl,5,3
ipstr_to_sockaddr,1,0
is_base64_len,1,0
is_hex_len,1,0
is_proxy_trusted,1,1
isalnum,7,1
isalpha,10,7
isdigit,6,4
isgraph,1,0
islower,1,1
issetugid,1,1
isspace,12,0
isupper,5,3
itostr,2,0
joblist_append,6,0
joblist_free,1,0
kevent,3,3
keyvalue_get_key,2,0
keyvalue_get_value,4,0
kill,11,0
kqueue,2,2
labs,1,0
last_not_in_array,1,1
li_MD5Transform,2,0
li_MD5_Final,11,0
li_MD5_Init,11,0
li_MD5_Update,59,0
li_itostrn,9,0
li_to_base64,1,0
li_to_base64_no_padding,10,8
li_tohex,3,0
li_utostrn,7,0
light_isalnum,6,0
light_isalpha,6,0
light_isdigit,9,0
light_isxdigit,2,0
listen,3,3
localtime,5,0
localtime_r,3,0
log_buffer_append_printf,2,0
log_buffer_prepare,2,0
log_clock_gettime_realtime,5,0
log_error_close,2,0
log_error_cycle,2,1
log_error_open,1,1
log_error_write,767,0
log_error_write_multiline_buffer,1,0
log_failed_assert,303,0
log_write,2,0
lseek,4,3
lstat,1,1
malloc,87,11
memchr,6,0
memcmp,18,0
memory_error,5,0
memset_s,1,0
merge,2,0
minimum_size_type,4,0
mkdir,7,1
mkdir_for_file,1,1
mkdir_recursive,1,0
mkstemp,2,0
mktime,2,0
mmap,3,2
mmap_align_offset,1,1
mod_access_patch_connection,1,0
mod_accesslog_patch_connection,1,0
mod_alias_patch_connection,1,0
mod_auth_patch_connection,1,0
mod_cgi_patch_connection,1,0
mod_cml_patch_connection,2,0
mod_compress_contains_encoding,7,0
mod_compress_patch_connection,1,0
mod_dirlisting_patch_connection,1,0
mod_evasive_patch_connection,1,0
mod_evhost_parse_host,1,0
mod_evhost_parse_pattern,1,0
mod_evhost_patch_connection,1,0
mod_expire_get_offset,2,1
mod_expire_patch_connection,1,0
mod_extforward_patch_connection,1,0
mod_flv_streaming_patch_connection,1,0
mod_indexfile_patch_connection,1,0
mod_proxy_patch_connection,1,0
mod_redirect_patch_connection,1,0
mod_rewrite_patch_connection,2,0
mod_rrd_create_pipe,1,0
mod_rrd_patch_connection,1,0
mod_rrdtool_create_rrd,1,0
mod_secdownload_patch_connection,1,0
mod_setenv_patch_connection,1,0
mod_simple_vhost_patch_connection,1,0
mod_ssi_handle_request,1,0
mod_ssi_parse_ssi_stmt,1,0
mod_ssi_parse_ssi_stmt_offlen,1,0
mod_ssi_parse_ssi_stmt_value,2,0
mod_ssi_patch_connection,1,0
mod_ssi_read_fd,1,0
mod_ssi_stmt_len,1,0
mod_staticfile_patch_connection,1,0
mod_status_get_multiplier,6,0
mod_status_handle_server_config,1,0
mod_status_handle_server_statistics,1,0
mod_status_handle_server_status,1,0
mod_status_handle_server_status_html,1,0
mod_status_handle_server_status_json,1,0
mod_status_handle_server_status_text,1,0
mod_status_header_append,3,0
mod_status_header_append_sort,8,0
mod_status_patch_connection,1,0
mod_status_row_append,3,0
mod_userdir_patch_connection,1,0
mod_usertrack_patch_connection,1,0
mod_webdav_patch_connection,1,0
mod_webdav_subrequest_handler_huge,1,0
msort,3,0
munmap,3,0
myassert,16,0
network_accept_tcp_nagle_disable,2,0
network_close,8,0
network_init,2,0
network_open_file_chunk,3,0
network_register_fdevents,1,0
network_server_init,2,0
network_write_chunkqueue,1,1
network_write_file_chunk_mmap,2,0
network_write_file_chunk_no_mmap,1,0
network_write_file_chunk_sendfile,1,0
network_write_mem_chunk,1,0
network_writev_mem_chunks,2,0
newconfig,2,0
open,21,13
openDevNull,4,0
open_logfile_or_pipe,4,1
opendir,4,3
openlog,1,0
parse_binpath,1,0
parse_config_entry,6,0
parseonetoken,1,0
pathconf,1,0
pathsearch,1,0
pcre_compile,4,2
pcre_exec,4,3
pcre_fullinfo,1,1
pcre_get_substring_list,2,0
pcre_keyvalue_buffer_append,1,1
pcre_keyvalue_buffer_free,1,0
pcre_keyvalue_buffer_init,1,0
pcre_study,2,1
perror,4,0
pipe,8,7
pipe_close,6,0
pipe_close_child,3,0
pipe_close_parent,3,0
pipe_open,3,0
plugin_free,4,0
plugin_init,1,1
plugins_call_cleanup,1,0
plugins_call_connection_reset,2,0
plugins_call_handle_connection_close,1,1
plugins_call_handle_docroot,1,1
plugins_call_handle_physical,1,1
plugins_call_handle_request_done,1,0
plugins_call_handle_sighup,1,1
plugins_call_handle_subrequest,2,1
plugins_call_handle_subrequest_start,1,1
plugins_call_handle_trigger,1,1
plugins_call_handle_uri_clean,1,1
plugins_call_handle_uri_raw,1,1
plugins_call_init,1,1
plugins_call_set_defaults,1,1
plugins_free,11,0
plugins_load,1,1
plugins_register,1,0
poll,1,0
print_backtrace,1,0
print_stack_union,1,0
printf,15,0
proc_close,8,3
proc_close_childs,1,0
proc_close_parents,1,0
proc_close_pipes,1,0
proc_open,2,1
proc_open_buffer,3,3
proc_open_pipes,1,0
proc_read_fd_to_buffer,3,0
process_rewrite_rules,2,0
process_ssi_stmt,1,0
proxy_append_header,1,0
proxy_connection_close,7,0
proxy_create_env,1,0
proxy_demux_response,1,1
proxy_establish_connection,1,0
proxy_recv_response,3,0
proxy_response_parse,1,0
proxy_send_request,2,0
proxy_set_header,2,0
proxy_set_state,5,0
proxy_write_request,1,0
put_string_into_array_len,2,0
putc,4,0
qsort,2,0
rand,3,0
read,20,6
readdir,4,0
realloc,35,2
remove_pid_file,3,0
rename,1,0
request_check_hostname,1,0
request_uri_is_valid_char,1,0
reset_signals,2,0
resolve_conflict,1,0
response_header_append,1,0
response_header_insert,14,0
response_header_overwrite,41,0
rewind,1,0
rewrite_rule_buffer_append,1,1
rewrite_rule_buffer_free,2,0
rewrite_rule_buffer_init,2,0
rmdir,3,2
run_buffer_path_simplify,21,0
safe_memclear,1,0
safe_read,2,2
safe_write,2,2
scgi_check_extension,2,0
scgi_connection_close,7,0
scgi_create_env,1,0
scgi_demux_response,1,1
scgi_env_add,27,0
scgi_env_add_request_headers,1,0
scgi_establish_connection,1,0
scgi_extension_insert,1,0
scgi_extensions_free,1,0
scgi_extensions_init,1,0
scgi_host_free,3,0
scgi_host_init,1,1
scgi_patch_connection,1,0
scgi_process_free,5,0
scgi_process_init,3,1
scgi_proclist_sort_down,4,0
scgi_proclist_sort_up,1,0
scgi_reconnect,2,0
scgi_recv_response,3,0
scgi_response_parse,1,0
scgi_restart_dead_procs,2,0
scgi_send_request,3,0
scgi_set_state,5,0
scgi_spawn_connection,4,3
scgi_write_request,1,0
secdl_algorithm_mac_length,2,1
secdl_verify_mac,1,1
select,3,0
sendfile,1,1
server_free,24,0
server_init,1,1
server_oneshot_getsock,1,0
server_oneshot_init,1,0
setgid,1,1
setgroups,1,1
setlocale,1,0
setrlimit,4,2
setsid,1,0
setsockopt,6,5
setuid,1,1
show_features,1,0
show_help,2,0
show_version,2,0
shutdown,3,1
sigaction,15,0
signal,16,0
sock_addr_get_port,1,0
socket,11,11
splaytree_delete,2,0
splaytree_insert,1,0
splaytree_splay,5,0
split_get_params,1,0
srand,2,0
ssi_env_add,19,0
ssi_env_add_request_headers,1,0
ssi_eval_expr,2,0
ssi_expr_tokenizer,1,0
ssi_val_free,4,0
ssi_val_init,1,0
ssi_val_tobool,8,0
ssiexprparser,2,0
ssiexprparserAlloc,1,0
ssiexprparserFree,1,0
stat,21,12
stat_cache_entry_free,3,0
stat_cache_entry_init,1,0
stat_cache_free,1,0
stat_cache_get_entry,17,11
stat_cache_init,1,1
stat_cache_lstat,2,0
stat_cache_open_rdonly_fstat,1,0
stat_cache_tag_old_entries,3,0
stat_cache_trigger_cleanup,1,0
statecmp,2,0
statehash,3,0
status_counter_dec,1,0
status_counter_get_counter,3,0
status_counter_inc,6,0
status_counter_set,10,0
strcasecmp,13,3
strchr,64,11
strcmp,107,62
strcspn,1,1
stream_close,1,0
stream_open,1,1
strerror,161,0
strftime,11,0
strftime_cache_get,3,1
strhash,6,0
strlen,123,1
strncasecmp,38,3
strncmp,60,22
strptime,2,0
strrchr,14,4
strstr,19,4
strtod,1,0
strtol,20,0
strtoll,7,0
strtoul,6,1
sysconf,1,0
syslog,2,0
test_buffer_path_simplify,1,0
test_buffer_path_simplify_with,2,0
test_configfile_addrbuf_eq_remote_ip_mask,1,0
time,6,1
to64,6,0
tokenizer_init,2,0
tplt_open,1,0
tplt_print,6,0
tplt_xfer,15,0
tzset,1,0
unixsocket_is_dup,2,0
unlink,15,6
usleep,2,0
utostr,2,0
vector_config_weak_clear,2,0
vector_config_weak_init,2,0
vector_config_weak_pop,1,0
vector_config_weak_push,2,0
wait,2,1
waitpid,14,12
webdav_copy_dir,1,0
webdav_copy_file,2,0
webdav_delete_dir,3,1
webdav_delete_file,2,0
webdav_gen_prop_tag,1,0
webdav_gen_response_status_tag,2,0
webdav_get_live_property,2,0
webdav_get_property,1,0
webdav_get_props,2,0
webdav_has_lock,5,0
write,14,9
write_all,5,2
writev,1,1
yy_accept,4,0
yy_destructor,45,0
yy_find_reduce_action,2,0
yy_find_shift_action,4,2
yy_parse_failed,2,0
yy_pop_parser_stack,10,0
yy_reduce,2,0
yy_shift,6,0
yy_syntax_error,2,0
