AGGRgrouped,2,0
AGGRgrouped3,28,0
AGGRsubgrouped,57,0
AGGRsubgroupedExt,4,0
AGGRsubxmlcand,1,0
ALGbinary,1,0
ALGcount_nil,1,0
ALGfetch,1,0
ALGprojection,1,0
ALGslice,3,0
ALGsubselect2,1,0
ALGsubsort33,8,0
ALGsubunique2,1,0
ALGthetasubselect2,1,0
ALGtmark,2,0
ALGunary,1,0
ALIGNcommit,3,0
ALIGNsetH,3,0
ALIGNsynced,9,0
ATOMallocate,1,0
ATOMcmp,66,10
ATOMdup,1,0
ATOMelmshift,567,4
ATOMformat,13,1
ATOMheap,4,0
ATOMindex,24,2
ATOMisdescendant,2,2
ATOMlen,14,0
ATOMname,109,0
ATOMnil,8,0
ATOMprint,4,0
ATOMunknown_add,1,0
ATOMunknown_find,2,0
ATOMunknown_name,4,0
AUTHaddUser,3,0
AUTHchangePassword,2,1
AUTHchangeUsername,2,1
AUTHcheckCredentials,2,1
AUTHcommit,6,0
AUTHcypherValue,3,0
AUTHdecypherValue,3,0
AUTHfindUser,8,0
AUTHgetPasswordHash,2,0
AUTHgetUsername,3,0
AUTHgetUsers,3,0
AUTHinitTables,2,0
AUTHremoveUser,2,1
AUTHrequireAdmin,5,0
AUTHrequireAdminOrUser,2,0
AUTHreset,1,0
AUTHresolveUser,4,1
AUTHsetPassword,2,1
AUTHunlockVault,2,1
AUTHverifyPassword,3,0
Afopen,2,0
AtomNodeCmp,1,0
BATPCREilike,1,0
BATPCRElike,1,0
BATPCRElike3,4,0
BATPCREnotilike,1,0
BATPCREnotlike,1,0
BATSIGinit,2,0
BATXMLcontent,1,0
BATXMLdocument,1,0
BATXMLelement,1,0
BAT_hashselect,1,0
BAT_scanselect,1,0
BATappend,22,0
BATassertProps,5,0
BATassertTailProps,2,0
BATattach,2,0
BATcalcavg,2,0
BATcalcbetween,1,0
BATcalcbetween_intern,4,0
BATcalcbetweenbatcst,1,0
BATcalcbetweencstbat,1,0
BATcalcbetweencstcst,1,0
BATcalcifthencstelse,1,0
BATcalcifthencstelsecst,1,0
BATcalcifthenelse,1,0
BATcalcifthenelse_intern,4,0
BATcalcifthenelsecst,1,0
BATcalcincrdecr,2,0
BATcalcisnil_implementation,2,0
BATcalcmuldivmod,3,0
BATcalcstdev_population,1,0
BATcalcstdev_sample,1,0
BATcalcvariance_population,1,0
BATcalcvariance_sample,1,0
BATcheckhash,9,2
BATcheckimprints,4,0
BATcheckmodes,2,0
BATcleanProps,3,0
BATclear,33,0
BATcommit,20,0
BATconstant,31,2
BATconvert,4,1
BATcount_no_nil,2,0
BATcreatedesc,3,0
BATcross1,1,0
BATdel,1,0
BATdelete,2,0
BATdense,14,3
BATderiveProps,11,0
BATderiveTailProps,4,0
BATdescriptor,543,15
BATdestroy,1,0
BATdiff,7,0
BATextend,1470,2
BATfakeCommit,9,0
BATfirstn,1,0
BATfirstn_grouped,1,0
BATfirstn_grouped_with_groups,1,0
BATfirstn_unique,1,0
BATfirstn_unique_with_groups,1,0
BATfree,4,0
BATgetaccess,1,0
BATgetprop,2,0
BATgroup,1,0
BATgroup_internal,2,0
BATgroupaggrinit,12,10
BATgroupminmax,2,0
BATgroupquantile,1,0
BATgrows,132,0
BAThash,23,0
BATimprints,4,1
BATinit_idents,1,0
BATintersectcand,1,0
BATjoin,4,0
BATkey,112,0
BATload_intern,2,0
BATmaterialize,6,0
BATmax,4,0
BATmemsize,2,0
BATmergecand,1,0
BATmin,4,0
BATminmax,2,0
BATmirror,167,1
BATmode,30,1
BATmsync,13,0
BATname,8,1
BATnew,478,2
BATnewstorage,1,0
BATnormal,1,0
BATordered,16,7
BATordered_rev,16,0
BATprintcolumns,6,0
BATprintf,1,0
BATproject,55,1
BATprojectchain,1,0
BATrandom,1,0
BATrename,2,0
BATreplace,2,0
BATroles,10,0
BATsample,5,0
BATsave,2,0
BATselect,20,1
BATsemijoin,3,0
BATseqbase,591,0
BATsetaccess,197,0
BATsetcapacity,3,0
BATsetcount,1595,0
BATsetdims,3,0
BATsetprop,2,0
BATskewed,1,0
BATslice,18,1
BATsort,15,0
BATsubcross,1,0
BATthetaselect,6,0
BATundo,2,0
BATuniform,1,0
BATunique,8,0
BATvmsize,2,0
BATwcopy,1,0
BATxmlaggr,1,0
BBP_delete,3,0
BBP_find,3,0
BBP_insert,3,0
BBPaddfarm,5,0
BBPbackup,2,0
BBPcacheit,4,0
BBPcheck,578,11
BBPclear,4,0
BBPcurstamp,2,0
BBPdecref,1589,0
BBPdescriptor,6,1
BBPdestroy,1,0
BBPdir,2,0
BBPdir_header,2,0
BBPdir_subcommit,1,0
BBPdiskscan,2,0
BBPexit,2,0
BBPextend,3,0
BBPfree,2,0
BBPgetdesc,2,0
BBPgetsubdir,3,0
BBPheader,1,0
BBPincref,39,0
BBPindex,25,4
BBPinit,1,0
BBPinithash,2,0
BBPinsert,2,0
BBPkeepref,375,0
BBPlock,13,0
BBPphysicalname,1,0
BBPprepare,4,1
BBPquickdesc,29,2
BBPreadEntries,1,0
BBPreclaim,1328,0
BBPrecover,1,1
BBPrecover_subdir,2,0
BBPrename,46,11
BBPsave,4,0
BBPselectfarm,29,2
BBPsetstamp,1,0
BBPshare,5,0
BBPspin,3,0
BBPstamp,3,0
BBPsubdir_recursive,2,0
BBPsync,3,1
BBPtmpname,5,1
BBPtrim,2,0
BBPtrim_scan,1,0
BBPtrim_select,2,0
BBPuncacheit,3,0
BBPunlock,13,0
BBPunshare,5,0
BKCbat_inplace_force,1,0
BKCmirror,1,0
BKCnewBAT,3,0
BKCpersists,2,0
BKCsetName,3,0
BKCsetPersistent,3,0
BLOBnull,1,0
BUNappend,615,2
BUNdelete,1,0
BUNfnd,33,4
BUNinplace,11,0
BUNreplace,1,0
BZ2_bzRead,1,0
BZ2_bzReadClose,4,0
BZ2_bzReadGetUnused,1,0
BZ2_bzReadOpen,4,0
BZ2_bzWrite,1,0
BZ2_bzWriteClose,1,0
BZ2_bzWriteOpen,1,0
CLEANrenderer,1,0
CLRblue,1,0
CLRcb,1,0
CLRcolor,1,0
CLRcr,1,0
CLRgreen,1,0
CLRhextoint,3,0
CLRhsv,1,0
CLRhue,1,0
CLRhueInt,1,0
CLRluminance,1,0
CLRred,1,0
CLRrgb,3,0
CLRsaturation,1,0
CLRsaturationInt,1,0
CLRstr,1,0
CLRvalue,1,0
CLRvalueInt,1,0
CLRycc,1,0
CLTsessions,1,0
CLTshutdown,1,1
CLTtimeConvert,3,0
CMDBATsumprod,2,0
CMDbatBINARY0,14,0
CMDbatBINARY1,4,0
CMDbatBINARY2,13,0
CMDbatUNARY,7,0
CMDbatUNARY1,2,0
CMDconvertbat,22,0
CMDgen_group,1,0
COLcopy,81,0
CSVrenderer,1,0
Column,3,0
DELTAbat,1,0
DELTAproject,1,0
DELTAsub,1,0
DESCclean,2,0
DESCload,1,0
DFLOWgraphSize,1,0
DFLOWinitBlk,1,0
DFLOWinitialize,1,0
DFLOWscheduler,1,0
EXPANDEDrenderer,1,0
ErrXit,4,0
GDK_find_thread,5,1
GDKaddbuf,2,0
GDKclrerr,9,0
GDKcreatedir,7,3
GDKenvironment,1,0
GDKerror,1116,0
GDKexit,4,0
GDKexiting,19,1
GDKextend,1,1
GDKextendf,2,1
GDKextractParentAndLastDirFromPath,1,0
GDKfatal,93,0
GDKfdlocate,12,6
GDKfilelocate,5,1
GDKfileopen,9,6
GDKfilepath,62,13
GDKfree,1553,0
GDKgetenv,39,8
GDKgetenv_int,5,0
GDKgetenv_istrue,4,0
GDKgetenv_isyes,6,1
GDKinit,2,0
GDKload,2,0
GDKlockHome,1,0
GDKlog,4,0
GDKmalloc,393,12
GDKmalloc_prefixsize,2,2
GDKmallocmax,4,0
GDKmem_cursize,13,0
GDKmemdump,2,0
GDKmemfail,4,0
GDKmmap,1,0
GDKmove,17,7
GDKmremap,2,0
GDKms,14,0
GDKmunmap,1,0
GDKprepareExit,2,0
GDKqsort,5,0
GDKqsort_impl_any,1,0
GDKqsort_impl_any_rev,1,0
GDKqsort_impl_bte,1,0
GDKqsort_impl_bte_rev,1,0
GDKqsort_impl_dbl,1,0
GDKqsort_impl_dbl_rev,1,0
GDKqsort_impl_flt,1,0
GDKqsort_impl_flt_rev,1,0
GDKqsort_impl_hge,1,0
GDKqsort_impl_hge_rev,1,0
GDKqsort_impl_int,1,0
GDKqsort_impl_int_rev,1,0
GDKqsort_impl_lng,1,0
GDKqsort_impl_lng_rev,1,0
GDKqsort_impl_sht,1,0
GDKqsort_impl_sht_rev,1,0
GDKqsort_impl_var,1,0
GDKqsort_impl_var_rev,1,0
GDKqsort_rev,4,0
GDKrealloc,69,1
GDKreallocmax,3,0
GDKregister,4,0
GDKremovedir,4,0
GDKreset,2,0
GDKsave,2,0
GDKsetenv,12,0
GDKssort,1,0
GDKssort_rev,1,0
GDKstrFromStr,18,0
GDKstrdup,307,3
GDKstrndup,6,0
GDKsyserror,52,0
GDKunlink,17,0
GDKunlockHome,1,0
GDKunshare,9,0
GDKupgradevarheap,145,0
GDKusec,81,0
GDKvm_cursize,8,0
GDKzalloc,206,25
GROUPcollect,1,0
GROUPcollectSort,1,0
GROUPdelete,1,0
GRPsubgroup1,1,0
GRPsubgroup4,3,0
HASHclear,1,0
HASHcollisions,1,0
HASHdestroy,11,0
HASHfree,1,0
HASHgonebad,3,0
HASHinfo,2,0
HASHlist,1,0
HASHmask,11,0
HASHnew,5,0
HASHprobe,33,0
HASHremove,8,0
HASHwidth,1,0
HEAP_empty,1,0
HEAP_free,1,0
HEAP_initialize,2,0
HEAP_malloc,2,0
HEAPalloc,11,1
HEAPchangeaccess,4,0
HEAPcommitpersistence,4,0
HEAPcopy,3,0
HEAPcreatefile,2,0
HEAPdelete,5,5
HEAPextend,11,0
HEAPfree,59,0
HEAPload,14,0
HEAPload_intern,2,1
HEAPmemsize,30,6
HEAPsave,9,0
HEAPsave_intern,2,0
HEAPvmsize,30,6
HEAPwarm,1,0
HTMLsave,4,0
Hpos,12,0
IDfromString,1,0
ILIKEsubjoin,1,0
IMPSdestroy,8,0
IMPSfree,1,0
IMPSgetbin,560,0
IMPSimprintsize,7,0
IMPSremove,2,0
INET_comp_CW,2,0
INET_comp_CWE,1,0
INET_comp_EQ,4,0
INET_comp_LT,4,0
INETfromString,2,0
INETnetmask,1,0
INSPECTcalcSize,2,0
IOprintBoth,4,0
IOprintf_,18,0
JSONappend,3,0
JSONargumentlist,2,0
JSONcompile,1,0
JSONdumpInternal,1,0
JSONfilterArrayDefault,10,0
JSONfilterInternal,2,0
JSONfoldKeyValue,1,0
JSONfree,34,0
JSONfreeArgumentlist,2,0
JSONgetValue,13,0
JSONglue,10,0
JSONjsonaggr,1,0
JSONmatch,6,0
JSONnew,4,0
JSONnewtree,1,0
JSONnumberParser,1,0
JSONparse,15,0
JSONplaintext,5,0
JSONrenderRowArray,1,0
JSONrenderRowObject,1,0
JSONstringParser,1,0
JSONsubjsoncand,1,0
JSONtoken,4,0
JSONunfoldContainer,1,0
JSONunfoldInternal,1,0
LIKEsubjoin,1,0
LSSTxmatch_intern,1,0
MACROprocessor,1,0
MACROvalidate,4,0
MALadmission,2,0
MALcommentsOnly,2,0
MALengine,1,0
MALkeyword,25,4
MALlookahead,1,0
MALresourceFairness,1,0
MALrunningThreads,1,0
MANIFOLDjob,1,0
MANIFOLDtypecheck,4,0
MATpackInternal,1,0
MAXoid,1,0
MBMrandom_seed,1,0
MCactiveClients,4,0
MCawakeClient,1,0
MCcloseClient,3,0
MCexitClient,1,0
MCgetClient,10,0
MCinit,1,0
MCinitClient,3,3
MCinitClientRecord,2,0
MCinitClientThread,3,0
MCnewClient,1,0
MCpopClientInput,9,0
MCpushClientInput,5,0
MCreadClient,4,0
MCshutdowninprogress,2,1
MCstopClients,2,0
MCsuspendClient,1,0
MD5,1,0
MD5_Final,1,0
MD5_Init,1,0
MD5_Update,2,0
MDBgetFrame,3,0
MDBtraceFlag,1,0
MEROgetStatus,6,6
MPresetProfiler,2,0
MSP_locate_script,1,0
MSP_locate_sqlscript,2,1
MSinitClientPrg,10,0
MSresetClientPrg,1,0
MSresetInstructions,8,0
MSresetVariables,6,0
MSscheduleClient,1,0
MSserveClient,2,0
MTIMEcurrent_time,1,0
MTIMEcurrent_timestamp,4,0
MTIMEdate_adddays,9,0
MTIMEdate_addmonths,5,0
MTIMEdate_extract_day,2,0
MTIMEdate_extract_month,2,0
MTIMEdate_extract_year,2,0
MTIMEday_from_str,2,0
MTIMEdaytime_create,4,0
MTIMEdaytime_extract_hours,2,0
MTIMEdaytime_extract_milliseconds,2,0
MTIMEdaytime_extract_minutes,2,0
MTIMEdaytime_extract_seconds,2,0
MTIMEdaytime_extract_sql_seconds,2,0
MTIMErule_create,3,0
MTIMErule_fromstr,2,0
MTIMEtimestamp_add,27,0
MTIMEtimestamp_create,7,0
MTIMEtimestamp_diff,1,0
MTIMEtimestamp_extract_date,8,0
MTIMEtimestamp_extract_date_default,1,0
MTIMEtimestamp_extract_daytime,10,0
MTIMEtimestamp_extract_daytime_default,1,0
MTIMEtimezone,2,0
MTIMEtzone_create,12,0
MTIMEtzone_create_dst,12,0
MTIMEtzone_fromstr,1,0
MTIMEtzone_get_local,1,0
MTIMEunix_epoch,11,0
MT_check_nr_cores,2,0
MT_check_nr_cores_,1,0
MT_create_thread,13,2
MT_exit_thread,2,0
MT_exiting_thread,2,0
MT_getpid,36,0
MT_getrss,7,0
MT_global_exit,1,0
MT_init,2,0
MT_init_posix,1,0
MT_join_thread,9,0
MT_kill_thread,1,0
MT_lockf,10,2
MT_mallinfo,3,0
MT_mmap,3,1
MT_mremap,2,2
MT_msync,2,0
MT_munmap,5,0
MT_path_absolute,6,6
MT_sleep_ms,216,0
MT_thread_sigmask,2,0
N,14,0
OIDTreeMaybeInsert,1,0
OIDTreeToBAT,3,0
OIDTreeToBATAntiset,3,0
OIDbase,4,0
OIDdirty,1,0
OIDfromStr,1,0
OIDinit,1,0
OIDnew,6,0
OIDrand,2,0
OIDread,1,0
OIDseed,1,0
OIDtoStr,1,0
OIDwrite,3,0
OPTaliasRemap,2,0
OPTallConstant,2,1
OPTallowed,1,0
OPTbreadthfirst,4,0
OPTdependencies,1,0
OPTexpandMultiplex,1,0
OPTinlineImplementation,1,0
OPTinlineMultiplex,1,1
OPTisAlias,1,0
OPTmacroImplementation,1,0
OPTmitosisPlanOverdue,1,0
OPTmultiplexImplementation,1,0
OPTmultiplexInline,1,0
OPTmultiplexSimple,2,0
OPTorcamImplementation,1,0
OPTremapDirect,2,0
OPTremapSwitched,1,0
OPTremoveDep,5,0
OPTremoveUnusedBlocks,1,0
OPTsetDebugStr,1,0
OPTsimpleflow,1,0
OPTsql_appendImplementation,1,0
ORCAMprocessor,1,0
PCREilike2,1,0
PCREilike3,2,0
PCREimatch,1,0
PCREindex,1,0
PCRElike2,1,0
PCRElike3,2,0
PCRElike4,2,0
PCRElikesubselect2,4,0
PCREmatch,1,0
PCREsubjoin,2,0
PROPdestroy,5,0
PushArgument,6,0
PushNil,2,0
QLOGcalls,1,0
QLOGcatalog,1,0
QLOGcreate,17,1
QLOGempty,1,0
QLOGisset,1,0
QOT_create,4,0
QOTindex,1,0
QOTstatisticsExit,1,0
QOTstatisticsInit,2,0
QOTstatisticsSave,2,0
QOTupdateStatistics,2,0
RAND_bytes,4,0
RAPIEnabled,2,1
RAPIeval,2,0
RAPIinitialize,1,0
RAPIinstalladdons,1,0
RAWrenderer,2,0
RECYCLEcleanCache,1,0
RECYCLEcolumn,2,0
RECYCLEdrop,9,0
RECYCLEdump,1,0
RECYCLEdumpInternal,4,0
RECYCLEentry,1,1
RECYCLEexit,3,0
RECYCLEfind,1,0
RECYCLEgarbagecollect,2,0
RECYCLEinit,1,0
RECYCLEkeep,1,0
RECYCLEresetBAT,1,0
RECYCLEreuse,1,1
RECYCLEspace,1,0
RIPEMD160,1,0
RIPEMD160_Final,1,0
RIPEMD160_Init,1,0
RIPEMD160_Update,2,0
RMTconnectScen,1,0
RMTfindconn,5,0
RMTgetId,1,0
RMTinternalcopyfrom,2,0
RMTquery,8,0
RMTregisterInternal,1,0
RQcall2str,5,0
R_BadLongVector,2,0
R_DefParams,1,0
R_ParseVector,2,0
R_SetParams,1,0
R_curErrorBuf,1,0
R_tryEval,1,0
R_tryEvalSilent,1,0
ReplaceWithNil,1,0
Rf_ScalarLogical,1,0
Rf_ScalarString,3,0
Rf_allocVector,3,0
Rf_defineVar,3,0
Rf_eval,1,0
Rf_initialize_R,1,0
Rf_install,5,0
Rf_lang1,1,0
Rf_mkChar,1,0
Rf_mkCharCE,4,0
Rf_mkString,2,0
Rf_protect,5,0
Rf_setAttrib,1,0
Rf_unprotect,5,0
Rfopen,3,1
SABAOTHfreeStatus,3,0
SABAOTHgetLocalConnection,3,0
SABAOTHgetMyStatus,1,1
SABAOTHmarchConnection,1,0
SABAOTHmarchScenario,1,0
SABAOTHretreatScenario,1,0
SAMPLEuniform,2,0
SAMrenderer,1,0
SA_VALcopy,2,0
SCode,2,0
SERVERannounce,1,0
SERVERconnectAll,3,0
SERVERfieldAnalysis,2,0
SERVERlisten,3,0
SERVERsetAlias,2,0
SET_INTERNAL,1,0
SET_STRING_ELT,2,0
SET_VECTOR_ELT,1,0
SHA1,1,0
SHA1_Final,1,0
SHA1_Init,1,0
SHA1_Update,2,0
SHA224,1,0
SHA224_Final,1,0
SHA224_Init,1,0
SHA224_Update,2,0
SHA256,1,0
SHA256_Final,1,0
SHA256_Init,1,0
SHA256_Update,2,0
SHA384,1,0
SHA384_Final,1,0
SHA384_Init,1,0
SHA384_Update,2,0
SHA512,1,0
SHA512_Final,1,0
SHA512_Init,1,0
SHA512_Update,2,0
SORTfnd,3,0
SORTfndfirst,160,0
SORTfndlast,10,0
SORTfndwhich,3,0
SQLCacheRemove,3,0
SQLautocommit,8,0
SQLdebugRendering,2,0
SQLengineIntern,2,0
SQLexecutePrepared,1,0
SQLgetSpace,1,0
SQLheader,1,0
SQLinit,1,0
SQLinitClient,1,0
SQLinitEnvironment,1,0
SQLinsert_val,1,0
SQLload_error,6,1
SQLload_file,1,1
SQLload_parse_line,1,0
SQLpagemove,1,0
SQLprelude,3,0
SQLqueryEcho,9,0
SQLrecompile,1,0
SQLrenderer,1,0
SQLreuse,1,0
SQLrow,2,0
SQLseparator,5,0
SQLsetDebugger,3,0
SQLsetSpecial,2,0
SQLsetTrace,3,0
SQLshrink,1,0
SQLstatementIntern,22,0
SQLstr_cast_,2,0
SQLtrans,8,0
SQLupgrades,1,0
SQLworkdivider,1,0
SQLworker_column,1,0
STRLength,2,0
STRPrefix,2,0
STRReverseStrSearch,2,0
STRSubString,3,0
STRSubstitute,2,0
STRSuffix,2,0
STRTail,3,0
STRWChrAt,3,0
STRlike,3,0
STRlocate2,1,0
STRrepeat,1,0
STRstrSearch,3,0
STRsubstring,2,0
STRwidth,3,0
SaveArgReference,17,0
SelectNodeCmp,1,0
TABLET_error,5,0
TABLETcollect,1,0
TABLETcollect_parts,1,0
TABLETcreate_bats,1,1
TABLETdestroy_format,3,0
TABLEToutput_file,1,0
TABLETstrFrStr,1,0
TBL_getdir,1,0
TESTrenderer,1,0
THRdel,11,0
THRgetdata,73,2
THRgettid,7,0
THRhighwater,9,6
THRinit,1,0
THRnew,6,0
THRprintf,2,0
THRsetdata,6,0
THRsp,2,0
TIMERrenderer,1,0
TKNZRappend,1,0
TKNZRtokenize,2,1
TMabort,1,0
TMcommit,3,0
TMsubcommit,2,0
TMsubcommit_list,10,2
TRACEcreate,13,0
TRACEtable,1,0
Tpos,456,2
UDFBATfuse_,1,0
UDFBATfuse_bte_sht,1,0
UDFBATfuse_int_lng,1,0
UDFBATfuse_lng_hge,1,0
UDFBATfuse_sht_int,1,0
UDFBATreverse_,1,0
UDFreverse_,2,0
UTF8_strlen,19,0
UTF8_strpos,2,0
UTF8_strtail,9,0
UUIDfromString,2,0
UUIDtoString,1,0
VALclear,11,0
VALcmp,5,0
VALconvert,1,0
VALcopy,25,0
VALempty,2,0
VALformat,5,0
VALget,36,1
VALinit,14,0
VALisnil,6,0
VALptr,174,0
VALset,26,0
VARcalcabsolute,1,1
VARcalcadd,2,0
VARcalcand,1,0
VARcalcbetween,2,0
VARcalccmp,2,0
VARcalcdecr,1,1
VARcalcdiv,2,0
VARcalceq,1,0
VARcalcge,1,0
VARcalcgt,1,0
VARcalcincr,1,1
VARcalcisnil,1,1
VARcalcisnotnil,1,1
VARcalciszero,1,1
VARcalcle,1,0
VARcalclsh,2,0
VARcalclt,1,0
VARcalcmod,2,0
VARcalcmul,2,0
VARcalcne,1,0
VARcalcnegate,1,1
VARcalcnot,1,1
VARcalcor,1,0
VARcalcrsh,2,0
VARcalcsign,4,1
VARcalcsub,2,0
VARcalcxor,1,0
VARconvert,2,1
VIEWbounds,3,0
VIEWcreate,7,0
VIEWcreate_,3,0
VIEWdestroy,3,0
VIEWreset,2,0
VIEWunlink,2,0
VLTgenerator_noop,1,0
VLTgenerator_table_,2,0
Wfopen,7,0
XMLcontent,1,0
XMLdocument,1,0
XMLelement,1,0
XMLisdocument,2,0
XMLprattr,3,0
XMLprdata,2,0
XMLquotestring,6,0
XMLrenderer,1,0
XMLstr2xml,1,0
XMLunquotestring,2,0
Zdecode_int_oid,3,0
Zdecode_int_oid_x,3,0
Zdecode_int_oid_y,3,0
Zencode_int_oid,6,0
_NSGetExecutablePath,1,0
_OSSwapInt16,7,0
_OSSwapInt32,16,0
_QLOGcleanup,1,0
__atomic_clear,299,0
__atomic_test_and_set,383,0
__builtin___memcpy_chk,258,0
__builtin___memmove_chk,15,0
__builtin___memset_chk,111,0
__builtin___snprintf_chk,983,11
__builtin___sprintf_chk,141,0
__builtin___strcat_chk,34,0
__builtin___strcpy_chk,111,0
__builtin___strncat_chk,1,0
__builtin___strncpy_chk,109,0
__builtin___vsnprintf_chk,12,0
__builtin___vsprintf_chk,1,0
__builtin_bzero,11,0
__builtin_constant_p,23,0
__builtin_memcpy,2,0
__builtin_object_size,1776,0
__builtin_va_end,30,0
__builtin_va_start,19,0
__darwin_fd_isset,11,8
__error,465,97
__fpclassifyd,4,0
__fpclassifyf,4,0
__fpclassifyl,4,0
__inline_isfinited,2,0
__inline_isfinitef,2,0
__inline_isfinitel,2,0
__sigbits,6,0
_bind_table,1,1
_cleanupProfiler,1,0
_column_name,1,0
_create_relational_function,2,0
_create_relational_remote,1,0
_cs_find_name,7,0
_delta_cands,1,0
_dump_1,1,0
_dump_2,1,0
_dumpstmt,74,0
_dup_subaggr,8,0
_exp_push_down,7,0
_gtr_update,2,0
_initQlog,1,0
_list_find_name,1,0
_qserv_angSep,2,0
_qserv_computeEdges,1,0
_qserv_dist,1,0
_qserv_reduceRa,3,0
_rel_add_identity,1,0
_rel_aggr,4,0
_rel_optimizer,2,0
_stack_push_table,2,0
_symbol_cmp,1,0
_table_name,1,0
abbreviateString,6,0
abort,3,0
abs,4512,30
absolute_path,3,0
accept,5,5
acceptConnections,1,0
access,4,2
acos,4,2
acosf,2,0
addOptimizerPipe,1,0
addOptimizers,1,0
addPipeDefinition,1,0
addQueryToCache,6,0
addRemoteDB,1,1
add_bte_bte_bte,1,0
add_bte_bte_sht,1,0
add_bte_dbl_dbl,1,0
add_bte_flt_dbl,1,0
add_bte_flt_flt,1,0
add_bte_hge_hge,1,0
add_bte_int_int,1,0
add_bte_int_lng,1,0
add_bte_lng_hge,1,0
add_bte_lng_lng,1,0
add_bte_sht_int,1,0
add_bte_sht_sht,1,0
add_cache,3,0
add_dbl_bte_dbl,1,0
add_dbl_dbl_dbl,1,0
add_dbl_flt_dbl,1,0
add_dbl_hge_dbl,1,0
add_dbl_int_dbl,1,0
add_dbl_lng_dbl,1,0
add_dbl_sht_dbl,1,0
add_error,1,0
add_flt_bte_dbl,1,0
add_flt_bte_flt,1,0
add_flt_dbl_dbl,1,0
add_flt_flt_dbl,1,0
add_flt_flt_flt,1,0
add_flt_hge_dbl,1,0
add_flt_hge_flt,1,0
add_flt_int_dbl,1,0
add_flt_int_flt,1,0
add_flt_lng_dbl,1,0
add_flt_lng_flt,1,0
add_flt_sht_dbl,1,0
add_flt_sht_flt,1,0
add_hge_bte_hge,1,0
add_hge_dbl_dbl,1,0
add_hge_flt_dbl,1,0
add_hge_flt_flt,1,0
add_hge_hge_hge,1,0
add_hge_int_hge,1,0
add_hge_lng_hge,1,0
add_hge_sht_hge,1,0
add_int_bte_int,1,0
add_int_bte_lng,1,0
add_int_dbl_dbl,1,0
add_int_flt_dbl,1,0
add_int_flt_flt,1,0
add_int_hge_hge,1,0
add_int_int_int,1,0
add_int_int_lng,1,0
add_int_lng_hge,1,0
add_int_lng_lng,1,0
add_int_sht_int,1,0
add_int_sht_lng,1,0
add_lng_bte_hge,1,0
add_lng_bte_lng,1,0
add_lng_dbl_dbl,1,0
add_lng_flt_dbl,1,0
add_lng_flt_flt,1,0
add_lng_hge_hge,1,0
add_lng_int_hge,1,0
add_lng_int_lng,1,0
add_lng_lng_hge,1,0
add_lng_lng_lng,1,0
add_lng_sht_hge,1,0
add_lng_sht_lng,1,0
add_nulls,2,0
add_sht_bte_int,1,0
add_sht_bte_sht,1,0
add_sht_dbl_dbl,1,0
add_sht_flt_dbl,1,0
add_sht_flt_flt,1,0
add_sht_hge_hge,1,0
add_sht_int_int,1,0
add_sht_int_lng,1,0
add_sht_lng_hge,1,0
add_sht_lng_lng,1,0
add_sht_sht_int,1,0
add_sht_sht_sht,1,0
add_typeswitchloop,5,0
adder_addval,1,0
addstr_loop,3,0
addtoMalBlkHistory,7,0
admin_privs,22,8
advance,34,0
aggr_phase2,2,0
alarm,2,0
alter_seq,1,0
alter_table,1,0
alter_table_add_table,1,0
alter_table_del_table,1,0
alter_table_set_access,1,0
ambigious_ref,3,0
ambigious_refs,1,0
and_typeswitchloop,4,0
anncdbS,4,0
appendProp,1,0
append_inserted,3,0
are_equality_exps,4,0
arg_dup,4,0
arg_subtype_cmp,2,0
argumentZero,2,0
as_subquery,2,0
asctime_r,1,0
asin,5,2
asinf,2,0
atan,7,2
atan2,6,2
atan2f,4,0
atanf,2,0
atof,5,0
atoi,85,7
atol,30,0
atom2sql,2,0
atom2string,5,0
atom_add,1,0
atom_bool,6,0
atom_cast,5,1
atom_cmp,2,0
atom_create,7,0
atom_dec,1,0
atom_dup,6,0
atom_float,6,0
atom_general,53,3
atom_get_int,1,0
atom_int,19,0
atom_neg,1,1
atom_num_digits,2,0
atom_ptr,1,0
atom_string,13,0
atom_sub,1,0
atom_type,21,2
avoid_snapshot,2,0
backend_alter_user,1,1
backend_call,1,0
backend_callinline,3,0
backend_create,2,0
backend_create_func,2,0
backend_create_privileges,1,0
backend_create_r_func,1,0
backend_create_sql_func,1,0
backend_create_subaggr,1,0
backend_create_subfunc,3,0
backend_create_user,1,1
backend_destroy,2,0
backend_drop_user,1,1
backend_dumpproc,2,0
backend_dumpstmt,4,0
backend_find_user,5,5
backend_freecode,1,0
backend_freestack,1,0
backend_rename_user,1,1
backend_reset,2,0
backend_resolve_function,1,1
backend_schema_has_user,1,0
backend_schema_user_dependencies,1,0
backup_new,2,0
bandjoin,1,0
base_init,40,0
base_key,1,0
bat2return,1,0
bat_decref,2,0
bat_destroy,171,0
bat_incref,3,0
bat_iterator,288,1
bat_logger_init,1,0
bat_logger_init_shared,1,0
bat_max_btelength,1,0
bat_max_hgelength,1,0
bat_max_intlength,1,0
bat_max_lnglength,1,0
bat_max_shtlength,1,0
bat_max_strlength,1,0
bat_new,10,0
bat_storage_init,1,0
bat_table_init,1,0
bat_to_sexp,2,0
bat_utils_init,1,0
batstr_2time_daytimetz,1,0
batstr_2time_timestamptz,1,0
bbpclear,1,0
bin_find_column,8,0
bin_find_columns,1,0
bin_first_column,27,0
bincopyfrom,1,0
bind,6,4
bind_col,2,0
bind_func,10,1
bind_func_,4,2
bind_member_func,5,0
bind_ucol,1,0
bind_uidx,1,0
binding,2,0
binsearch,12,0
binsearch_bte,1,0
binsearch_dbl,1,0
binsearch_flt,1,0
binsearch_hge,1,0
binsearch_int,7,0
binsearch_lng,11,0
binsearch_sht,1,0
binsearchcand,2,0
bits2digits,2,0
bl_read_last_transaction_id_shared,1,0
blob_del,1,0
blob_fromstr,2,0
blob_hash,1,0
blob_heap,1,0
blob_length,1,0
blob_nequal,1,0
blob_null,1,0
blob_put,1,0
blob_read,1,0
blob_tostr,1,0
blob_write,1,0
blobsize,8,0
block_stream,11,3
bm_commit,3,1
bm_subcommit,4,1
bm_tids,2,1
bootstrap_create_column,92,0
bootstrap_create_schema,3,1
bootstrap_create_table,13,4
broadcast,8,0
bs_create,1,0
bstream_create,18,2
bstream_destroy,19,0
bstream_next,18,1
bstream_read,5,0
bstream_readline,1,0
buffer_create,3,0
buffer_destroy,3,0
buffer_get_buf,2,0
buffer_init,8,0
buffer_rastream,8,0
buffer_wastream,3,0
c_delete,12,0
cachable,2,0
cachedProfilerEvent,1,0
caching,2,2
calctype,1,0
calcvariance,4,0
callFactory,1,0
callMAL,1,0
callString,3,0
callbatBETWEEN,2,0
calloc,15,0
can_push_func,26,0
candscan_any,1,0
candscan_bte,2,0
candscan_dbl,2,0
candscan_flt,2,0
candscan_hge,2,0
candscan_int,2,0
candscan_lng,3,0
candscan_sht,2,0
cascade_ukey,1,0
catchKernelException,2,1
ceil,6,2
ceilf,2,0
chain_by_length,3,0
chdir,5,5
checkSQLContext,55,0
check_BATs,1,1
check_table_columns,2,1
check_types,7,0
check_version,2,1
checkbats,48,0
checksize,8,0
chkDeclarations,4,0
chkFlow,6,0
chkInstruction,3,0
chkProgram,8,0
chkTypes,9,0
chooseVictims,1,0
classify,1,0
clean_print,3,0
cleanupTraces,1,0
clearArguments,1,0
clearStack,1,0
clearTrace,4,0
clearVariable,2,0
clear_dbat,1,0
clear_delta,2,0
clear_stmts,2,0
clearerr,1,0
cloneFunction,1,0
cloneVariable,1,0
close,145,0
closeProfilerStream,3,0
close_connection,45,0
close_result,2,0
close_stream,87,0
closedir,15,0
clrFunction,4,0
clrModuleJump,1,0
cmp_print,5,0
coercionOptimizerAggrStep,1,0
coercionOptimizerCalcStep,1,0
coercionOptimizerStep,1,0
color_fromstr,1,0
color_rgb2hsv,6,0
color_tostr,1,0
column,29,0
column_constraint_name,1,0
column_constraint_type,1,0
column_destroy,1,0
column_dup,1,0
column_exp,1,0
column_lookup_row,1,0
column_name,37,0
column_option,1,0
column_options,2,0
command_create,2,0
command_destroy,1,0
command_discover,1,0
command_get,2,0
command_help,37,0
command_lock,1,0
command_release,1,0
command_set,3,0
command_startstop,3,0
command_status,1,0
command_stop,1,0
command_version,4,0
compare2range,5,0
compare_func,3,0
compare_str2type,2,0
compareseq,3,0
compileOptimizer,2,0
compileString,2,0
complex_select,2,0
complexatom,2,0
compute_rule,3,0
cond_append,6,0
connect,6,5
const_column,9,0
constantAtom,3,0
control_authorise,1,0
control_handleclient,1,0
control_hash,1,0
control_ping,2,1
control_send,11,7
convert2str,1,0
convertCase,2,0
convertConstant,5,0
convertMultiplexFcn,4,0
convertMultiplexMod,3,0
convertOperator,5,0
convert_any_str,1,0
convert_atom,1,0
convert_bte_bit,1,0
convert_bte_bte,1,0
convert_bte_dbl,1,0
convert_bte_flt,1,0
convert_bte_hge,1,0
convert_bte_int,1,0
convert_bte_lng,1,0
convert_bte_oid,1,0
convert_bte_sht,1,0
convert_dbl_bit,1,0
convert_dbl_bte,1,0
convert_dbl_dbl,1,0
convert_dbl_flt,1,0
convert_dbl_hge,1,0
convert_dbl_int,1,0
convert_dbl_lng,1,0
convert_dbl_oid,1,0
convert_dbl_sht,1,0
convert_flt_bit,1,0
convert_flt_bte,1,0
convert_flt_dbl,1,0
convert_flt_flt,1,0
convert_flt_hge,1,0
convert_flt_int,1,0
convert_flt_lng,1,0
convert_flt_oid,1,0
convert_flt_sht,1,0
convert_hge_bit,1,0
convert_hge_bte,1,0
convert_hge_dbl,1,0
convert_hge_flt,1,0
convert_hge_hge,1,0
convert_hge_int,1,0
convert_hge_lng,1,0
convert_hge_oid,1,0
convert_hge_sht,1,0
convert_int_bit,1,0
convert_int_bte,1,0
convert_int_dbl,1,0
convert_int_flt,1,0
convert_int_hge,1,0
convert_int_int,1,0
convert_int_lng,1,0
convert_int_oid,1,0
convert_int_sht,1,0
convert_lng_bit,1,0
convert_lng_bte,1,0
convert_lng_dbl,1,0
convert_lng_flt,1,0
convert_lng_hge,1,0
convert_lng_int,1,0
convert_lng_lng,1,0
convert_lng_oid,1,0
convert_lng_sht,1,0
convert_sht_bit,1,0
convert_sht_bte,1,0
convert_sht_dbl,1,0
convert_sht_flt,1,0
convert_sht_hge,1,0
convert_sht_int,1,0
convert_sht_lng,1,0
convert_sht_oid,1,0
convert_sht_sht,1,0
convert_str_any,1,0
convert_typeswitchloop,4,0
convert_void_any,1,0
copyBat,8,0
copyInstruction,51,0
copyMalBlk,4,1
copyVariable,1,1
copy_allowed,4,4
copyfrom,1,0
copyto,1,0
cos,24,2
cosf,2,0
cosh,4,2
coshf,2,0
count1,2,0
count_col,1,0
cpyConstant,2,0
cq_delete,3,0
createException,2040,0
createExceptionInternal,2,0
createScriptException,9,0
createScriptExceptionInternal,2,0
createTomogram,3,0
create_arg,46,0
create_column,1,0
create_delta,1,0
create_func,2,0
create_rejects_table,2,0
create_seq,1,0
create_sql_column,2,0
create_sql_fkey,1,0
create_sql_func,1,0
create_sql_ic,3,0
create_sql_idx,3,0
create_sql_kc,2,0
create_sql_sequence,3,0
create_sql_table,5,0
create_sql_table_with_id,2,0
create_sql_ukey,1,0
create_stream,13,0
create_table_or_view,2,0
create_trans,1,0
create_trigger,2,0
create_type_list,2,1
cs_add,45,0
cs_add_before,1,0
cs_del,14,0
cs_destroy,9,0
cs_find_id,10,1
cs_find_name,6,0
cs_first_node,2,0
cs_last_node,1,0
cs_new,33,0
cs_remove_node,5,0
cs_size,21,6
cstToken,4,3
ctime,1,0
ctime_r,6,0
ctl_handle_client,2,0
cur_schema,46,1
cvfilename,4,0
dataflowConflict,2,1
date_dayofweek,4,0
date_fromstr,2,0
date_tostr,4,0
datetime_field,1,0
daytime_2time_daytime,3,0
daytime_add,2,0
daytime_fromstr,4,0
daytime_tostr,4,1
daytime_tz_fromstr,1,0
db_create,2,2
db_destroy,2,1
db_lock,1,0
db_release,1,0
db_rename,1,1
db_validname,2,0
dblFromStr,2,0
debugFunction,4,0
debugLifespan,2,0
debugOptimizers,1,0
dec_tostr,3,0
decimal_from_str,1,0
decimal_to_str,2,0
decompose_filename,3,0
decref,9,0
defConstant,45,0
defaultProperty,2,1
defaultScenario,2,1
default_ident,6,0
delArgument,2,0
deleteSymbol,2,0
delete_table,1,0
deletedir,2,1
delta_append_bat,2,0
delta_append_val,2,0
delta_bind_bat,3,0
delta_bind_del,1,0
delta_bind_ubat,2,0
delta_cands,3,0
delta_delete_bat,1,0
delta_delete_val,1,0
delta_full_bat,1,0
delta_full_bat_,1,0
delta_update_bat,2,0
delta_update_val,1,0
describe_schema,1,0
describe_sequence,1,0
describe_table,2,1
destroy,23,0
destroy_bat,8,0
destroy_col,1,0
destroy_dbat,5,0
destroy_del,1,0
destroy_delta,1,0
destroy_idx,1,0
destroy_spare_transactions,2,0
dflowAssignConflict,2,0
dflowGarbagesink,1,0
diag,1,0
digits2bits,3,0
digits2ek,3,0
digits2sk,2,0
dirty_bat,2,0
distinct_rel,4,0
distribute,9,0
div_bte_bte_bte,1,0
div_bte_bte_dbl,1,0
div_bte_bte_flt,1,0
div_bte_dbl_dbl,1,0
div_bte_flt_dbl,1,0
div_bte_flt_flt,1,0
div_bte_hge_bte,1,0
div_bte_hge_dbl,1,0
div_bte_hge_flt,1,0
div_bte_int_bte,1,0
div_bte_int_dbl,1,0
div_bte_int_flt,1,0
div_bte_lng_bte,1,0
div_bte_lng_dbl,1,0
div_bte_lng_flt,1,0
div_bte_sht_bte,1,0
div_bte_sht_dbl,1,0
div_bte_sht_flt,1,0
div_dbl_bte_dbl,1,0
div_dbl_dbl_dbl,1,0
div_dbl_flt_dbl,1,0
div_dbl_hge_dbl,1,0
div_dbl_int_dbl,1,0
div_dbl_lng_dbl,1,0
div_dbl_sht_dbl,1,0
div_flt_bte_dbl,1,0
div_flt_bte_flt,1,0
div_flt_dbl_dbl,1,0
div_flt_flt_dbl,1,0
div_flt_flt_flt,1,0
div_flt_hge_dbl,1,0
div_flt_hge_flt,1,0
div_flt_int_dbl,1,0
div_flt_int_flt,1,0
div_flt_lng_dbl,1,0
div_flt_lng_flt,1,0
div_flt_sht_dbl,1,0
div_flt_sht_flt,1,0
div_hge_bte_dbl,1,0
div_hge_bte_flt,1,0
div_hge_bte_hge,1,0
div_hge_dbl_dbl,1,0
div_hge_flt_dbl,1,0
div_hge_flt_flt,1,0
div_hge_hge_dbl,1,0
div_hge_hge_flt,1,0
div_hge_hge_hge,1,0
div_hge_int_dbl,1,0
div_hge_int_flt,1,0
div_hge_int_hge,1,0
div_hge_lng_dbl,1,0
div_hge_lng_flt,1,0
div_hge_lng_hge,1,0
div_hge_sht_dbl,1,0
div_hge_sht_flt,1,0
div_hge_sht_hge,1,0
div_int_bte_dbl,1,0
div_int_bte_flt,1,0
div_int_bte_int,1,0
div_int_dbl_dbl,1,0
div_int_flt_dbl,1,0
div_int_flt_flt,1,0
div_int_hge_dbl,1,0
div_int_hge_flt,1,0
div_int_hge_int,1,0
div_int_int_dbl,1,0
div_int_int_flt,1,0
div_int_int_int,1,0
div_int_lng_dbl,1,0
div_int_lng_flt,1,0
div_int_lng_int,1,0
div_int_sht_dbl,1,0
div_int_sht_flt,1,0
div_int_sht_int,1,0
div_lng_bte_dbl,1,0
div_lng_bte_flt,1,0
div_lng_bte_lng,1,0
div_lng_dbl_dbl,1,0
div_lng_flt_dbl,1,0
div_lng_flt_flt,1,0
div_lng_hge_dbl,1,0
div_lng_hge_flt,1,0
div_lng_hge_lng,1,0
div_lng_int_dbl,1,0
div_lng_int_flt,1,0
div_lng_int_lng,1,0
div_lng_lng_dbl,1,0
div_lng_lng_flt,1,0
div_lng_lng_lng,1,0
div_lng_sht_dbl,1,0
div_lng_sht_flt,1,0
div_lng_sht_lng,1,0
div_sht_bte_dbl,1,0
div_sht_bte_flt,1,0
div_sht_bte_sht,1,0
div_sht_dbl_dbl,1,0
div_sht_flt_dbl,1,0
div_sht_flt_flt,1,0
div_sht_hge_dbl,1,0
div_sht_hge_flt,1,0
div_sht_hge_sht,1,0
div_sht_int_dbl,1,0
div_sht_int_flt,1,0
div_sht_int_sht,1,0
div_sht_lng_dbl,1,0
div_sht_lng_flt,1,0
div_sht_lng_sht,1,0
div_sht_sht_dbl,1,0
div_sht_sht_flt,1,0
div_sht_sht_sht,1,0
div_typeswitchloop,3,0
dlclose,1,0
dlerror,1,0
dlist2string,1,0
dlist_append_default,6,0
dlist_append_int,162,0
dlist_append_list,254,0
dlist_append_lng,9,0
dlist_append_string,226,0
dlist_append_symbol,330,0
dlist_append_type,19,0
dlist_cmp,3,0
dlist_create,410,0
dlist_get_schema_name,2,0
dlist_length,26,7
dlopen,4,1
dlsym,4,0
dnode_cmp,1,0
dnode_create,6,0
dnode_create_int,1,0
dnode_create_list,1,0
dnode_create_lng,1,0
dnode_create_string,1,0
dnode_create_symbol,1,0
dnode_create_type,1,0
doALGfetch,1,0
doFile,3,0
doFileBulk,2,0
doGDKaddbuf,2,0
doRequest,1,0
do_backup,4,0
do_batstr_batint_batstr_str,2,0
do_batstr_batint_conststr_str,2,0
do_batstr_batint_str,2,0
do_batstr_batstr_str,3,0
do_batstr_constint_batstr_str,2,0
do_batstr_constint_conststr_str,2,0
do_batstr_constint_str,2,0
do_batstr_conststr_str,3,0
do_batstr_int,2,0
do_batstr_str,5,0
do_join,9,0
do_sort,3,0
do_sql_rank,2,0
do_sql_rank_grp,2,0
dogroupstdev,4,0
doprod,2,0
dosum,2,0
doublerange,3,0
doubleslice,3,0
drop_func,1,0
drop_index,1,0
drop_key,1,0
drop_seq,1,0
drop_sql_column,1,0
drop_sql_idx,1,0
drop_sql_key,1,0
drop_table,2,0
drop_trigger,2,0
drop_view,1,0
dumpArguments,1,0
dumpExceptionsToStream,4,0
dump_1,2,0
dump_2,2,0
dump_2_,1,0
dump_cols,1,0
dump_column_definition,2,0
dump_database,3,0
dump_export_header,1,0
dump_foreign_keys,2,0
dump_functions,2,0
dump_header,1,0
dump_joinN,1,0
dump_table,4,0
dump_table_data,1,0
dump_type,1,0
dump_version,2,0
dumpbox,1,0
dumpboxes,1,0
dup,1,0
dup2,5,0
dup_bat,8,0
dup_dbat,5,0
dup_delta,1,0
dup_sql_column,1,0
dup_sql_table,2,1
dup_subaggr,1,0
dup_subfunc,2,0
dup_subtype,4,0
e_BAT,1,0
e_bat,28,0
ebat2real,2,0
ebat_copy,6,0
echoInput,3,0
eligible,1,0
emergencyBreakpoint,1,0
empty_col,1,0
empty_idx,1,0
end_pager,3,0
epilogue,2,0
equality_exps_2_in,1,0
error,3,0
escapedStr,4,0
escapedStrlen,5,0
evalFile,3,0
execute_priv,9,1
execv,1,0
execvp,1,0
exit,266,0
exitScenario,1,0
exit_streams,11,0
exp,4,2
exp2bin_args,6,0
exp_aggr,30,0
exp_alias,9,0
exp_alias_or_copy,9,0
exp_atom,45,0
exp_atom_bool,18,0
exp_atom_bte,1,0
exp_atom_clob,44,0
exp_atom_hge,2,0
exp_atom_int,37,0
exp_atom_lng,7,0
exp_atom_max,1,0
exp_atom_ptr,4,0
exp_atom_ref,5,0
exp_atom_sht,1,0
exp_atom_str,23,0
exp_atom_wrd,5,0
exp_bin,61,0
exp_card,14,0
exp_case_fixup,7,0
exp_cmp,1,0
exp_column,80,1
exp_compare,43,0
exp_compare2,14,0
exp_convert,14,0
exp_convert_inplace,1,0
exp_copy,12,0
exp_count,5,0
exp_create,21,0
exp_filter,8,1
exp_find_column,14,0
exp_find_column_,5,0
exp_find_math_unsafe,4,0
exp_find_rel_name,20,0
exp_fix_scale,8,0
exp_flatten,7,0
exp_func_name,1,0
exp_getatom,6,0
exp_getdcount,4,0
exp_getrange_sel,1,0
exp_getranges,2,0
exp_has_func,7,0
exp_has_return,1,0
exp_if,4,0
exp_in,13,0
exp_indexcol,2,0
exp_is_atom,16,0
exp_is_complex_select,4,0
exp_is_join,1,0
exp_is_join_exp,3,0
exp_is_point_select,1,0
exp_is_rangejoin,1,0
exp_key,2,0
exp_keyvalue,2,0
exp_label,27,0
exp_list,3,0
exp_mark_used,13,0
exp_match,4,0
exp_match_col_exps,6,0
exp_match_exp,23,0
exp_match_list,3,0
exp_math_unsafe_fixup,3,0
exp_merge_range,5,0
exp_name,105,1
exp_needs_push_down,5,0
exp_op,78,0
exp_or,12,0
exp_param,3,0
exp_print,13,0
exp_push_down,2,0
exp_push_down_prj,10,0
exp_range_overlap,1,0
exp_read,4,1
exp_refers,3,0
exp_rel,8,0
exp_relname,55,0
exp_rename,8,0
exp_rename_up,6,0
exp_return,1,0
exp_rewrite,3,0
exp_scale_algebra,2,0
exp_set,4,0
exp_setname,63,0
exp_setrelname,3,0
exp_shares_exps,4,0
exp_stringscol,1,0
exp_subtype,199,10
exp_sum_scales,2,0
exp_swap,1,0
exp_table,1,0
exp_types,2,0
exp_unsafe,4,0
exp_use_consts,6,0
exp_uses_exp,3,0
exp_uses_exps,7,0
exp_value,6,0
exp_values,3,0
exp_var,1,0
exp_while,1,0
expandMalBlk,1,0
expf,2,0
explists_match,1,0
export_error,6,0
export_length,2,0
export_value,2,0
exps2bin_args,7,0
exps_alias,3,0
exps_are_atoms,3,0
exps_are_joins,2,0
exps_bind_alias,1,0
exps_bind_column,26,0
exps_bind_column2,32,1
exps_can_push_func,2,0
exps_card,20,3
exps_case_fixup,7,0
exps_copy,48,0
exps_count,2,0
exps_cse,3,0
exps_equal,3,0
exps_find_identity,1,0
exps_find_match_exp,1,0
exps_fix_card,2,0
exps_from_rel,1,0
exps_get_exp,1,0
exps_has_func,3,0
exps_has_nil,2,0
exps_has_predicate,2,0
exps_mark_used,5,0
exps_match,2,0
exps_match_col_exps,3,0
exps_merge_rse,3,0
exps_need_push_down,1,0
exps_nr_of_or,1,0
exps_print,19,0
exps_push_down,4,0
exps_push_down_prj,4,0
exps_remove_dictexps,1,0
exps_rename,5,0
exps_rename_up,11,0
exps_setcard,1,0
exps_share_expensive_exp,1,0
exps_unique,4,0
exps_use_consts,5,0
exps_used,2,0
exps_uses_exps,5,0
fabs,28,2
fabsf,13,0
fclose,108,3
fcnDefinition,9,0
fcnHeader,2,1
fcntl,3,0
fdopen,13,3
feclearexcept,84,0
feof,4,1
ferror,10,1
fetch_line,9,1
fetch_row,6,0
fetestexcept,84,0
fflush,315,4
fgetc,2,0
fgets,50,3
file_exists,11,2
file_fgetpos,2,0
file_fsetpos,2,0
file_move,7,0
file_rastream,3,0
file_read,2,0
file_stream,4,0
file_wastream,5,1
filename,4,0
fileno,19,0
fillScenario,2,0
findConfKey,49,20
findFunctionType,1,0
findGDKtype,18,0
findGeneratorDefinition,6,0
findModule,21,4
findName,4,0
findPlant,1,0
findScenario,6,0
findSymbol,30,6
findSymbolInModule,5,2
findTmpVariable,2,0
findVariable,14,3
findVariableLength,7,1
find_all_sql_func,1,0
find_basetable,3,0
find_basetables,5,0
find_cheapest,1,0
find_col_exp,1,0
find_fk,3,0
find_fk_index,2,0
find_func,15,0
find_index,3,0
find_key,2,0
find_keyword,3,0
find_one_rel,9,0
find_posthread_locked,2,0
find_prop,35,0
find_ref,10,5
find_rel,21,0
find_sql_column,228,2
find_sql_func,1,0
find_sql_func_node,5,0
find_sql_idx,2,0
find_sql_schema,100,0
find_sql_schema_id,3,0
find_sql_schema_node,1,0
find_sql_sequence,11,6
find_sql_table,149,0
find_sql_table_id,1,0
find_sql_table_node,1,0
find_sql_type,5,1
find_sql_type_node,1,0
find_sqlname,1,0
find_subgeometry_type,4,0
findlogo,1,0
finishSessionProfiler,1,0
finish_handle,6,0
first_column,1,0
first_updated_col,2,0
fixModule,2,0
fixoidheap,1,0
fixoidheapcolumn,2,0
fixsorted,1,0
fixwkbheap,1,0
fleximatch,10,0
floor,16,2
floorf,4,0
fltFromStr,1,0
fmod,14,0
fmodf,11,0
fndConstant,17,0
fopen,56,30
force_move,2,0
fork,4,4
forkMserver,2,2
format_result,3,0
fprintf,2001,9
fprintf_time,2,0
fputc,2,0
fputs,5,0
frame_find_var,3,3
fread,12,3
free,571,0
freeClient,1,0
freeConfFile,31,0
freeInstruction,83,0
freeMalBlk,13,0
freeModule,3,0
freeModuleList,1,0
freeStack,3,0
freeSubScope,1,0
freeSymbol,8,0
freeSymbolList,1,0
freeVariable,4,0
freeVariables,8,0
freeaddrinfo,5,0
fromMallocToGDK,2,0
fromblob,1,0
fromblob_idx,2,0
fromdate,11,0
fromtime,8,0
fscanf,3,1
fseek,5,0
fseeko,1,0
fstat,8,2
fstrcmp_impl,1,0
fsync,9,2
ftell,1,0
ftello,1,0
ftruncate,6,2
full_column,14,0
full_destroy,14,0
fullscan_any,2,0
fullscan_bte,2,0
fullscan_dbl,2,0
fullscan_flt,2,0
fullscan_hge,2,0
fullscan_int,2,0
fullscan_lng,3,0
fullscan_sht,2,0
fullscan_str,1,0
func_cmp,3,0
func_dup,1,0
func_name,2,0
fwrite,7,2
gai_strerror,3,0
garbageCollector,8,0
garbageElement,4,0
gdk_bbp_reset,1,0
generateChallenge,1,0
generatePassphraseFile,1,0
generateSalt,2,0
generateUUID,1,0
geomcatalogfix_get,7,4
geomsqlfix_get,2,1
geomversion_set,3,0
getAddress,15,3
getArgDefault,38,0
getArgReference,207,0
getBBPdescriptor,5,0
getBBPsize,46,0
getBarrierEnvelop,1,0
getBatSpace,2,0
getCPULoad,2,0
getConfNum,16,5
getConfVal,14,8
getConsoleInput,1,1
getDBPath,13,0
getDefaultProps,12,0
getDiskReads,1,0
getDiskSpace,1,0
getDiskWrites,1,0
getExceptionMessage,9,0
getExceptionPlace,2,0
getExceptionType,4,0
getFarmPath,1,0
getFile,3,1
getFileSize,3,0
getFlowGraphs,2,0
getFreeScenario,2,0
getHeatColor,1,0
getHelp,4,2
getHelpMatch,1,0
getIntConstant,2,0
getMalBlkHistory,4,0
getMemoryClaim,4,0
getName,14,0
getNameLen,1,0
getPC,16,0
getPolyType,3,0
getRemoteDB,4,1
getSQLContext,50,0
getSQLoptimizer,2,0
getStkDepth,2,0
getStrConstant,5,0
getTrace,1,0
getTypeIdentifier,4,1
getTypeIndex,22,1
getTypeName,30,0
getUserTime,2,0
getVarName,39,0
getVolume,4,0
get_bin_path,2,1
get_exps,4,0
get_extention,4,0
get_inserts,6,0
get_relations,3,0
get_schema,5,1
get_schema_name,4,0
get_table,2,0
getaddrinfo,3,2
getc,1,0
getcwd,3,2
getdesc,6,0
getenv,4,2
gethostbyaddr,2,1
gethostbyname,3,2
gethostname,5,0
getlogin,1,0
getnameinfo,2,1
getopt,1,0
getopt_long,6,0
getpeername,1,1
getpid,13,0
getrusage,9,0
getsockname,2,2
gettime,6,0
gettimeofday,10,0
getuid,2,0
glob,6,2
globMatchDBS,6,0
global_privs,1,0
global_variables,1,0
gmtime,1,0
gnuXtics,3,0
gnuplotheader,1,0
greaterEq,1,0
group_by_ext,2,0
gtr_minmax_col,1,0
gtr_update_dbat,1,0
gtr_update_delta,2,0
gzclose,1,0
gzeof,1,1
gzerror,2,0
gzflush,1,0
gzopen,1,0
gzread,3,0
gzrewind,1,0
gzwrite,2,0
handle_error,8,0
handle_in_exps,1,0
hasCommonResults,1,0
hasSameArguments,1,0
hasSameSignature,1,0
hasSideEffects,8,1
has_hugeint,1,0
has_remote_or_replica,7,0
has_return,4,2
has_schemas_system,2,0
has_side_effect,4,0
has_systemfunctions,4,0
has_whitespace,1,0
hash_add,7,0
hash_delete,3,0
hash_key,11,0
hash_new,6,0
hash_update,1,0
hashjoin,3,0
have_nil,1,0
heap_entry,2,0
heap_move,2,0
heapcopy,2,0
heapinit,2,0
heapmove,2,0
helpInfo,4,0
hgeFromStr,3,0
hgeToStr,3,0
hstrerror,2,0
idCopy,7,0
idLength,18,12
idx_destroy,1,0
idx_dup,1,0
imprints_create,1,0
incref,8,0
indented_print,5,0
infoHeap,4,0
initFiles,2,0
initHeartbeat,1,0
initLibraries,1,0
initNamespace,1,0
initParser,1,0
initProfiler,1,0
initQlog,5,0
initResource,1,0
initSQLreferences,2,0
initScenario,2,0
initTrace,2,0
initcolors,1,0
inlineMALblock,3,0
inplace_convert,1,1
insertSymbol,5,0
insertSymbolBefore,1,0
insert_aggrs,1,0
insert_allowed,3,0
insert_check_fkey,1,0
insert_check_ukey,1,0
insert_exp_array,1,0
insert_functions,1,0
insert_into,1,0
insert_schemas,1,0
insert_string_bat,1,0
insert_types,1,0
insert_value,2,0
instruction2str,23,5
interval_from_str,2,0
inttype2digits,3,0
invocation,3,0
ioctl,2,0
isBreakpoint,1,0
isCorrectInline,1,1
isDelta,2,0
isDependent,1,0
isExceptionVariable,2,0
isFragmentGroup,3,0
isFragmentGroup2,2,0
isFunctionArgument,1,0
isIdentifier,2,0
isLikeOp,2,0
isMapOp,9,0
isMatJoinOp,4,0
isMatLeftJoinOp,1,0
isModuleDefined,3,3
isMultiplex,6,2
isNotUsedIn,1,0
isOptimizerPipe,2,1
isOrderDepenent,1,0
isProcedure,1,0
isSample,1,0
isSideEffectFree,1,1
isSlice,6,0
isSubJoin,1,0
isSubSelect,8,0
isTmpName,3,0
isTopn,2,0
isUnsafeFunction,5,0
isUnsafeInstruction,1,0
isUpdateInstruction,10,0
is_a_mat,47,0
is_commutative,1,0
is_identity,7,0
is_identity_of,1,0
is_idx_updated,2,0
is_subtype,7,0
is_subtypeof,2,0
isaSQLquery,1,0
isa_block_stream,8,4
isalnum,28,0
isalpha,13,1
isascii,15,1
isatty,2,1
isdigit,20,1
isspace,115,0
isupper,1,0
iswalnum,1,1
iswalpha,1,0
iswcntrl,1,0
iswdigit,7,1
iswpunct,1,0
iswspace,3,0
join_hash_key,2,0
join_idx_update,1,0
join_on_column_name,1,0
join_threads,3,0
join_updated_pkey,1,0
joininitresults,5,0
joinparamcheck,5,0
kc_dup,2,0
kc_dup_,3,0
key_create_done,1,0
key_dup,1,0
key_dup_,2,0
keyphrase1,2,1
keyphrase2,1,0
keyvalueparser,4,2
keyword_exists,2,0
keyword_exit,1,0
keyword_init,1,0
keyword_key,2,0
keyword_or_ident,1,0
keywords_insert,340,0
kill,6,1
l_diff2w_diff,1,0
la_apply,1,0
la_bat_clear,1,0
la_bat_create,1,0
la_bat_destroy,1,0
la_bat_updates,1,0
la_bat_use,1,0
la_destroy,2,0
lastbat_arg,3,0
lastline,2,0
leapyears,2,0
leavedb,4,0
leavedbS,1,0
lessEq,1,0
levenshtein_GetAt,5,0
levenshtein_GetCellPointer,2,0
levenshtein_PutAt,3,0
levenshtein_impl,2,0
levenshteinbasic_impl,1,0
likeSubsume,1,0
limit,1,0
listFunction,1,0
list_alter_seq,1,0
list_append,826,1
list_append_before,2,0
list_cmp,9,0
list_create,14,0
list_create_seq,1,0
list_deps,1,0
list_destroy,44,0
list_distinct,3,0
list_distinct2,1,0
list_dup,6,0
list_empty,18,3
list_fetch,17,0
list_find,28,1
list_find2,1,0
list_find_base_id,7,0
list_find_column,3,0
list_find_exp,8,0
list_find_func_id,1,0
list_find_id,6,0
list_find_name,12,2
list_keysort,2,0
list_length,262,12
list_map,5,0
list_match,3,0
list_merge,41,0
list_move_data,2,0
list_new,35,0
list_new_,8,0
list_position,14,0
list_prepend,14,0
list_remove_data,36,0
list_remove_node,7,0
list_select,5,0
list_sort,1,0
list_split_aggr_and_project,2,0
listen,4,0
llabs,15,0
lngFromStr,5,0
lngToStr,1,0
loadLibrary,3,3
load_arg,1,0
load_bat,2,0
load_column,1,0
load_dbat,1,0
load_delta,1,0
load_func,2,0
load_idx,1,0
load_idxcolumn,1,0
load_key,1,0
load_keycolumn,1,0
load_schema,1,0
load_seq,1,0
load_table,1,0
load_table_parts,1,0
load_tables_of_tables,1,0
load_trans,1,0
load_trigger,1,0
load_triggercolumn,1,0
load_type,1,0
local_itoa,23,0
local_utoa,28,0
localtime,11,0
localtime_r,1,0
localtypes_cmp,2,0
locate_file,3,0
lockf,1,0
log,7,2
log10,4,2
log10f,2,0
logFD,4,0
log_base2,1,0
log_bat,3,0
log_bat_clear,2,0
log_bat_persists,3,0
log_bat_transient,2,0
log_create_dbat,1,0
log_create_delta,2,0
log_delta,1,0
log_destroy_dbat,1,0
log_destroy_delta,2,0
log_find,11,1
log_read_clear,1,0
log_read_create,1,0
log_read_destroy,1,0
log_read_format,1,0
log_read_seq,1,0
log_read_string,2,0
log_read_updates,1,0
log_read_use,1,0
log_sequence,1,0
log_sequence_,2,0
log_sequence_nrs,1,0
log_tend,1,0
log_tstart,1,0
log_write_format,9,3
log_write_string,5,0
logbat_destroy,22,0
logbat_new,20,15
logf,2,0
logger_add_bat,18,0
logger_changes,2,0
logger_cleanup,4,0
logger_cleanup_old,1,0
logger_close,3,0
logger_commit,1,1
logger_create,2,0
logger_create_shared,1,0
logger_del_bat,7,0
logger_destroy,4,0
logger_exit,2,1
logger_fatal,41,0
logger_find_bat,27,4
logger_load,2,0
logger_new,2,2
logger_open,2,1
logger_read_last_transaction_id,2,0
logger_readlog,2,1
logger_readlogs,1,0
logger_reload,1,0
logger_restart,2,1
logger_sequence,2,0
logger_set_logdir_path,2,0
logger_switch_bat,4,0
logger_update_catalog_file,1,0
logjsonInternal,4,0
longjmp,1,0
lseek,2,0
lsh_typeswitchloop,4,0
lstat,2,2
lw_diff2wc_diff,2,0
lwc_diff2html,1,0
lzma_code,3,0
lzma_easy_encoder,1,0
lzma_end,1,0
lzma_stream_decoder,1,0
makeVarSpace,2,0
mal2str,1,0
malAtomDefinition,1,0
malAtomProperty,1,0
malAtomSize,1,0
malBootstrap,1,0
malCommandCall,1,0
malFcnMatch,1,0
malInclude,2,2
malLoadScript,1,0
malMatch,1,0
malOpenSource,3,3
malResolveFile,2,1
mal_client_reset,1,0
mal_cmdline,2,2
mal_dataflow_reset,1,0
mal_exit,7,0
mal_factory_reset,1,0
mal_init,1,0
mal_linker_reset,1,0
mal_module_reset,2,0
mal_quote,3,2
mal_resource_reset,1,0
mal_runtime_reset,1,0
mal_scenario_reset,1,0
mal_unquote,4,0
malloc,160,12
mapi_Xcommand,5,0
mapi_bind,2,2
mapi_bind_var,3,2
mapi_cache_freeup,1,0
mapi_cache_freeup_internal,2,0
mapi_cache_limit,9,0
mapi_cache_shuffle,1,0
mapi_close_handle,134,34
mapi_clrError,69,0
mapi_connect,9,9
mapi_destroy,34,0
mapi_disconnect,14,0
mapi_error,215,43
mapi_error_str,11,0
mapi_execute_internal,8,0
mapi_explain,167,0
mapi_explain_query,48,0
mapi_explain_result,129,0
mapi_extend_bindings,2,0
mapi_extend_cache,1,0
mapi_extend_params,3,0
mapi_fetch_all_rows,4,0
mapi_fetch_field,137,3
mapi_fetch_field_len,1,0
mapi_fetch_line,7,0
mapi_fetch_line_internal,2,1
mapi_fetch_reset,1,0
mapi_fetch_row,47,1
mapi_finish,1,0
mapi_get_active,4,0
mapi_get_autocommit,5,1
mapi_get_dbname,2,0
mapi_get_field_count,12,2
mapi_get_from,4,0
mapi_get_host,4,0
mapi_get_last_id,1,1
mapi_get_len,3,0
mapi_get_motd,1,0
mapi_get_name,9,0
mapi_get_query,1,1
mapi_get_querytype,6,2
mapi_get_row_count,7,0
mapi_get_table,1,0
mapi_get_tableid,2,0
mapi_get_to,2,0
mapi_get_trace,1,0
mapi_get_type,7,0
mapi_get_uri,4,0
mapi_get_user,1,0
mapi_is_connected,2,1
mapi_log,3,0
mapi_log_header,9,0
mapi_log_record,57,0
mapi_mapi,6,0
mapi_mapiuri,8,3
mapi_needmore,1,0
mapi_new,2,0
mapi_new_handle,10,1
mapi_next_result,4,0
mapi_noexplain,42,0
mapi_param_store,1,0
mapi_param_type,2,0
mapi_ping,2,0
mapi_prepare,2,0
mapi_prepare_array_internal,4,0
mapi_prepare_handle,2,0
mapi_query,109,62
mapi_query_array,5,5
mapi_query_done,6,0
mapi_query_handle,1,0
mapi_query_part,2,0
mapi_query_prep,2,0
mapi_quick_response,2,0
mapi_quote,2,0
mapi_read_response,1,1
mapi_reconnect,15,4
mapi_resolve,1,0
mapi_result_error,58,20
mapi_rows_affected,7,2
mapi_seek_row,1,0
mapi_send,1,0
mapi_setAutocommit,10,7
mapi_setError,147,0
mapi_slice_row,7,0
mapi_split_line,2,0
mapi_store_bind,1,0
mapi_trace,4,0
mapiuri_schema,1,0
mapiuri_table,2,0
mapiuri_uri,1,0
mapiuri_valid,1,1
markNL,4,0
mat_add,9,0
mat_add_var,16,0
mat_aggr,1,0
mat_apply1,2,0
mat_apply2,1,0
mat_apply3,1,0
mat_delta,2,0
mat_group_aggr,1,0
mat_group_attr,1,0
mat_group_derive,1,0
mat_group_new,1,0
mat_group_project,1,0
mat_join2,2,0
mat_join3,1,0
mat_pack,1,0
mat_pack_group,2,0
mat_pack_topn,1,0
mat_projection,1,0
mat_sample,1,0
mat_set_prop,1,0
mat_setop,1,0
mat_topn,3,0
mat_topn_project,1,0
mat_type,5,0
matching_joins,1,0
math_unsafe,4,0
math_unsafe_fixup,2,0
math_unsafe_fixup_binop,1,0
math_unsafe_fixup_unop,1,0
maybeextend,1,0
mayhaveSideEffects,1,0
mcrypt_BackendSum,6,2
mcrypt_MD5Sum,4,0
mcrypt_RIPEMD160Sum,4,0
mcrypt_SHA1Sum,5,0
mcrypt_SHA224Sum,4,0
mcrypt_SHA256Sum,4,0
mcrypt_SHA384Sum,4,0
mcrypt_SHA512Sum,4,0
mcrypt_getHashAlgorithms,2,0
mcrypt_hashPassword,4,1
mdbBacktrace,2,0
mdbClrBreakRequest,1,0
mdbClrBreakpoint,2,0
mdbCommand,3,0
mdbDump,1,0
mdbHelp,2,0
mdbInit,1,0
mdbLocateMalBlk,3,0
mdbSetBreakRequest,3,0
mdbSetBreakpoint,2,0
mdbSetTrap,1,0
mdbShowBreakpoints,1,0
mdbStep,5,0
mdbTrap,2,0
mdlopen,1,0
memcmp,6,1
memo_add_attr,1,0
memo_add_exps,1,0
memo_apply_rules,1,0
memo_compute_cost,1,0
memo_create,1,0
memo_find,5,0
memo_locate_exps,1,0
memo_print,1,0
memo_select_plan,3,0
memoitem_add_attr,1,0
memoitem_apply_r1,1,0
memoitem_apply_r2,1,0
memoitem_create,3,0
memoitem_has,4,0
memoitem_print,1,0
memojoin_print,1,0
memojoins_print,1,0
merge_freemem,1,0
merge_names,2,0
mergejoin,4,0
mergejoin_int,1,0
mergejoin_lng,1,0
mergejoin_void,3,0
minmax_manager,1,0
mkLower,2,0
mkUpper,1,0
mkdir,11,9
mktime,2,0
mmap,6,3
mnstr_clearerr,3,0
mnstr_close,18,0
mnstr_destroy,44,0
mnstr_errnr,99,35
mnstr_error,16,0
mnstr_fgetpos,2,1
mnstr_flush,135,1
mnstr_fsetpos,1,0
mnstr_fsync,3,0
mnstr_init,3,0
mnstr_isalive,1,0
mnstr_printf,768,7
mnstr_read,21,2
mnstr_readBteArray,1,0
mnstr_readHgeArray,1,0
mnstr_readInt,5,1
mnstr_readIntArray,3,0
mnstr_readLng,2,1
mnstr_readLngArray,3,0
mnstr_readSht,2,0
mnstr_readShtArray,1,0
mnstr_read_block,8,1
mnstr_readline,3,1
mnstr_rstream,1,0
mnstr_set_byteorder,2,0
mnstr_settimeout,3,0
mnstr_write,165,8
mnstr_writeBteArray,1,0
mnstr_writeHgeArray,1,0
mnstr_writeInt,6,2
mnstr_writeIntArray,3,0
mnstr_writeLng,2,0
mnstr_writeLngArray,3,0
mnstr_writeSht,2,0
mnstr_writeShtArray,1,0
mnstr_wstream,1,0
mo_add_option,8,0
mo_builtin_settings,2,0
mo_config_file,1,0
mo_default_set,5,0
mo_find_option,5,0
mo_free_options,2,0
mo_print_options,1,0
mo_system_config,3,0
mod_bte_bte_bte,1,0
mod_bte_dbl_dbl,1,0
mod_bte_flt_flt,1,0
mod_bte_hge_bte,1,0
mod_bte_int_bte,1,0
mod_bte_lng_bte,1,0
mod_bte_sht_bte,1,0
mod_dbl_bte_dbl,1,0
mod_dbl_dbl_dbl,1,0
mod_dbl_flt_dbl,1,0
mod_dbl_hge_dbl,1,0
mod_dbl_int_dbl,1,0
mod_dbl_lng_dbl,1,0
mod_dbl_sht_dbl,1,0
mod_flt_bte_flt,1,0
mod_flt_dbl_dbl,1,0
mod_flt_flt_flt,1,0
mod_flt_hge_flt,1,0
mod_flt_int_flt,1,0
mod_flt_lng_flt,1,0
mod_flt_sht_flt,1,0
mod_hge_bte_bte,1,0
mod_hge_dbl_dbl,1,0
mod_hge_flt_flt,1,0
mod_hge_hge_hge,1,0
mod_hge_int_int,1,0
mod_hge_lng_lng,1,0
mod_hge_sht_sht,1,0
mod_int_bte_bte,1,0
mod_int_dbl_dbl,1,0
mod_int_flt_flt,1,0
mod_int_hge_int,1,0
mod_int_int_int,1,0
mod_int_lng_int,1,0
mod_int_sht_sht,1,0
mod_lng_bte_bte,1,0
mod_lng_dbl_dbl,1,0
mod_lng_flt_flt,1,0
mod_lng_hge_lng,1,0
mod_lng_int_int,1,0
mod_lng_lng_lng,1,0
mod_lng_sht_sht,1,0
mod_sht_bte_bte,1,0
mod_sht_dbl_dbl,1,0
mod_sht_flt_flt,1,0
mod_sht_hge_sht,1,0
mod_sht_int_sht,1,0
mod_sht_lng_sht,1,0
mod_sht_sht_sht,1,0
mod_typeswitchloop,3,0
modf,2,0
monet5_create_relational_function,2,0
monet5_user_get_def_schema,1,0
monet5_user_init,1,0
monet5_user_set_def_schema,1,0
monet_hello,1,0
monet_init,1,0
monet_version,1,0
moveInstruction,1,0
msab_dbfarminit,1,0
msab_dbpathinit,1,0
msab_deserialise,2,1
msab_freeStatus,72,0
msab_getDBfarm,5,4
msab_getDBname,1,0
msab_getMyStatus,2,0
msab_getSingleStatus,2,0
msab_getStatus,22,20
msab_getUplogInfo,4,2
msab_init,2,0
msab_isuuid,1,1
msab_marchConnection,3,2
msab_marchScenario,5,1
msab_registerStarted,2,1
msab_registerStarting,2,2
msab_registerStop,7,2
msab_retreatScenario,3,0
msab_serialise,2,0
msab_wildRetreat,3,1
mserver_reset,1,0
msync,1,0
mul_bte_bte_bte,1,0
mul_bte_bte_sht,1,0
mul_bte_dbl_dbl,1,0
mul_bte_flt_dbl,1,0
mul_bte_flt_flt,1,0
mul_bte_hge_hge,1,0
mul_bte_int_int,1,0
mul_bte_int_lng,1,0
mul_bte_lng_hge,1,0
mul_bte_lng_lng,1,0
mul_bte_sht_int,1,0
mul_bte_sht_sht,1,0
mul_dbl_bte_dbl,1,0
mul_dbl_dbl_dbl,1,0
mul_dbl_flt_dbl,1,0
mul_dbl_hge_dbl,1,0
mul_dbl_int_dbl,1,0
mul_dbl_lng_dbl,1,0
mul_dbl_sht_dbl,1,0
mul_flt_bte_dbl,1,0
mul_flt_bte_flt,1,0
mul_flt_dbl_dbl,1,0
mul_flt_flt_dbl,1,0
mul_flt_flt_flt,1,0
mul_flt_hge_dbl,1,0
mul_flt_hge_flt,1,0
mul_flt_int_dbl,1,0
mul_flt_int_flt,1,0
mul_flt_lng_dbl,1,0
mul_flt_lng_flt,1,0
mul_flt_sht_dbl,1,0
mul_flt_sht_flt,1,0
mul_hge_bte_hge,1,0
mul_hge_dbl_dbl,1,0
mul_hge_flt_dbl,1,0
mul_hge_flt_flt,1,0
mul_hge_hge_hge,1,0
mul_hge_int_hge,1,0
mul_hge_lng_hge,1,0
mul_hge_sht_hge,1,0
mul_int_bte_int,1,0
mul_int_bte_lng,1,0
mul_int_dbl_dbl,1,0
mul_int_flt_dbl,1,0
mul_int_flt_flt,1,0
mul_int_hge_hge,1,0
mul_int_int_int,1,0
mul_int_int_lng,1,0
mul_int_lng_hge,1,0
mul_int_lng_lng,1,0
mul_int_sht_int,1,0
mul_int_sht_lng,1,0
mul_lng_bte_hge,1,0
mul_lng_bte_lng,1,0
mul_lng_dbl_dbl,1,0
mul_lng_flt_dbl,1,0
mul_lng_flt_flt,1,0
mul_lng_hge_hge,1,0
mul_lng_int_hge,1,0
mul_lng_int_lng,1,0
mul_lng_lng_hge,1,0
mul_lng_lng_lng,1,0
mul_lng_sht_hge,1,0
mul_lng_sht_lng,1,0
mul_sht_bte_int,1,0
mul_sht_bte_sht,1,0
mul_sht_dbl_dbl,1,0
mul_sht_flt_dbl,1,0
mul_sht_flt_flt,1,0
mul_sht_hge_hge,1,0
mul_sht_int_int,1,0
mul_sht_int_lng,1,0
mul_sht_lng_hge,1,0
mul_sht_lng_lng,1,0
mul_sht_sht_int,1,0
mul_sht_sht_sht,1,0
mul_typeswitchloop,3,0
multiplex2,3,0
multiplexAddClient,1,0
multiplexDestroy,2,0
multiplexInit,1,1
multiplexNotifyAddedDB,1,0
multiplexNotifyRemovedDB,1,0
multiplexQuery,1,0
multiplexRemoveClient,1,0
munmap,7,1
mvc_access,1,0
mvc_bind,5,0
mvc_bind_column,24,5
mvc_bind_dbat,2,0
mvc_bind_idx,10,2
mvc_bind_idxbat,5,0
mvc_bind_key,8,5
mvc_bind_schema,115,36
mvc_bind_table,82,17
mvc_bind_trigger,3,3
mvc_bind_type,5,1
mvc_bind_ukey,2,0
mvc_check_dependency,9,9
mvc_clear_table,2,0
mvc_commit,6,4
mvc_copy_column,2,0
mvc_copy_idx,2,0
mvc_copy_key,2,0
mvc_create,2,0
mvc_create_column,8,0
mvc_create_column_,35,0
mvc_create_dependencies,9,0
mvc_create_dependency,3,0
mvc_create_fkc,2,0
mvc_create_fkey,2,0
mvc_create_func,7,1
mvc_create_ic,1,0
mvc_create_idx,1,0
mvc_create_kc,2,0
mvc_create_remote,1,0
mvc_create_schema,1,0
mvc_create_table,8,0
mvc_create_table_as_subquery,1,0
mvc_create_trigger,1,0
mvc_create_type,1,1
mvc_create_ukey,2,0
mvc_create_ukey_done,2,0
mvc_create_view,4,2
mvc_debug_on,4,1
mvc_default,7,0
mvc_destroy,2,0
mvc_drop_all_func,1,0
mvc_drop_column,2,0
mvc_drop_default,1,0
mvc_drop_func,2,0
mvc_drop_idx,3,0
mvc_drop_key,4,0
mvc_drop_schema,1,0
mvc_drop_table,6,0
mvc_drop_trigger,1,0
mvc_drop_type,1,1
mvc_exit,1,0
mvc_export_affrows,1,0
mvc_export_chunk,2,0
mvc_export_file,1,0
mvc_export_head,3,0
mvc_export_operation,1,0
mvc_export_prepare,1,0
mvc_export_result,6,0
mvc_export_row,1,0
mvc_export_table,10,0
mvc_export_value,1,0
mvc_export_warning,5,0
mvc_import_table,2,0
mvc_init,1,0
mvc_is_sorted,1,0
mvc_null,4,0
mvc_release,1,1
mvc_reset,1,0
mvc_result_column,2,0
mvc_result_set_wrap,1,0
mvc_result_table,6,0
mvc_result_value,3,0
mvc_rollback,12,2
mvc_schema_privs,24,24
mvc_send_bte,1,0
mvc_send_hge,1,0
mvc_send_int,13,2
mvc_send_lng,10,2
mvc_send_sht,1,0
mvc_set_role,1,1
mvc_set_schema,8,1
mvc_status,9,4
mvc_storage,2,0
mvc_trans,5,0
my_pcre_free,15,0
mycpstr,3,0
mystrlen,2,0
mythrow,55,0
name_find_column,15,0
needEscape,1,1
newAssignment,25,1
newAtomNode,25,0
newComment,1,0
newErr,59,0
newFcnCall,17,1
newFunction,8,0
newGlobalStack,4,0
newInstruction,105,2
newMalBlk,3,0
newMalBlkStmt,23,0
newModule,5,0
newPlant,2,0
newReturnStmt,1,0
newSelectNode,3,0
newStmt,176,1
newSubScope,2,0
newSymbol,1,0
newTmpVariable,152,0
newTypeVariable,4,0
newVariable,38,0
new_bbpentry,4,0
new_persistent_bat,2,0
new_persistent_delta,1,0
new_result,5,0
newdensecand,6,0
newempty,21,0
next_oid,23,0
nextafter,14,0
nextafterf,14,0
nil_2time_daytime,1,0
nil_2time_timestamp,1,0
no_updates,1,0
node_create,3,0
node_destroy,2,0
nomatch,5,0
noninternexp_setname,3,0
nr_of_bats,1,0
nr_of_mats,1,0
numFromStr,5,0
number,3,0
number2name,17,0
oidtostr,2,0
oldest_active_transaction,1,0
oldmoveInstruction,1,0
oldnew2c_diff,1,0
oldnew2html,1,1
oldnew2l_diff,2,0
oldnew2lwc_diff,1,0
oldnew2u_diff,1,0
oldnew2w_diff,2,0
open,12,9
openConnectionTCP,1,1
openConnectionUDP,1,0
openConnectionUNIX,2,0
openProfilerStream,2,0
open_bzrastream,1,0
open_bzrstream,1,0
open_bzstream,4,0
open_bzwastream,1,0
open_bzwstream,1,0
open_gzrastream,1,0
open_gzrstream,1,0
open_gzstream,4,0
open_gzwastream,1,0
open_gzwstream,1,0
open_rastream,8,3
open_rstream,2,2
open_stream,4,0
open_urlstream,1,0
open_wastream,9,6
open_wastream_,2,0
open_wstream,2,2
open_wstream_,2,0
open_xzrastream,1,0
open_xzrstream,1,0
open_xzstream,4,0
open_xzwastream,1,0
open_xzwstream,1,0
opendir,12,8
operatorLength,6,3
operatorName,6,0
optPipeInit,1,0
optimizeMALBlock,3,0
optimizeQuery,2,0
optimizerCheck,6,0
optimizerInit,1,0
or_typeswitchloop,4,0
order_join_expressions,2,0
order_joins,1,0
output_file_default,1,0
output_file_dense,1,0
output_file_ordered,1,0
output_line,1,0
output_line_dense,1,0
output_line_lookup,1,0
output_rel_bin,2,0
overlap,3,0
param_cmp,1,0
param_list_cmp,1,0
parseArgument,1,0
parseArguments,2,0
parseAssign,1,0
parseAtom,1,0
parseCommandPattern,2,0
parseEnd,1,0
parseError,50,0
parseFunction,2,0
parseInclude,1,0
parseLibrary,1,0
parseMAL,2,1
parseModule,1,0
parseTypeId,2,0
parse_args,1,0
parse_dotmonetdb,5,0
parse_header_line,1,0
parse_interval,2,1
parse_interval_,2,0
parse_interval_qualifier,2,2
parse_substr,8,0
parse_uri_query,3,0
pat2pcre,1,0
pclose,4,0
pcre_compile,7,0
pcre_compile_wrap,1,0
pcre_exec,10,4
pcre_free_study,9,0
pcre_fullinfo,2,0
pcre_likesubselect,1,0
pcre_match_with_flags,2,0
pcre_replace,1,0
pcre_replace_bat,1,0
pcre_study,4,0
pcre_version,1,0
pcresubjoin,1,0
perror,6,0
persistent_bat,1,0
pipe,11,10
popen,3,1
position,1,0
positional_exps_mark_used,3,0
pow,9,2
powf,4,0
pre,3,0
pre_allocate,2,0
prelude,2,2
prepareMALstack,4,0
prepareMalBlk,1,0
prepareQuery,8,0
printBATelm,2,0
printBATproperties,2,0
printBatDetails,2,0
printBatInfo,1,0
printBatProperties,1,0
printCall,2,0
printFunction,35,0
printInstruction,24,0
printSignature,1,0
printStack,7,0
printStackElm,3,0
printStackHdr,2,0
printStatus,1,0
printTraceCall,3,0
print_indent,14,0
print_scenarioCommand,8,0
print_stmt,1,0
print_stmtlist,2,0
print_stmts,1,0
printf,321,0
priv2string,2,0
profilerEvent,3,0
profilerGetCPUStat,2,0
profilerHeartbeatEvent,4,0
project_any,1,0
project_bte,1,0
project_dbl,1,0
project_flt,1,0
project_hge,1,0
project_int,1,0
project_lng,2,0
project_sht,1,0
project_unsafe,8,0
project_void,1,0
prompt_getlogin,5,0
prop_copy,14,0
prop_create,21,0
prop_remove,3,0
propagateMirror,2,0
propagateNonTarget,1,0
propagatePartnr,9,0
propkind2string,2,0
propvalue2string,2,0
prvlocate,2,0
pseudo,40,0
psm_analyze,1,0
psm_if_then_else,2,0
psm_set_exp,2,0
pthread_attr_init,3,0
pthread_attr_setdetachstate,3,0
pthread_attr_setstacksize,1,0
pthread_cond_destroy,1,0
pthread_cond_init,1,0
pthread_cond_signal,1,0
pthread_cond_wait,1,0
pthread_create,10,8
pthread_exit,1,0
pthread_join,9,3
pthread_kill,1,0
pthread_mutex_destroy,1,0
pthread_mutex_init,2,0
pthread_mutex_lock,30,0
pthread_mutex_unlock,49,0
pthread_mutexattr_init,1,0
pthread_mutexattr_settype,1,0
pthread_self,2,0
pthread_sema_destroy,7,0
pthread_sema_down,11,0
pthread_sema_init,7,0
pthread_sema_up,18,0
pthread_sigmask,4,0
pushArgument,454,2
pushArgumentId,4,0
pushBit,53,0
pushEndInstruction,8,0
pushInstruction,223,0
pushInt,42,0
pushLng,1,0
pushNil,36,0
pushOid,2,0
pushPtr,3,0
pushReturn,38,0
pushSchema,7,0
pushStr,79,1
pushType,38,0
pushWrd,7,0
pushZero,1,0
push_in_join_down,1,0
push_project,4,0
push_up_join_exps,3,0
putName,315,0
putNameLen,14,1
putchar,3,0
q_create,2,0
q_dequeue,2,1
q_destroy,5,0
q_enqueue,5,0
q_enqueue_,1,0
q_requeue,1,0
q_requeue_,1,0
qc_clean,4,0
qc_create,2,0
qc_delete,3,0
qc_destroy,2,0
qc_find,2,1
qc_insert,1,0
qc_match,1,0
qname_schema,44,0
qname_table,52,0
qsort,4,0
query_cleaned,5,0
query_exp_optname,1,0
quick_descriptor,3,0
quoted_print,1,0
rand,17,0
range2lcompare,3,0
range2rcompare,3,0
range_join_convertable,1,1
rangejoin,1,0
re_create,2,0
re_destroy,4,0
re_likesubselect,1,0
re_match_ignore,5,4
re_match_no_ignore,5,4
re_simple,3,1
read,10,4
readAllProps,1,0
readConfFile,1,0
readConfFileFull,1,0
readConsole,2,0
readInt,5,0
readProps,15,6
readPropsBuf,2,0
readString,2,0
read_exps,15,0
read_into_cache,33,0
read_line,2,0
read_prop,2,0
readdir,11,0
realloc,59,3
reallocGlobalStack,1,0
realpath,1,0
recover_dir,2,0
recv,8,2
recvWithTimeout,1,1
recvfrom,2,0
recvmsg,2,0
reduce_scale,2,0
reenterMAL,4,1
refs_find_rel,3,0
registerMessageTap,1,0
rel2bin_args,7,0
rel2bin_basetable,1,0
rel2bin_catalog,1,0
rel2bin_catalog2,2,0
rel2bin_catalog_table,1,0
rel2bin_ddl,1,0
rel2bin_delete,1,0
rel2bin_distinct,2,0
rel2bin_except,1,0
rel2bin_groupby,1,0
rel2bin_hash_lookup,2,0
rel2bin_insert,1,0
rel2bin_inter,1,0
rel2bin_join,1,0
rel2bin_list,1,0
rel2bin_output,1,0
rel2bin_predicate,1,0
rel2bin_project,2,0
rel2bin_psm,1,0
rel2bin_sample,1,0
rel2bin_select,1,0
rel2bin_semijoin,1,0
rel2bin_seq,1,0
rel2bin_sql_table,2,0
rel2bin_table,1,0
rel2bin_topn,1,0
rel2bin_trans,1,0
rel2bin_union,1,0
rel2bin_update,1,0
rel2str,1,1
rel_add_identity,4,0
rel_add_intern,1,0
rel_add_projects,6,0
rel_aggr,3,0
rel_alter_seq,1,0
rel_alter_table,3,0
rel_alter_user,1,0
rel_apply_rename,8,0
rel_basetable,22,0
rel_bin,6,0
rel_bind_column,13,0
rel_bind_column2,12,0
rel_bind_column_,5,2
rel_bind_path,4,0
rel_bind_path_,5,0
rel_binop,1,0
rel_binop_,37,1
rel_case,4,0
rel_case_exp,1,0
rel_cast,1,0
rel_check_tables,1,0
rel_check_type,63,4
rel_column_exp,2,0
rel_column_ref,4,0
rel_compare,1,0
rel_compare_exp,4,0
rel_compare_exp_,3,0
rel_convert_types,19,0
rel_copy,5,0
rel_create,43,0
rel_create_func,1,0
rel_create_function,1,0
rel_create_index,1,0
rel_create_schema,1,0
rel_create_seq,1,0
rel_create_table,2,0
rel_create_trigger,1,0
rel_create_type,1,0
rel_create_user,1,0
rel_create_view,1,0
rel_crossproduct,57,0
rel_crossquery,2,0
rel_dce,2,0
rel_dce_down,8,0
rel_dce_sub,5,0
rel_ddl_table_get,6,0
rel_delete,2,0
rel_destroy,69,0
rel_destroy_,4,0
rel_dicttable,1,0
rel_distinct,8,0
rel_distribute,2,0
rel_drop_all_func,1,0
rel_drop_func,1,0
rel_drop_function,2,0
rel_drop_seq,1,0
rel_drop_trigger,1,0
rel_drop_type,1,0
rel_dup,60,0
rel_exp_selectivity,1,0
rel_exps_selectivity,1,0
rel_filter,2,0
rel_filter_exp_,2,0
rel_find_column,8,0
rel_find_exp,33,0
rel_find_exp_,3,0
rel_find_lastexp,2,0
rel_find_ref,3,0
rel_find_select,2,0
rel_frame,1,0
rel_func_priv,4,0
rel_getcount,3,0
rel_getsel,2,0
rel_getwidth,4,0
rel_grant_func,1,0
rel_grant_global,1,0
rel_grant_privs,1,0
rel_grant_roles,1,0
rel_grant_table,1,0
rel_group_by,2,0
rel_groupby,15,0
rel_groupby_add_aggr,9,0
rel_groupby_distinct2,1,0
rel_has_exp,8,0
rel_has_exps,1,0
rel_import,2,0
rel_inplace_groupby,1,0
rel_inplace_project,7,0
rel_inplace_setop,6,0
rel_insert,2,0
rel_insert_hash_idx,1,0
rel_insert_idxs,1,0
rel_insert_join_idx,1,0
rel_insert_table,3,0
rel_inserts,3,0
rel_is_empty,5,0
rel_is_join_on_pkey,3,0
rel_is_table,1,0
rel_issubquery,3,2
rel_join_add_exp,18,0
rel_join_exp_selectivity,2,0
rel_join_order,9,0
rel_joinquery,2,0
rel_joinquery_,1,0
rel_label,4,0
rel_lastexp,13,0
rel_list,16,0
rel_logical_exp,14,3
rel_logical_value_exp,11,2
rel_mark_used,9,0
rel_match_projections,1,0
rel_merge_projects,6,0
rel_name,27,1
rel_named_table_function,2,0
rel_named_table_operator,1,0
rel_need_distinct_query,1,0
rel_neg_in_size,1,0
rel_next_value_for,1,0
rel_no_mitosis,3,0
rel_no_rename_exps,1,0
rel_nop,1,0
rel_nop_,7,0
rel_numeric_supertype,1,0
rel_op,1,0
rel_op_,1,0
rel_optimizer,8,0
rel_or,2,0
rel_order_by,2,0
rel_order_by_column_exp,1,0
rel_order_by_simple_column_exp,1,0
rel_orderby,1,0
rel_output,1,0
rel_parent,2,0
rel_parse,5,0
rel_parse_val,2,0
rel_parse_value,2,0
rel_part_nr,2,0
rel_partition,1,0
rel_planner,1,0
rel_print,1,0
rel_print_,16,0
rel_print_refs,8,0
rel_priv,8,0
rel_project,122,0
rel_project2groupby,1,0
rel_project_add_exp,12,0
rel_project_exp,4,0
rel_project_reduce_casts,1,0
rel_projections,109,0
rel_projections_,4,0
rel_properties,5,0
rel_psm,1,0
rel_psm_block,7,0
rel_psm_call,2,0
rel_psm_case,1,0
rel_psm_declare,2,0
rel_psm_declare_table,1,0
rel_psm_if_then_else,1,0
rel_psm_return,1,0
rel_psm_stmt,2,0
rel_psm_while_do,1,0
rel_push_join,3,0
rel_push_select,6,0
rel_push_select_down,1,0
rel_query,1,0
rel_rankop,1,0
rel_read,14,1
rel_relational_func,2,0
rel_remote_func,7,0
rel_remove_empty_join,6,0
rel_remove_internal_exp,2,0
rel_remove_unused,2,0
rel_rename,13,0
rel_rename_exps,24,0
rel_revoke_func,1,0
rel_revoke_global,1,0
rel_revoke_privs,1,0
rel_revoke_roles,1,0
rel_revoke_table,2,0
rel_role,2,0
rel_sample,2,0
rel_schema,5,0
rel_schema2,6,0
rel_schema3,1,0
rel_schemas,1,0
rel_select,27,0
rel_select_add_exp,10,0
rel_select_copy,3,0
rel_select_exp,1,0
rel_select_into,2,0
rel_select_with_into,1,0
rel_selection_ref,1,0
rel_selects,4,0
rel_semantic,8,0
rel_seq,2,0
rel_sequences,1,0
rel_set_type_param,8,2
rel_setop,14,0
rel_setquery,4,0
rel_setquery_,3,0
rel_setsubquery,6,0
rel_simple_select,2,0
rel_subquery,17,1
rel_subquery_optname,1,0
rel_table,5,0
rel_table_exp,2,0
rel_table_func,3,0
rel_table_optname,6,0
rel_table_projections,5,0
rel_topn,8,0
rel_trans,5,0
rel_transactions,1,0
rel_unionjoinquery,1,0
rel_unop,1,0
rel_unop_,18,0
rel_update,4,0
rel_update_hash_idx,1,0
rel_update_idxs,1,0
rel_update_join_idx,1,0
rel_updates,2,0
rel_used,8,0
rel_uses_exps,8,0
rel_uses_part_nr,8,0
rel_value_exp,72,5
rel_value_exp2,9,2
rel_values,1,0
rel_var_ref,2,0
rel_with_query,3,0
rel_xml,1,0
rel_xmlattribute,1,0
rel_xmlcomment,1,0
rel_xmlconcat,1,0
rel_xmldocument,1,0
rel_xmlelement,1,0
rel_xmlforest,1,0
rel_xmlpi,1,0
rel_xmltext,1,0
relational_func_create_result,3,0
releqjoin,8,0
removeInstruction,11,0
removeRemoteDB,1,1
rename,9,4
renameVariable,14,0
renderEvent,1,0
renderProfilerEvent,1,0
renderTerm,4,2
rendertime,3,0
reorder_join,1,0
replaceMALblock,1,0
replaceTypeVar,3,0
replica,9,0
res_col_create,3,0
res_col_destroy,1,0
res_table_create,2,0
res_table_destroy,3,0
res_tables_destroy,2,0
res_tables_find,4,0
res_tables_remove,4,0
resetEventRecord,2,0
resetMalBlk,6,0
resetScenario,1,0
resetTachograph,2,0
resetTomograph,3,0
resetVarName,1,0
reset_changeset,9,0
reset_functions,1,0
reset_table_of_tables_dup,1,0
reset_trans,1,0
resolveType,7,0
resolve_func,4,2
result_type,1,1
rewind,4,0
rewrite,40,1
rewrite_replica,2,0
rewrite_topdown,22,1
rm_posthread,1,0
rm_posthread_locked,2,0
rmdir,4,3
role_granting_privs,2,0
rollforward_changeset_creates,6,0
rollforward_changeset_deletes,7,0
rollforward_changeset_updates,10,0
rollforward_trans,3,0
roundup_num,1,0
row2cols,8,0
rsh_typeswitchloop,4,0
rule_fromstr,3,0
rule_tostr,2,0
runFactory,1,0
runMAL,6,0
runMALDebugger,2,0
runMALdataflow,1,0
runMALsequence,5,0
runPhase,6,0
runScenario,3,1
runScenarioBody,1,1
runtimeProfileBegin,3,0
runtimeProfileExit,8,0
runtimeProfileFinish,4,0
runtimeProfileInit,2,0
sa_alloc,53,0
sa_create,18,0
sa_destroy,15,0
sa_list,443,2
sa_message,20,0
sa_realloc,2,0
sa_reset,2,0
sa_size,1,0
sa_strconcat,14,0
sa_strdup,256,0
sa_strndup,5,0
sa_zalloc,74,0
safetyBarrier,1,0
scale2value,2,0
scanf,1,1
scanner_body,1,0
scanner_error,2,0
scanner_getc,30,11
scanner_init,7,0
scanner_init_keywords,1,0
scanner_query_processed,6,0
scanner_read_more,4,0
scanner_reset_key,1,0
scanner_string,1,0
scanner_symbol,1,0
scanner_token,34,0
schedulerMALBlock,1,0
schema_auth,1,0
schema_bind_func,4,2
schema_bind_type,3,2
schema_dup,1,0
schema_name,7,0
schema_privs,4,3
schema_selects,1,0
schema_table_find,5,0
score_gbe,2,0
score_se,1,0
secondsToString,18,0
select,13,3
selectSubsume,1,0
send,50,46
sendmsg,2,2
sendto,2,1
seq_dup,1,0
seq_get_value,1,0
seq_next_value,1,0
seq_restart,1,0
seqbulk_create,1,0
seqbulk_destroy,3,0
seqbulk_next_value,1,0
sequences_exit,1,0
sequences_init,1,0
sequential_block,10,4
setArgType,22,0
setArgument,1,0
setAssigned,1,0
setAtomName,15,0
setConfVal,14,1
setConfValForKey,1,0
setFormatter,4,0
setHeartbeat,3,0
setLifespan,6,0
setModuleJump,1,0
setPartnr,20,0
setPolymorphic,13,0
setProp,1,1
setScenario,5,1
setURI,1,0
setVarType,62,0
setWidth,2,0
set_timezone,1,0
set_type_param,2,0
set_uri,4,0
setaccess,7,0
setcolprops,1,0
setenv,1,0
setjmp,1,0
setlocale,2,0
setpgid,1,0
setsid,2,1
setsockopt,7,3
setup_Rmainloop,1,0
setwritable,1,0
sexp_to_bat,1,0
shortRenderingTerm,2,0
shortStmtRendering,1,1
showAllScenarios,1,0
showBar,2,0
showCommands,3,0
showErrors,11,0
showException,29,0
showFlowDetails,2,0
showFlowGraph,6,0
showHelp,3,0
showInFlow,1,0
showMalBlkHistory,2,0
showOutFlow,3,0
showScenario,2,0
showScenarioByName,1,0
showScriptException,31,0
showUsage,1,0
showcolormap,2,0
showcpu,1,0
showio,1,0
showmemory,1,0
shutdown,5,0
shutdownFactory,4,0
shutdownFactoryByName,1,0
sigaction,15,6
signal,22,1
sigtostr,2,0
simpleFlow,1,0
simpleTypeId,3,0
simple_argv_cmd,6,0
simple_command,2,0
simple_prompt,10,0
sin,22,2
sinf,2,0
sinh,4,2
sinhf,2,0
skipIdent,10,0
skipSpace,26,0
skipToEnd,23,0
skipWS,83,0
skip_authority,11,0
skip_c_comment,1,0
skip_path,7,0
skip_scheme,13,0
skip_search,2,0
skip_sql_comment,2,0
skip_white_space,1,0
slash_2_dir_sep,2,0
sleep_ms,3,0
slice,1,0
slice_row,2,0
slowfnd,1,0
snapshot_new_persistent_bat,2,0
socket,13,10
socket_close,2,0
socket_open,4,0
socket_rastream,6,2
socket_read,2,0
socket_rstream,1,1
socket_wastream,6,3
socket_write,1,0
socket_wstream,1,1
soundex_code,1,0
soundex_impl,2,0
split_aggr_and_project,3,0
sql2pcre,5,0
sql2str,9,0
sql_Nop_,3,0
sql_add_arg,2,0
sql_add_param,2,0
sql_alter_table,1,0
sql_alter_user,1,0
sql_bind_aggr,38,1
sql_bind_aggr_,2,1
sql_bind_alias,1,0
sql_bind_arg,6,0
sql_bind_func,49,13
sql_bind_func_,14,4
sql_bind_func_result,32,1
sql_bind_func_result3,5,0
sql_bind_func_result_,2,0
sql_bind_localtype,94,0
sql_bind_member,1,0
sql_bind_member_aggr,1,0
sql_bind_param,2,0
sql_bind_paramnr,1,0
sql_bind_subtype,7,0
sql_convert_arg,1,0
sql_create_aggr,34,0
sql_create_alias,1,0
sql_create_analytic,5,0
sql_create_arg,6,0
sql_create_auth_id,3,0
sql_create_env,1,0
sql_create_func,201,0
sql_create_func3,16,0
sql_create_func4,1,0
sql_create_funcSE,3,0
sql_create_func_,11,0
sql_create_func_res,4,0
sql_create_privileges,1,0
sql_create_role,1,0
sql_create_sequence,4,0
sql_create_subtype,49,0
sql_create_type,33,0
sql_create_user,1,0
sql_delete,2,0
sql_delete_cascade_Fkeys,1,0
sql_delete_keys,1,1
sql_delete_priv,8,0
sql_delete_set_Fkeys,1,0
sql_delete_triggers,1,1
sql_delete_ukey,1,0
sql_destroy_args,1,0
sql_destroy_params,1,0
sql_drop_role,2,0
sql_drop_user,1,0
sql_dup_subfunc,12,0
sql_error,372,0
sql_escape_ident,8,0
sql_escape_str,1,0
sql_find_aggr,1,0
sql_find_auth,9,8
sql_find_func,8,0
sql_find_numeric,3,0
sql_find_schema,3,2
sql_find_subtype,129,6
sql_func_imp,5,0
sql_func_mod,5,0
sql_get_next_token,2,0
sql_grant_func_privs,1,0
sql_grant_global_privs,1,0
sql_grant_role,1,0
sql_grant_table_privs,1,0
sql_grantable,8,0
sql_grantable_,1,0
sql_init_subtype,20,0
sql_insert_all_privs,1,0
sql_insert_check_null,1,0
sql_insert_key,1,0
sql_insert_priv,8,0
sql_insert_triggers,1,1
sql_message,173,0
sql_next_seq_name,3,0
sql_parse,6,1
sql_privilege,20,3
sql_privilege_rid,2,0
sql_ref_dec,1,0
sql_ref_inc,1,0
sql_ref_init,1,0
sql_relation2stmt,3,3
sql_rename_user,1,0
sql_reorder,1,0
sql_revoke_func_privs,1,0
sql_revoke_global_privs,1,0
sql_revoke_role,1,0
sql_revoke_table_privs,1,0
sql_schema_has_user,1,1
sql_session_create,1,0
sql_session_destroy,1,0
sql_session_reset,2,0
sql_set_arg,1,0
sql_stack_add_deleted,1,0
sql_stack_add_inserted,1,0
sql_stack_add_updated,1,0
sql_stack_new,1,0
sql_stack_pop,1,0
sql_stack_push,3,0
sql_subtype_string,3,0
sql_symbol2relation,2,1
sql_time_tostr,2,0
sql_timestamp_tostr,2,0
sql_trans_add_table,1,0
sql_trans_alter_access,1,0
sql_trans_alter_default,2,0
sql_trans_alter_null,3,0
sql_trans_alter_sequence,1,0
sql_trans_alter_storage,1,0
sql_trans_begin,5,0
sql_trans_bind_func,1,0
sql_trans_bind_type,4,0
sql_trans_clear_table,6,0
sql_trans_cname_conflict,3,0
sql_trans_commit,4,2
sql_trans_connect_catalog,1,0
sql_trans_copy_column,1,0
sql_trans_copy_idx,1,0
sql_trans_copy_key,1,0
sql_trans_create,3,0
sql_trans_create_column,2,0
sql_trans_create_dependency,12,0
sql_trans_create_fkc,1,0
sql_trans_create_fkey,1,0
sql_trans_create_func,1,0
sql_trans_create_ic,4,0
sql_trans_create_idx,3,0
sql_trans_create_kc,1,0
sql_trans_create_schema,1,0
sql_trans_create_sequence,1,0
sql_trans_create_table,4,0
sql_trans_create_tc,1,0
sql_trans_create_trigger,1,0
sql_trans_create_type,1,0
sql_trans_create_ukey,1,0
sql_trans_del_table,2,0
sql_trans_deref,1,0
sql_trans_destroy,11,0
sql_trans_disconnect_catalog,1,0
sql_trans_disconnect_catalog_ALL,1,0
sql_trans_dist_count,3,0
sql_trans_drop_all_dependencies,7,0
sql_trans_drop_all_func,1,0
sql_trans_drop_column,2,0
sql_trans_drop_dependencies,8,0
sql_trans_drop_dependency,2,0
sql_trans_drop_func,3,0
sql_trans_drop_idx,3,0
sql_trans_drop_key,3,0
sql_trans_drop_schema,2,0
sql_trans_drop_sequence,1,0
sql_trans_drop_table,7,0
sql_trans_drop_trigger,2,0
sql_trans_drop_type,2,0
sql_trans_end,6,0
sql_trans_find_func,1,0
sql_trans_get_dependencies,5,0
sql_trans_get_dependency_type,2,0
sql_trans_is_sorted,2,0
sql_trans_key_done,1,0
sql_trans_name_conflict,2,0
sql_trans_owner_schema_dependencies,1,0
sql_trans_ranges,2,0
sql_trans_schema_user_dependencies,1,0
sql_trans_sequence_restart,2,0
sql_trans_tname_conflict,2,0
sql_trans_validate,1,1
sql_type_convert,2,0
sql_unop_,3,0
sql_update,2,0
sql_update_cascade_Fkeys,1,0
sql_update_check_key,2,0
sql_update_check_null,2,0
sql_update_epoch,1,1
sql_update_geom,2,2
sql_update_hugeint,1,1
sql_update_jul2015,1,1
sql_update_jun2016,1,1
sql_update_oct2014,1,1
sql_update_oct2014_2,1,0
sql_update_oct2014_sp1,1,1
sql_update_oct2014_sp2,1,1
sql_update_oct2014_sp3,1,1
sql_update_sequence_cache,3,0
sql_update_triggers,4,4
sql_update_var,1,1
sqlblob_fromstr,2,0
sqlblob_tostr,2,0
sqlcleanup,14,0
sqlerror,54,0
sqllex,5,0
sqlparse,6,2
sqltypeinit,1,0
sqrt,18,2
sqrtf,2,0
srand,5,0
sscanf,20,3
st_type2string,4,0
stack_find_frame,3,0
stack_find_rel_var,1,0
stack_find_rel_view,3,0
stack_find_table,6,0
stack_find_type,4,1
stack_find_var,8,5
stack_get_number,1,0
stack_get_string,39,0
stack_get_var,15,1
stack_has_frame,1,0
stack_nr_of_declared_tables,1,0
stack_pop_frame,8,0
stack_pop_until,2,0
stack_push_children,1,0
stack_push_frame,7,0
stack_push_list,1,0
stack_push_rel_view,7,0
stack_push_stmt,6,0
stack_push_table,1,0
stack_push_var,11,0
stack_set,5,0
stack_set_number,8,0
stack_set_string,6,0
stack_set_var,11,0
startProfiler,2,0
startProxy,1,1
startTrace,1,0
start_pager,3,0
stat,26,10
stmt_Nop,8,0
stmt_affected_rows,6,0
stmt_aggr,30,0
stmt_alias,29,0
stmt_append,10,0
stmt_append_col,1,0
stmt_append_idx,1,0
stmt_array,2,0
stmt_assign,1,0
stmt_atom,17,0
stmt_atom_int,6,0
stmt_atom_string,6,0
stmt_atom_string_nil,2,0
stmt_atom_wrd,24,0
stmt_atom_wrd_nil,2,0
stmt_bat,3,0
stmt_binop,35,0
stmt_bool,11,0
stmt_catalog,4,0
stmt_col,22,0
stmt_cond,4,0
stmt_const,24,0
stmt_const_,4,0
stmt_control_end,4,0
stmt_convert,2,0
stmt_create,54,0
stmt_delete,1,0
stmt_deps,2,0
stmt_exception,10,0
stmt_export,1,0
stmt_func,1,0
stmt_gen_group,2,0
stmt_genjoin,1,0
stmt_genselect,1,0
stmt_group,13,0
stmt_group_done,11,0
stmt_has_null,6,0
stmt_idx,8,0
stmt_idxbat,3,0
stmt_if,1,0
stmt_join,24,0
stmt_join2,1,0
stmt_left_project,1,0
stmt_limit,2,0
stmt_limit2,1,0
stmt_list,59,0
stmt_list_dependencies,9,0
stmt_mirror,5,0
stmt_none,1,0
stmt_order,4,0
stmt_output,1,0
stmt_project,67,0
stmt_project_delta,2,0
stmt_rename,3,0
stmt_reorder,3,0
stmt_result,68,0
stmt_return,2,0
stmt_rs_column,3,0
stmt_sample,1,0
stmt_selectnil,5,0
stmt_selectnonil,5,0
stmt_set_nrcols,3,0
stmt_set_type_param,1,1
stmt_table,3,0
stmt_table_clear,1,0
stmt_tdiff,6,0
stmt_temp,2,0
stmt_tid,15,0
stmt_tinter,1,0
stmt_trans,1,0
stmt_tunion,4,0
stmt_unop,9,0
stmt_update_col,3,0
stmt_update_idx,2,0
stmt_uselect,20,0
stmt_uselect2,3,0
stmt_var,3,0
stmt_varnr,4,0
stmt_vars,1,0
stmt_while,1,0
stopListening,2,0
stopMALdataflow,1,0
stopProfiler,3,0
stopTrace,1,0
store_apply_deltas,2,0
store_exit,1,0
store_field,2,0
store_flush_log,1,0
store_init,1,1
store_load,2,0
store_lock,15,0
store_manager,1,0
store_next_oid,18,0
store_schema_number,4,0
store_unlock,26,0
strCleanHash,2,0
strCmpNoNil,4,0
strCopy,2,0
strHash,17,0
strLen,11,0
strLocate,1,0
strNil,113,30
str_2_date,1,0
str_2_daytime,1,0
str_2_sqlblob,1,0
str_2_timestamp,1,0
str_2time_daytimetz,2,0
str_2time_timestamptz,2,0
strcasecmp,9,2
strcasestr,1,0
strchr,360,187
strcmp,1137,279
strconcat,4,0
strdup,338,11
stream_bzclose,4,0
stream_bzread,2,0
stream_bzwrite,1,0
stream_gzclose,2,0
stream_xzclose,2,0
stream_xzread,2,0
stream_xzwrite,1,0
strerror,209,0
strftime,13,0
stringLength,3,2
stripQuotes,1,0
strip_extra_zeros,1,0
strlen,739,40
strncasecmp,7,0
strncmp,178,43
strptime,4,1
strrchr,28,6
strsignal,1,0
strstr,90,7
strtod,13,2
strtof,5,0
strtok,10,2
strtok_r,10,5
strtol,34,2
strtoll,19,0
strtoul,6,0
strtoull,1,0
sub_bte_bte_bte,1,0
sub_bte_bte_sht,1,0
sub_bte_dbl_dbl,1,0
sub_bte_flt_dbl,1,0
sub_bte_flt_flt,1,0
sub_bte_hge_hge,1,0
sub_bte_int_int,1,0
sub_bte_int_lng,1,0
sub_bte_lng_hge,1,0
sub_bte_lng_lng,1,0
sub_bte_sht_int,1,0
sub_bte_sht_sht,1,0
sub_dbl_bte_dbl,1,0
sub_dbl_dbl_dbl,1,0
sub_dbl_flt_dbl,1,0
sub_dbl_hge_dbl,1,0
sub_dbl_int_dbl,1,0
sub_dbl_lng_dbl,1,0
sub_dbl_sht_dbl,1,0
sub_flt_bte_dbl,1,0
sub_flt_bte_flt,1,0
sub_flt_dbl_dbl,1,0
sub_flt_flt_dbl,1,0
sub_flt_flt_flt,1,0
sub_flt_hge_dbl,1,0
sub_flt_hge_flt,1,0
sub_flt_int_dbl,1,0
sub_flt_int_flt,1,0
sub_flt_lng_dbl,1,0
sub_flt_lng_flt,1,0
sub_flt_sht_dbl,1,0
sub_flt_sht_flt,1,0
sub_hge_bte_hge,1,0
sub_hge_dbl_dbl,1,0
sub_hge_flt_dbl,1,0
sub_hge_flt_flt,1,0
sub_hge_hge_hge,1,0
sub_hge_int_hge,1,0
sub_hge_lng_hge,1,0
sub_hge_sht_hge,1,0
sub_int_bte_int,1,0
sub_int_bte_lng,1,0
sub_int_dbl_dbl,1,0
sub_int_flt_dbl,1,0
sub_int_flt_flt,1,0
sub_int_hge_hge,1,0
sub_int_int_int,1,0
sub_int_int_lng,1,0
sub_int_lng_hge,1,0
sub_int_lng_lng,1,0
sub_int_sht_int,1,0
sub_int_sht_lng,1,0
sub_lng_bte_hge,1,0
sub_lng_bte_lng,1,0
sub_lng_dbl_dbl,1,0
sub_lng_flt_dbl,1,0
sub_lng_flt_flt,1,0
sub_lng_hge_hge,1,0
sub_lng_int_hge,1,0
sub_lng_int_lng,1,0
sub_lng_lng_hge,1,0
sub_lng_lng_lng,1,0
sub_lng_sht_hge,1,0
sub_lng_sht_lng,1,0
sub_sht_bte_int,1,0
sub_sht_bte_sht,1,0
sub_sht_dbl_dbl,1,0
sub_sht_flt_dbl,1,0
sub_sht_flt_flt,1,0
sub_sht_hge_hge,1,0
sub_sht_int_int,1,0
sub_sht_int_lng,1,0
sub_sht_lng_hge,1,0
sub_sht_lng_lng,1,0
sub_sht_sht_int,1,0
sub_sht_sht_sht,1,0
sub_typeswitchloop,5,0
subaggr_cmp,1,0
subfunc_cmp,1,0
subleftjoin,4,0
subrel_bin,27,0
subselect_add,3,0
subselect_find_subselect,2,0
subselect_find_tids,5,0
subtype2string,3,0
subtype_cmp,12,1
sum_limit_offset,5,0
supertype,4,0
swap_compare,10,0
symbol2string,8,2
symbol_cmp,12,0
symbol_create,17,0
symbol_create_int,15,0
symbol_create_list,275,0
symbol_create_lng,7,0
symbol_create_symbol,11,0
symbol_init,7,0
sync,1,0
sys_drop_column,2,0
sys_drop_columns,1,0
sys_drop_func,2,0
sys_drop_funcs,1,0
sys_drop_ic,1,0
sys_drop_idx,2,0
sys_drop_idxs,1,0
sys_drop_kc,1,0
sys_drop_key,2,0
sys_drop_keys,1,0
sys_drop_sequence,3,0
sys_drop_sequences,1,0
sys_drop_table,2,0
sys_drop_tables,1,0
sys_drop_tc,1,0
sys_drop_trigger,1,0
sys_drop_type,2,0
sys_drop_types,1,0
sys_table_del_tables,1,0
sysconf,3,1
sysctl,2,0
system,2,1
table_column_types,2,0
table_constraint,1,0
table_constraint_name,1,0
table_constraint_type,1,0
table_destroy,2,0
table_dup,2,0
table_element,2,0
table_foreign_key,1,0
table_func_create_result,2,0
table_has_idx,2,0
table_has_updates,1,1
table_name,28,0
table_next_column_nr,2,0
table_of_tables_dup,1,0
table_privs,6,6
table_ref,13,3
table_update_array,3,0
table_update_stmts,3,0
tablet_error,16,0
tablet_read_more,1,0
tablet_skip_string,1,1
tail_type,53,1
takeOid,1,0
tan,6,2
tanf,2,0
tanh,4,2
tanhf,2,0
task_info,1,0
tcgetattr,1,0
tcsetattr,2,0
temp_copy,9,0
temp_create,14,0
temp_descriptor,94,4
temp_destroy,33,0
temp_dup,5,0
term,3,1
terminateProcess,3,0
thetajoin,1,0
thetaselectSubsume,1,0
time,34,3
timerEnd,12,0
timerHuman,6,0
timerHumanStop,1,0
timerPause,2,0
timerResume,2,0
timerStart,3,0
times,5,0
timestamp,4,0
timestamp_2time_timestamp,2,0
timestamp_dbat,10,0
timestamp_delta,19,0
timestamp_fromstr,3,0
timestamp_inside,9,0
timestamp_tz_fromstr,1,0
timestamp_tz_tostr,1,0
tmp_schema,9,0
tmpdir,6,0
toLower,3,0
toUpper,3,0
toUpperCopy,5,0
toblob,1,0
todate,10,0
token2string,19,0
tokenize,4,1
tolower,5,0
topn_limit,2,0
topn_offset,2,0
topn_save_exps,1,0
totime,6,0
toupper,6,0
tr_abort,2,0
tr_commit,1,0
tr_create,1,0
tr_destroy,2,0
tr_find,1,0
tr_find_column,11,0
tr_find_idx,8,0
tr_find_table,10,0
tr_flag,19,0
tr_grow,5,0
tr_log_dbat,1,0
tr_log_delta,2,0
tr_merge_dbat,1,0
tr_merge_delta,2,0
tr_snapshot_bat,2,0
tr_update_dbat,1,0
tr_update_dbat_swap,1,0
tr_update_delta,2,0
trans_drop_tmp,1,0
trans_dup,1,0
trans_init,2,0
trigger_dup,1,0
trimMalBlk,3,0
trimMalVariables,2,0
trimMalVariables_,2,0
trimexpand,1,0
truncate,1,1
tstAligned,1,0
tstDuplicate,2,0
typeAlias,3,0
typeChecker,38,0
typeElm,10,1
typeKind,2,0
typeMismatch,1,0
type_cmp,6,0
type_dup,1,0
typeidLength,1,1
types_init,1,0
tzone_fromstr,1,0
tzone_set_local,2,0
tzone_tostr,1,0
u_diff2l_diff,1,0
udp_create,2,0
udp_destroy,2,0
udp_socket,2,0
umask,4,0
uniqueKey,1,0
unlink,46,11
unquote,2,0
unregisterMessageTap,1,0
unshare_string_heap,2,0
update,3,0
updateNumaHeatmap,1,0
updateScenario,1,0
updateTypeMap,1,0
update_allowed,2,2
update_check_column,2,0
update_check_fkey,1,0
update_check_ukey,1,0
update_idxs_and_check_keys,1,1
update_table,1,0
updatecolormap,1,0
usage,17,0
usageStethoscope,3,0
usageTachograph,3,0
usageTomograph,6,0
usec,2,0
utf8_putchar,21,0
utf8skip,5,1
utf8strlen,7,1
utf8strlenmax,2,0
utf8strncpy,1,0
uuid_generate,2,0
uuid_unparse,1,0
vacuum,2,0
val_get_number,2,0
valid_ident,1,1
validateOptimizerPipes,1,0
validatePipe,1,0
validate_tables,1,0
value_list,1,0
vheap_entry,2,0
vheapinit,2,0
view_rename_columns,1,0
virtualize,12,0
void_bat_create,1,0
void_inplace,5,0
void_replace_bat,12,0
w_diff2c_diff,1,0
waitpid,3,0
walk_n_back,3,0
wbs_flush,2,0
write,37,28
writeConsoleEx,1,0
writeProps,7,2
writePropsBuf,2,0
wrongtype,1,1
x2c,1,0
xmlBufferContent,2,0
xmlBufferCreate,2,0
xmlBufferEmpty,1,0
xmlBufferFree,3,0
xmlDocDumpMemory,2,0
xmlDocGetRootElement,6,0
xmlFreeDoc,13,0
xmlFreeNodeList,4,0
xmlInitParser,1,0
xmlMemSetup,1,0
xmlNodeDump,2,0
xmlNodeGetContent,4,0
xmlParseInNodeContext,4,0
xmlParseMemory,10,1
xmlValidateName,5,0
xor_typeswitchloop,4,0
yieldFactory,1,0
yieldResult,2,0
yydestruct,4,0
yystpcpy,3,0
yystrlen,2,0
yysyntax_error,2,0
yytnamerr,3,0
