B,12,0
Cache_add,7,0
Cache_create,4,0
Cache_destroy,4,0
Cache_evict_object,2,0
Cache_lookup,5,0
Config_close_db,5,0
Config_init_db,4,0
Config_load_dir,1,0
Config_load_filters,1,0
Config_load_handler,1,0
Config_load_hosts,1,0
Config_load_mimetypes,2,0
Config_load_plugins,2,0
Config_load_proxy,1,0
Config_load_routes,1,0
Config_load_server,2,1
Config_load_settings,2,0
Config_load_xrequests,1,0
Config_module_load,2,0
Config_push_unique_handler,1,0
Connection_accept,1,0
Connection_backend_event,2,0
Connection_create,6,0
Connection_deliver,1,0
Connection_deliver_dequeue,3,0
Connection_deliver_enqueue,4,1
Connection_deliver_raw,3,0
Connection_deliver_task_kill,1,0
Connection_destroy,5,0
Connection_fingerprint_from_cert,1,0
Connection_handler_notify_leave,1,0
Connection_init,1,0
Connection_read_header,2,0
Connection_read_wspacket,1,0
Connection_send_to_handler,8,0
Connection_task,1,0
Control_execute,1,0
Control_port_start,1,0
Control_port_stop,1,0
DB_close,3,0
DB_convert_column,1,0
DB_counts,7,1
DB_exec,15,0
DB_get,43,4
DB_init,3,1
DB_valid_schema,8,8
Dir_calculate_response,1,1
Dir_create,5,0
Dir_destroy,3,0
Dir_find_file,3,0
Dir_if_modified_since,3,0
Dir_lazy_normalize_base,1,1
Dir_none_match,2,0
Dir_resolve_file,8,0
Dir_send_header,2,0
Dir_serve_file,5,0
Dir_stream_file,1,0
F,2,0
FileRecord_cache_check,1,0
FileRecord_destroy,4,0
FileRecord_release,4,0
Filter_add,1,1
Filter_init,3,1
Filter_load,6,0
Filter_lookup,2,0
Filter_lookup_create,1,0
Filter_run,5,1
Filter_state_list,6,0
HandlerParser_create,2,0
HandlerParser_destroy,2,0
HandlerParser_execute,2,0
HandlerParser_reset,2,0
Handler_create,2,0
Handler_deliver,5,2
Handler_destroy,3,0
Handler_notify_credits,1,0
Handler_notify_leave,2,0
Handler_recv_create,2,0
Handler_send_create,3,0
Handler_setup,1,1
Host_add_backend,3,0
Host_create,4,0
Host_destroy,3,0
Host_match_backend,2,0
IOBuf_close,2,0
IOBuf_compact,1,0
IOBuf_create,6,0
IOBuf_create_internal,2,0
IOBuf_create_ssl,1,0
IOBuf_destroy,4,0
IOBuf_read,17,0
IOBuf_read_all,7,0
IOBuf_read_commit,11,11
IOBuf_register_disconnect,2,0
IOBuf_resize,7,0
IOBuf_send,9,0
IOBuf_send_all,3,0
IOBuf_shutdown,2,0
IOBuf_ssl_init,1,0
IOBuf_stream,9,0
IOBuf_stream_file,2,0
LogConfig_create,1,0
LogConfig_destroy,4,0
Log_init,1,0
Log_request,3,0
Log_term,1,0
MIME_add_type,7,0
MIME_destroy,4,0
MIME_match_ext,6,1
PollResult_clean,3,0
PollResult_init,2,0
Proxy_create,2,0
Proxy_destroy,3,0
Proxy_read_and_parse,1,0
Proxy_stream_chunks,1,0
Proxy_stream_to_close,1,1
RadixMap_add,2,2
RadixMap_create,4,0
RadixMap_delete,3,1
RadixMap_destroy,4,0
RadixMap_find,7,0
RadixMap_find_lowest,1,0
RadixMap_push,5,0
RadixMap_sort,1,0
RadixMap_sort_tail,2,0
Register_cleanout,2,0
Register_clear,1,0
Register_connect,8,1
Register_destroy,1,0
Register_disconnect,13,1
Register_fd_exists,10,7
Register_fd_for_id,3,0
Register_id_for_fd,5,0
Register_info,1,0
Register_init,6,0
Register_ping,5,2
Register_read,1,1
Register_write,3,3
Request_create,7,0
Request_destroy,8,0
Request_get,16,2
Request_get_date,5,3
Request_init,6,0
Request_is_websocket,2,1
Request_nuke_parts,2,0
Request_parse,7,1
Request_set,10,0
Request_set_relaxed,2,0
Request_start,8,0
Request_to_payload,5,0
Request_to_tnetstring,4,0
Response_send_socket_policy,2,1
Response_send_status,20,0
RouteMap_create,6,0
RouteMap_destroy,6,0
RouteMap_insert,14,0
RouteMap_insert_base,2,0
RouteMap_insert_reversed,4,0
RouteMap_match,8,0
RouteMap_match_suffix,8,0
RouteMap_simple_prefix_match,2,0
Server_accept,1,1
Server_add_host,2,0
Server_copy_active_handlers,1,0
Server_create,4,0
Server_destroy,8,0
Server_destroy_handlers,1,0
Server_init,4,0
Server_init_rng,1,0
Server_init_ssl,1,0
Server_load_ciphers,1,0
Server_match_backend,3,1
Server_queue_cleanup,2,0
Server_queue_destroy,1,0
Server_queue_init,1,0
Server_queue_push,1,0
Server_run,1,0
Server_set_default_host,2,0
Server_start_handlers,1,1
Server_stop_handlers,1,0
Setting_add,2,0
Setting_destroy,4,0
Setting_get_int,37,3
Setting_get_str,8,0
State_exec,3,0
State_init,2,0
State_invariant,3,1
SuperPoll_add,3,0
SuperPoll_add_hit,1,0
SuperPoll_add_idle,1,0
SuperPoll_add_idle_hits,1,0
SuperPoll_add_poll,2,0
SuperPoll_arm_idle_fd,2,0
SuperPoll_compact_down,3,0
SuperPoll_create,2,0
SuperPoll_del,1,0
SuperPoll_destroy,3,0
SuperPoll_get_max_fd,3,0
SuperPoll_poll,2,0
SuperPoll_setup_idle,1,0
Unixy_chroot,2,1
Unixy_daemonize,2,0
Unixy_drop_priv,3,0
Unixy_getcwd,3,0
Unixy_in_chroot,1,0
Unixy_pid_file,3,0
Unixy_pid_read,1,0
Unixy_remove_dead_pidfile,2,0
Unixy_still_running,1,0
Upload_file,1,0
Upload_notify,2,0
Upload_stream,1,0
WS_fin,1,0
WS_is_control,1,1
WS_validate_packet,1,0
Websocket_header_length,1,0
Websocket_packet_length,1,0
Xrequest_init,1,1
_OSSwapInt16,2,0
__assert_rtn,11,0
__builtin___memcpy_chk,256,0
__builtin___memmove_chk,21,0
__builtin___memset_chk,157,0
__builtin___snprintf_chk,272,0
__builtin___sprintf_chk,3,0
__builtin___strncpy_chk,3,0
__builtin___vsnprintf_chk,5,0
__builtin_bzero,1,0
__builtin_constant_p,2,0
__builtin_expect,11,0
__builtin_object_size,717,0
__builtin_va_end,16,0
__builtin_va_start,14,0
__error,2994,4
__sigbits,2,0
_free_children,2,0
_qlock,2,0
_rlock,2,0
_set_allocator,1,0
_taskwakeup,2,0
_wait,2,0
_wlock,2,0
abort,4,0
accept,3,1
access,1,1
add32,110,0
add64,7,0
add_log_to_rotate_list,2,2
add_to_hash,2,0
addr_ntop,2,0
addtask,5,0
aes_gen_tables,1,0
aesni_setkey_enc_128,1,0
aesni_setkey_enc_192,1,0
aesni_setkey_enc_256,1,0
alarm,1,0
all_tests,33,0
atoi,5,0
attempt_chroot_drop,1,0
bBase64DecodeEx,1,0
bBase64Encode,3,0
bFill,4,0
bHead,5,0
bInsertChrs,5,0
bJustifyCenter,2,0
bJustifyLeft,5,0
bJustifyMargin,2,0
bJustifyRight,2,0
bNetStr2Bstr,1,0
bReplicate,4,0
bReverse,5,0
bSetChar,6,0
bSetCstrChar,6,0
bStr2NetStr,1,0
bStrfTime,3,0
bTail,4,0
bUuDecLine,2,0
bUuDecodeEx,1,0
bUuEncode,1,0
bYDecode,1,0
bYEncode,1,0
balloc,34,1
ballocmin,2,1
base64DecodeSymbol,4,0
basic_response,6,0
bassign,11,0
bassignblk,8,0
bassigncstr,17,0
bassignformat,4,0
bassignmidstr,4,0
bcatblk,13,1
bcatcstr,30,1
bconcat,44,0
bconchar,49,0
bcstrfree,4,0
bdata,290,2
bdelete,11,0
bdestroy,343,0
bfindreplace,4,0
bfindreplacecaseless,3,0
bformat,34,0
bformata,7,0
bfromcstr,231,2
bfromcstralloc,13,0
bgets,6,0
bgetsa,5,0
binchr,3,0
binchrCF,2,0
binchrr,1,0
binchrrCF,2,0
bind,3,0
binsert,4,0
binsertch,3,0
binstr,2,0
binstrcaseless,2,0
binstrr,1,0
binstrrcaseless,1,0
biseq,63,10
biseqcaseless,2,0
biseqcstr,62,11
biseqcstrcaseless,2,0
bisstemeqblk,2,1
bjoin,6,3
blength,142,24
blk2bstr,15,0
block_cipher_df,3,0
blowfish_dec,1,0
blowfish_enc,3,0
bltrimws,4,0
bmidstr,5,0
bninchr,1,0
bninchrr,1,0
bpattern,4,0
bread,8,0
breada,5,0
breplace,4,0
brtrimws,4,0
bsFromBstr,1,0
bsFromBstrRef,1,0
bsUuDecode,1,0
bsbufflength,7,0
bsclose,9,0
bsd_sendfile,1,0
bseof,9,0
bsetstr,7,0
bsopen,10,2
bspeek,5,0
bsplit,5,1
bsplitcb,3,0
bsplits,3,1
bsplitscb,1,0
bsplitstr,3,1
bsplitstrcb,1,0
bsread,3,0
bsreada,6,0
bsreadln,8,0
bsreadlna,3,0
bsreadlnsa,1,0
bssplitscb,3,0
bssplitstrcb,1,0
bstr2cstr,2,0
bstrListAlloc,4,0
bstrListCreate,4,0
bstrListDestroy,16,0
bstrchrp,6,0
bstrcmp,6,4
bstrcpy,100,0
bstricmp,1,0
bstring_match,2,1
bstrncmp,5,1
bstrnicmp,1,0
bstrrchrp,4,0
bsunread,4,0
btolower,5,0
btoupper,3,0
btrimws,4,0
btrunc,9,0
buildCharField,7,0
busy_msleep,7,0
bvcformata,2,1
bwsBuffLength,2,0
bwsClose,1,0
bwsOpen,1,0
bwsWriteBlk,2,0
bwsWriteBstr,2,0
bwsWriteFlush,1,0
calloc,94,7
camellia_feistel,12,0
carry64,2,0
cb_bind,1,0
cb_connect,1,0
ccm_auth_crypt,2,0
chdir,2,0
check_order,4,4
check_result,4,4
check_routing,8,8
check_should_close,1,0
check_simple_prefix,11,11
chmod,1,0
chroot,1,0
chunked_can_read,12,1
chunked_read,2,0
classend,2,0
clear_pid_file,1,0
clear_table,3,0
close,26,0
close_or_error,2,0
closedir,2,0
closepipes,2,0
complete_shutdown,1,0
compute_mask,1,0
connect,3,0
construct,1,0
contextswitch,2,0
ctr_drbg_update_internal,4,0
daemon,1,0
darray_clear,1,0
darray_contract,4,0
darray_create,8,0
darray_destroy,7,0
darray_expand,3,0
darray_get,38,4
darray_move_to_end,3,0
darray_new,7,0
darray_pop,4,0
darray_push,7,0
darray_remove,4,0
darray_remove_and_resize,2,0
darray_resize,2,1
darray_set,7,0
dbg_get_log,1797,0
dbg_set_log,36,0
debug_print_line_by_line,1,0
debug_print_pk,1,0
debug_send_line,12,0
deliver_payload,1,0
deltask,8,0
derive_mpi,3,0
des3_set2key,2,0
des3_set3key,2,0
dhm_check_range,6,0
dhm_read_bignum,3,0
dhm_update_blinding,1,0
dict_alloc_insert,1,1
dict_allow_dupes,1,0
dict_clear,1,0
dict_delete,1,0
dict_delete_free,1,0
dict_first,5,0
dict_free,1,0
dict_free_nodes,1,0
dict_init,1,0
dict_insert,1,0
dict_load_begin,1,0
dict_load_end,2,0
dict_load_next,3,0
dict_lookup,2,0
dict_lower_bound,1,0
dict_merge,1,0
dict_next,7,0
dict_set_allocator,1,0
dict_upper_bound,1,0
dict_verify,1,1
difftime,1,0
dispatch_extended_request,1,1
dlerror,3,0
dlopen,3,0
dlsym,14,11
dnode_alloc,1,0
dnode_create,1,1
dnode_destroy,1,0
dnode_init,1,0
dumpBstring,223,0
dupstring,7,7
ecdsa_sign_wrap,1,0
ecdsa_signature_to_asn1,1,0
ecdsa_verify_wrap,1,0
ecp_add_mixed,3,0
ecp_check_pubkey_mx,1,0
ecp_check_pubkey_sw,1,0
ecp_comb_fixed,1,0
ecp_double_add_mxz,1,0
ecp_double_jac,3,0
ecp_get_type,9,0
ecp_group_load,11,0
ecp_mod_koblitz,3,0
ecp_modp,56,0
ecp_mpi_load,6,0
ecp_mpi_set1,1,0
ecp_mul_comb,1,0
ecp_mul_comb_core,1,0
ecp_mul_mxz,1,0
ecp_normalize_jac,3,0
ecp_normalize_jac_many,2,0
ecp_normalize_mxz,1,0
ecp_precompute_comb,1,0
ecp_randomize_jac,1,0
ecp_randomize_mxz,1,0
ecp_safe_invert_jac,2,0
ecp_select_comb,2,0
ecp_use_curve25519,1,0
entropy_gather_internal,2,0
entropy_update,2,0
exit,74,0
fake_conn,4,0
fake_conn_close,4,0
fake_req,4,0
fclose,38,0
fcntl,9,0
fdnoblock,3,1
fdread,1,0
fdrecv,1,0
fdrecv1,1,0
fdsend,2,0
fdshutdown,1,0
fdtask_shutdown,1,0
fdwait,13,0
fdwrite,1,0
ferror,1,0
fflush,4,0
fgets,5,0
final_setup,1,0
findreplaceengine,2,0
fix_negative,3,0
fopen,60,0
fprintf,16,0
fprintf_with_timestamp,1797,0
fread,7,0
free,241,0
free_nodes,3,0
freeaddrinfo,4,0
freopen,1,1
fscanf,1,1
fseek,10,0
ftell,5,0
fwrite,7,0
gcm_gen_table,1,0
gcm_mult,5,0
get_arg,2,0
get_file_real_size,1,1
getaddrinfo,3,0
getcwd,1,1
getegid,1,0
geteuid,1,0
getgid,3,1
getmcontext,2,1
getpeername,1,0
getpid,2,0
getrlimit,1,0
getsockname,1,0
getsockopt,3,1
gettimeofday,4,0
getuid,4,2
glob,3,0
globfree,1,0
gmtime,4,0
grow_table,1,0
h_calloc,13,1
h_free,18,0
h_malloc,2,0
h_realloc,1,0
halloc,5,0
handler_cap_payload,1,0
handler_process_control_request,1,1
handler_process_extended_request,1,0
handler_process_request,1,0
handler_recv_parse,1,0
hash_alloc_insert,4,1
hash_create,4,0
hash_delete,1,0
hash_destroy,3,0
hash_free,1,0
hash_free_nodes,5,0
hash_insert,1,0
hash_lookup,10,0
hash_scan_begin,7,0
hash_scan_delete,2,0
hash_scan_delfree,1,0
hash_scan_next,9,0
hash_set_allocator,2,0
hash_verify,1,1
hattach,13,0
havege_fill,2,0
hlist_add,1,0
hlist_del,2,0
hlist_init,1,0
hlist_init_item,1,0
hlist_relink,1,0
hlist_relink_head,1,0
hnode_alloc,1,0
hnode_init,1,0
http_parser_execute,2,0
http_parser_finish,3,0
http_parser_has_error,5,0
http_parser_init,3,0
http_parser_is_finished,3,0
httpclient_parser_execute,4,0
httpclient_parser_finish,4,1
httpclient_parser_has_error,7,3
httpclient_parser_init,4,0
httpclient_parser_is_finished,3,0
inet_ntop,4,2
invertCharField,2,0
iobuf_ssl_setup,1,1
is_power_of_two,2,0
is_websocket,1,0
isalnum,1,0
isalpha,1,0
iscntrl,1,0
isdigit,1,0
islower,2,0
ispunct,1,0
isspace,19,0
isupper,1,0
isxdigit,3,0
json_escape,2,0
kill,1,0
list_count,1,0
list_create,3,0
list_delete,5,0
list_destroy,15,0
list_destroy_nodes,15,0
list_find,2,0
list_init,3,0
list_ins_after,1,0
list_ins_before,5,0
list_merge,1,0
list_process,1,0
list_sort,3,0
list_transfer,2,0
list_verify,1,1
listen,2,0
lnode_create,3,1
lnode_destroy,5,0
lnode_pool_init,1,0
lnode_return,1,0
load_begin_internal,2,0
load_file,1,0
load_server,2,0
load_test_case,1,0
lseek,4,0
make_log_message,1,0
make_random,1,1
makeapipe,1,0
makecontext,1,0
makepipes,1,0
malloc,47,0
match,5,0
match_class,2,0
match_route_pattern,2,0
matchbalance,1,0
matchbracketclass,3,0
max_expand,2,0
mbedtls_aes_crypt_cbc,4,0
mbedtls_aes_crypt_cfb128,3,0
mbedtls_aes_crypt_ctr,3,0
mbedtls_aes_crypt_ecb,13,0
mbedtls_aes_decrypt,1,0
mbedtls_aes_encrypt,1,0
mbedtls_aes_free,6,0
mbedtls_aes_init,6,0
mbedtls_aes_setkey_dec,4,0
mbedtls_aes_setkey_enc,10,0
mbedtls_aesni_crypt_ecb,1,0
mbedtls_aesni_gcm_mult,1,0
mbedtls_aesni_has_support,5,0
mbedtls_aesni_inverse_key,1,0
mbedtls_aesni_setkey_enc,1,0
mbedtls_asn1_find_named_data,1,0
mbedtls_asn1_free_named_data,1,0
mbedtls_asn1_free_named_data_list,6,0
mbedtls_asn1_get_alg,6,0
mbedtls_asn1_get_alg_null,2,0
mbedtls_asn1_get_bitstring,2,0
mbedtls_asn1_get_bitstring_null,3,0
mbedtls_asn1_get_bool,2,0
mbedtls_asn1_get_int,14,0
mbedtls_asn1_get_len,7,0
mbedtls_asn1_get_mpi,17,0
mbedtls_asn1_get_sequence_of,1,0
mbedtls_asn1_get_tag,72,0
mbedtls_asn1_store_named_data,2,0
mbedtls_asn1_write_algorithm_identifier,3,0
mbedtls_asn1_write_bitstring,4,0
mbedtls_asn1_write_bool,2,0
mbedtls_asn1_write_ia5_string,1,0
mbedtls_asn1_write_int,5,0
mbedtls_asn1_write_len,44,0
mbedtls_asn1_write_mpi,14,0
mbedtls_asn1_write_null,1,0
mbedtls_asn1_write_oid,4,0
mbedtls_asn1_write_printable_string,1,0
mbedtls_asn1_write_raw_buffer,8,0
mbedtls_asn1_write_tag,44,0
mbedtls_base64_decode,3,1
mbedtls_base64_encode,3,1
mbedtls_blowfish_crypt_cbc,1,0
mbedtls_blowfish_crypt_cfb64,1,0
mbedtls_blowfish_crypt_ctr,1,0
mbedtls_blowfish_crypt_ecb,6,0
mbedtls_blowfish_free,1,0
mbedtls_blowfish_init,1,0
mbedtls_blowfish_setkey,1,0
mbedtls_camellia_crypt_cbc,2,0
mbedtls_camellia_crypt_cfb128,1,0
mbedtls_camellia_crypt_ctr,3,0
mbedtls_camellia_crypt_ecb,7,0
mbedtls_camellia_free,2,0
mbedtls_camellia_init,2,0
mbedtls_camellia_setkey_dec,3,0
mbedtls_camellia_setkey_enc,5,0
mbedtls_ccm_auth_decrypt,2,1
mbedtls_ccm_encrypt_and_tag,2,1
mbedtls_ccm_free,2,0
mbedtls_ccm_init,2,0
mbedtls_ccm_setkey,3,1
mbedtls_cipher_auth_decrypt,2,0
mbedtls_cipher_auth_encrypt,2,0
mbedtls_cipher_crypt,3,2
mbedtls_cipher_finish,2,0
mbedtls_cipher_free,10,0
mbedtls_cipher_get_block_size,15,0
mbedtls_cipher_get_cipher_mode,4,2
mbedtls_cipher_get_iv_size,1,0
mbedtls_cipher_get_key_bitlen,1,0
mbedtls_cipher_info_from_type,5,0
mbedtls_cipher_info_from_values,2,0
mbedtls_cipher_init,4,0
mbedtls_cipher_reset,2,0
mbedtls_cipher_set_iv,2,0
mbedtls_cipher_set_padding_mode,3,0
mbedtls_cipher_setkey,7,2
mbedtls_cipher_setup,8,2
mbedtls_cipher_update,12,0
mbedtls_ctr_drbg_free,2,0
mbedtls_ctr_drbg_init,3,0
mbedtls_ctr_drbg_random,5,4
mbedtls_ctr_drbg_random_with_add,1,0
mbedtls_ctr_drbg_reseed,3,1
mbedtls_ctr_drbg_seed,1,0
mbedtls_ctr_drbg_seed_entropy_len,3,2
mbedtls_ctr_drbg_set_prediction_resistance,1,0
mbedtls_ctr_drbg_update,1,0
mbedtls_ctr_drbg_write_seed_file,1,0
mbedtls_debug_print_buf,65,0
mbedtls_debug_print_crt,4,0
mbedtls_debug_print_ecp,7,0
mbedtls_debug_print_mpi,19,0
mbedtls_debug_print_msg,527,1
mbedtls_debug_print_ret,123,34
mbedtls_des3_crypt_cbc,4,0
mbedtls_des3_crypt_ecb,4,0
mbedtls_des3_free,3,0
mbedtls_des3_init,3,0
mbedtls_des3_set2key_dec,3,0
mbedtls_des3_set2key_enc,3,0
mbedtls_des3_set3key_dec,4,0
mbedtls_des3_set3key_enc,3,0
mbedtls_des_crypt_cbc,4,0
mbedtls_des_crypt_ecb,4,0
mbedtls_des_free,3,0
mbedtls_des_init,3,0
mbedtls_des_setkey,7,0
mbedtls_des_setkey_dec,4,0
mbedtls_des_setkey_enc,3,0
mbedtls_dhm_calc_secret,3,0
mbedtls_dhm_free,3,0
mbedtls_dhm_init,2,0
mbedtls_dhm_make_params,1,0
mbedtls_dhm_make_public,2,0
mbedtls_dhm_parse_dhm,2,1
mbedtls_dhm_read_params,1,0
mbedtls_dhm_read_public,1,0
mbedtls_ecdh_calc_secret,3,0
mbedtls_ecdh_compute_shared,1,0
mbedtls_ecdh_free,1,0
mbedtls_ecdh_gen_public,2,0
mbedtls_ecdh_get_params,2,0
mbedtls_ecdh_init,1,0
mbedtls_ecdh_make_params,1,0
mbedtls_ecdh_make_public,2,0
mbedtls_ecdh_read_params,1,0
mbedtls_ecdh_read_public,2,0
mbedtls_ecdsa_free,4,0
mbedtls_ecdsa_from_keypair,2,0
mbedtls_ecdsa_init,3,0
mbedtls_ecdsa_read_signature,1,0
mbedtls_ecdsa_sign,1,0
mbedtls_ecdsa_sign_det,1,0
mbedtls_ecdsa_verify,1,0
mbedtls_ecdsa_write_signature,2,0
mbedtls_ecp_check_privkey,2,0
mbedtls_ecp_check_pub_priv,1,0
mbedtls_ecp_check_pubkey,4,0
mbedtls_ecp_copy,10,0
mbedtls_ecp_curve_info_from_grp_id,4,0
mbedtls_ecp_curve_info_from_tls_id,2,0
mbedtls_ecp_curve_list,4,0
mbedtls_ecp_gen_keypair,4,0
mbedtls_ecp_gen_keypair_base,1,0
mbedtls_ecp_group_copy,3,0
mbedtls_ecp_group_free,10,0
mbedtls_ecp_group_init,5,0
mbedtls_ecp_group_load,8,1
mbedtls_ecp_grp_id_list,2,0
mbedtls_ecp_is_zero,2,0
mbedtls_ecp_keypair_free,8,0
mbedtls_ecp_keypair_init,2,0
mbedtls_ecp_mul,10,0
mbedtls_ecp_mul_shortcuts,2,0
mbedtls_ecp_muladd,1,0
mbedtls_ecp_point_free,18,0
mbedtls_ecp_point_init,10,0
mbedtls_ecp_point_read_binary,3,0
mbedtls_ecp_point_write_binary,2,0
mbedtls_ecp_set_zero,2,0
mbedtls_ecp_tls_read_group,1,0
mbedtls_ecp_tls_read_point,2,0
mbedtls_ecp_tls_write_group,1,0
mbedtls_ecp_tls_write_point,2,0
mbedtls_entropy_add_source,4,0
mbedtls_entropy_free,1,0
mbedtls_entropy_func,3,1
mbedtls_entropy_gather,1,0
mbedtls_entropy_init,2,0
mbedtls_entropy_update_manual,2,0
mbedtls_entropy_write_seed_file,1,0
mbedtls_gcm_auth_decrypt,1,0
mbedtls_gcm_crypt_and_tag,4,2
mbedtls_gcm_finish,5,2
mbedtls_gcm_free,5,0
mbedtls_gcm_init,2,0
mbedtls_gcm_setkey,6,0
mbedtls_gcm_starts,4,2
mbedtls_gcm_update,8,6
mbedtls_havege_free,1,0
mbedtls_havege_init,2,0
mbedtls_havege_random,1,0
mbedtls_hmac_drbg_free,5,0
mbedtls_hmac_drbg_init,3,0
mbedtls_hmac_drbg_random,5,4
mbedtls_hmac_drbg_random_with_add,1,0
mbedtls_hmac_drbg_reseed,3,1
mbedtls_hmac_drbg_seed,2,2
mbedtls_hmac_drbg_seed_buf,1,0
mbedtls_hmac_drbg_set_prediction_resistance,1,0
mbedtls_hmac_drbg_update,5,0
mbedtls_hmac_drbg_write_seed_file,1,0
mbedtls_md,8,0
mbedtls_md5,1,0
mbedtls_md5_clone,3,0
mbedtls_md5_finish,8,0
mbedtls_md5_free,9,0
mbedtls_md5_init,8,0
mbedtls_md5_process,3,0
mbedtls_md5_starts,8,0
mbedtls_md5_update,15,0
mbedtls_md_finish,6,0
mbedtls_md_free,20,0
mbedtls_md_get_name,2,0
mbedtls_md_get_size,24,0
mbedtls_md_hmac_finish,20,0
mbedtls_md_hmac_reset,13,0
mbedtls_md_hmac_starts,12,0
mbedtls_md_hmac_update,32,0
mbedtls_md_info_from_type,37,0
mbedtls_md_init,16,0
mbedtls_md_list,1,0
mbedtls_md_process,1,0
mbedtls_md_setup,20,3
mbedtls_md_starts,6,0
mbedtls_md_update,15,0
mbedtls_mpi_add_abs,6,0
mbedtls_mpi_add_int,6,0
mbedtls_mpi_add_mpi,34,0
mbedtls_mpi_bitlen,28,0
mbedtls_mpi_cmp_abs,5,0
mbedtls_mpi_cmp_int,75,2
mbedtls_mpi_cmp_mpi,80,4
mbedtls_mpi_copy,62,1
mbedtls_mpi_div_int,1,0
mbedtls_mpi_div_mpi,4,0
mbedtls_mpi_exp_mod,10,0
mbedtls_mpi_fill_random,11,0
mbedtls_mpi_free,158,0
mbedtls_mpi_gcd,6,0
mbedtls_mpi_gen_prime,2,0
mbedtls_mpi_get_bit,10,0
mbedtls_mpi_grow,25,0
mbedtls_mpi_init,115,0
mbedtls_mpi_inv_mod,11,0
mbedtls_mpi_is_prime,1,0
mbedtls_mpi_lsb,5,0
mbedtls_mpi_lset,36,0
mbedtls_mpi_mod_int,3,0
mbedtls_mpi_mod_mpi,24,0
mbedtls_mpi_mul_int,7,0
mbedtls_mpi_mul_mpi,81,0
mbedtls_mpi_read_binary,14,0
mbedtls_mpi_read_string,26,0
mbedtls_mpi_safe_cond_assign,4,0
mbedtls_mpi_safe_cond_swap,4,0
mbedtls_mpi_set_bit,6,0
mbedtls_mpi_shift_l,12,0
mbedtls_mpi_shift_r,32,0
mbedtls_mpi_shrink,2,0
mbedtls_mpi_size,19,0
mbedtls_mpi_sub_abs,23,0
mbedtls_mpi_sub_int,9,0
mbedtls_mpi_sub_mpi,33,0
mbedtls_mpi_swap,1,0
mbedtls_mpi_write_binary,14,0
mbedtls_mpi_write_string,1,0
mbedtls_net_recv,1,0
mbedtls_oid_get_attr_short_name,1,0
mbedtls_oid_get_cipher_alg,1,0
mbedtls_oid_get_ec_grp,1,0
mbedtls_oid_get_extended_key_usage,1,0
mbedtls_oid_get_md_alg,3,0
mbedtls_oid_get_oid_by_ec_grp,1,0
mbedtls_oid_get_oid_by_md,1,0
mbedtls_oid_get_oid_by_pk_alg,1,0
mbedtls_oid_get_oid_by_sig_alg,2,0
mbedtls_oid_get_pk_alg,1,0
mbedtls_oid_get_pkcs12_pbe_alg,1,0
mbedtls_oid_get_sig_alg,1,0
mbedtls_oid_get_sig_alg_desc,1,0
mbedtls_oid_get_x509_ext_type,1,0
mbedtls_pem_free,13,0
mbedtls_pem_init,6,0
mbedtls_pem_read_buffer,9,0
mbedtls_pem_write_buffer,4,0
mbedtls_pk_can_do,15,8
mbedtls_pk_debug,1,0
mbedtls_pk_decrypt,1,0
mbedtls_pk_ec,14,1
mbedtls_pk_encrypt,1,1
mbedtls_pk_free,16,0
mbedtls_pk_get_bitlen,3,0
mbedtls_pk_get_len,3,0
mbedtls_pk_get_name,2,0
mbedtls_pk_get_type,11,5
mbedtls_pk_info_from_type,6,0
mbedtls_pk_load_file,5,0
mbedtls_pk_parse_key,2,0
mbedtls_pk_parse_keyfile,2,0
mbedtls_pk_parse_public_key,1,0
mbedtls_pk_parse_subpubkey,3,0
mbedtls_pk_rsa,7,0
mbedtls_pk_setup,6,0
mbedtls_pk_sign,4,2
mbedtls_pk_verify,3,2
mbedtls_pk_verify_ext,3,0
mbedtls_pk_write_key_der,1,0
mbedtls_pk_write_pubkey,3,0
mbedtls_pk_write_pubkey_der,3,0
mbedtls_pkcs12_derivation,2,0
mbedtls_pkcs12_pbe,1,0
mbedtls_pkcs12_pbe_sha1_rc4_128,1,0
mbedtls_pkcs5_pbes2,1,0
mbedtls_pkcs5_pbkdf2_hmac,2,1
mbedtls_ripemd160,1,0
mbedtls_ripemd160_clone,1,0
mbedtls_ripemd160_finish,2,0
mbedtls_ripemd160_free,2,0
mbedtls_ripemd160_init,2,0
mbedtls_ripemd160_process,3,0
mbedtls_ripemd160_starts,2,0
mbedtls_ripemd160_update,4,0
mbedtls_rsa_check_privkey,3,0
mbedtls_rsa_check_pub_priv,1,0
mbedtls_rsa_check_pubkey,4,1
mbedtls_rsa_free,7,0
mbedtls_rsa_init,2,0
mbedtls_rsa_pkcs1_decrypt,2,1
mbedtls_rsa_pkcs1_encrypt,2,1
mbedtls_rsa_pkcs1_sign,2,1
mbedtls_rsa_pkcs1_verify,2,1
mbedtls_rsa_private,8,0
mbedtls_rsa_public,9,0
mbedtls_rsa_rsaes_oaep_decrypt,1,0
mbedtls_rsa_rsaes_oaep_encrypt,1,0
mbedtls_rsa_rsaes_pkcs1_v15_decrypt,1,0
mbedtls_rsa_rsaes_pkcs1_v15_encrypt,1,0
mbedtls_rsa_rsassa_pkcs1_v15_sign,1,0
mbedtls_rsa_rsassa_pkcs1_v15_verify,1,0
mbedtls_rsa_rsassa_pss_sign,1,0
mbedtls_rsa_rsassa_pss_verify,1,0
mbedtls_rsa_rsassa_pss_verify_ext,2,0
mbedtls_rsa_set_padding,1,0
mbedtls_set_alarm,1,0
mbedtls_sha1,4,0
mbedtls_sha1_clone,3,0
mbedtls_sha1_finish,8,0
mbedtls_sha1_free,8,0
mbedtls_sha1_init,8,0
mbedtls_sha1_process,3,0
mbedtls_sha1_starts,8,0
mbedtls_sha1_update,13,0
mbedtls_sha256,2,0
mbedtls_sha256_clone,3,0
mbedtls_sha256_finish,5,0
mbedtls_sha256_free,6,0
mbedtls_sha256_init,6,0
mbedtls_sha256_process,3,0
mbedtls_sha256_starts,6,0
mbedtls_sha256_update,8,0
mbedtls_sha512,4,0
mbedtls_sha512_clone,3,0
mbedtls_sha512_finish,6,0
mbedtls_sha512_free,6,0
mbedtls_sha512_init,6,0
mbedtls_sha512_process,3,0
mbedtls_sha512_starts,8,0
mbedtls_sha512_update,11,0
mbedtls_ssl_check_cert_usage,2,0
mbedtls_ssl_check_curve,2,0
mbedtls_ssl_check_sig_hash,1,0
mbedtls_ssl_ciphersuite_from_id,8,0
mbedtls_ssl_ciphersuite_from_string,2,0
mbedtls_ssl_ciphersuite_uses_ec,1,0
mbedtls_ssl_ciphersuite_uses_psk,1,0
mbedtls_ssl_close_notify,1,0
mbedtls_ssl_conf_authmode,1,0
mbedtls_ssl_conf_ca_chain,1,0
mbedtls_ssl_conf_ciphersuites,1,0
mbedtls_ssl_conf_dbg,1,0
mbedtls_ssl_conf_dh_param,2,0
mbedtls_ssl_conf_endpoint,1,0
mbedtls_ssl_conf_own_cert,1,0
mbedtls_ssl_conf_rng,1,0
mbedtls_ssl_conf_session_cache,1,0
mbedtls_ssl_conf_sni,1,0
mbedtls_ssl_conf_transport,1,0
mbedtls_ssl_config_defaults,1,0
mbedtls_ssl_config_free,1,0
mbedtls_ssl_config_init,1,0
mbedtls_ssl_derive_keys,4,0
mbedtls_ssl_dtls_replay_check,2,0
mbedtls_ssl_dtls_replay_update,2,0
mbedtls_ssl_fetch_input,4,0
mbedtls_ssl_flush_output,7,0
mbedtls_ssl_free,1,0
mbedtls_ssl_get_ciphersuite_name,3,0
mbedtls_ssl_get_ciphersuite_sig_pk_alg,3,0
mbedtls_ssl_get_max_frag_len,1,0
mbedtls_ssl_get_peer_cert,2,0
mbedtls_ssl_handshake,5,4
mbedtls_ssl_handshake_client_step,1,0
mbedtls_ssl_handshake_free,3,0
mbedtls_ssl_handshake_server_step,1,0
mbedtls_ssl_handshake_step,1,0
mbedtls_ssl_handshake_wrapup,2,0
mbedtls_ssl_hash_from_md_alg,2,0
mbedtls_ssl_hdr_len,14,0
mbedtls_ssl_hs_hdr_len,37,20
mbedtls_ssl_init,1,0
mbedtls_ssl_list_ciphersuites,2,0
mbedtls_ssl_md_alg_from_hash,4,0
mbedtls_ssl_optimize_checksum,2,0
mbedtls_ssl_own_cert,4,2
mbedtls_ssl_own_key,14,2
mbedtls_ssl_parse_certificate,2,0
mbedtls_ssl_parse_change_cipher_spec,2,0
mbedtls_ssl_parse_finished,2,0
mbedtls_ssl_pk_alg_from_sig,2,0
mbedtls_ssl_psk_derive_premaster,5,0
mbedtls_ssl_read,1,0
mbedtls_ssl_read_record,12,0
mbedtls_ssl_read_version,5,0
mbedtls_ssl_recv_flight_completed,4,0
mbedtls_ssl_renegotiate,1,0
mbedtls_ssl_resend,6,3
mbedtls_ssl_reset_checksum,1,0
mbedtls_ssl_safer_memcmp,8,0
mbedtls_ssl_send_alert_message,13,0
mbedtls_ssl_send_fatal_handshake_failure,9,0
mbedtls_ssl_send_flight_completed,3,0
mbedtls_ssl_session_free,9,0
mbedtls_ssl_session_init,2,0
mbedtls_ssl_set_bio,1,0
mbedtls_ssl_set_hs_own_cert,1,0
mbedtls_ssl_set_session,1,0
mbedtls_ssl_setup,1,0
mbedtls_ssl_sig_from_pk,2,0
mbedtls_ssl_transform_free,5,0
mbedtls_ssl_write,1,0
mbedtls_ssl_write_certificate,2,0
mbedtls_ssl_write_change_cipher_spec,2,0
mbedtls_ssl_write_finished,2,0
mbedtls_ssl_write_record,16,0
mbedtls_ssl_write_version,8,0
mbedtls_strerror,1,0
mbedtls_timing_get_delay,5,5
mbedtls_timing_get_timer,6,1
mbedtls_timing_hardclock,13,0
mbedtls_timing_set_delay,2,0
mbedtls_x509_crl_free,19,0
mbedtls_x509_crl_init,1,0
mbedtls_x509_crl_parse,1,0
mbedtls_x509_crl_parse_der,2,0
mbedtls_x509_crl_parse_file,1,1
mbedtls_x509_crt_check_extended_key_usage,1,0
mbedtls_x509_crt_check_key_usage,3,0
mbedtls_x509_crt_free,30,0
mbedtls_x509_crt_info,1,0
mbedtls_x509_crt_init,7,0
mbedtls_x509_crt_is_revoked,1,0
mbedtls_x509_crt_parse,5,2
mbedtls_x509_crt_parse_der,5,0
mbedtls_x509_crt_parse_file,8,4
mbedtls_x509_crt_verify,2,2
mbedtls_x509_crt_verify_with_profile,2,0
mbedtls_x509_csr_free,13,0
mbedtls_x509_csr_init,1,0
mbedtls_x509_csr_parse,1,0
mbedtls_x509_csr_parse_der,2,0
mbedtls_x509_dn_gets,4,0
mbedtls_x509_get_alg,6,0
mbedtls_x509_get_alg_null,1,0
mbedtls_x509_get_ext,2,0
mbedtls_x509_get_name,4,0
mbedtls_x509_get_rsassa_pss_params,1,0
mbedtls_x509_get_serial,2,0
mbedtls_x509_get_sig,3,0
mbedtls_x509_get_sig_alg,3,0
mbedtls_x509_get_time,5,0
mbedtls_x509_key_size_helper,2,0
mbedtls_x509_serial_gets,2,0
mbedtls_x509_set_extension,2,0
mbedtls_x509_sig_alg_gets,3,0
mbedtls_x509_string_to_names,3,0
mbedtls_x509_time_is_future,4,0
mbedtls_x509_time_is_past,7,0
mbedtls_x509_write_extensions,2,0
mbedtls_x509_write_names,3,0
mbedtls_x509_write_sig,2,0
mbedtls_x509write_crt_der,1,0
mbedtls_x509write_crt_set_extension,5,0
mbedtls_x509write_csr_der,1,0
mbedtls_x509write_csr_set_extension,2,0
mbedtls_xtea_crypt_ecb,3,0
mbedtls_xtea_free,1,0
mbedtls_xtea_init,1,0
mbedtls_xtea_setup,1,0
mbedtls_zeroize,97,0
memchr,1,0
memcmp,126,38
mgf_mask,6,0
min_expand,1,0
mkstemp,1,0
mktime,1,0
mpi_check_small_factors,3,0
mpi_get_digit,3,0
mpi_miller_rabin,3,0
mpi_montg_init,1,0
mpi_montmul,9,0
mpi_montred,2,0
mpi_mul_hlp,3,0
mpi_sub_hlp,3,0
mpi_write_hlp,2,0
mqinit,3,0
mqrecv,2,0
mqsend,2,0
mqsocket,3,0
mqwait,2,0
needstack,1,0
net_prepare,2,0
net_would_block,3,0
netaccept,1,0
netannounce,1,0
netdial,1,0
netgetsocket,2,0
next_task_sleeptime,1,0
normalize_path,2,2
nsec,4,0
oid_cipher_alg_from_asn1,1,0
oid_ext_key_usage_from_asn1,1,0
oid_grp_id_from_asn1,1,0
oid_md_alg_from_asn1,1,0
oid_pk_alg_from_asn1,1,0
oid_pkcs12_pbe_alg_from_asn1,1,0
oid_sig_alg_from_asn1,2,0
oid_x509_ext_from_asn1,1,0
oid_x520_attr_from_asn1,1,0
open,7,0
opendir,1,0
parse_chunks,1,0
pattern_match,35,33
pem_aes_decrypt,3,0
pem_des3_decrypt,1,0
pem_des_decrypt,1,0
pem_get_iv,3,0
pem_pbkdf1,3,0
pipe,1,1
pk_get_ecparams,1,0
pk_get_ecpubkey,2,0
pk_get_pk_alg,2,0
pk_get_rsapubkey,1,0
pk_group_from_specified,1,0
pk_group_id_from_group,1,0
pk_group_id_from_specified,1,0
pk_hashlen_helper,2,0
pk_parse_key_pkcs1_der,3,0
pk_parse_key_pkcs8_encrypted_der,2,0
pk_parse_key_pkcs8_unencrypted_der,3,0
pk_parse_key_sec1_der,3,0
pk_use_ecparams,3,0
pk_write_ec_param,2,0
pk_write_ec_pubkey,2,0
pk_write_rsa_pubkey,1,0
pkcs12_fill_buffer,3,0
pkcs12_parse_pbe_params,1,0
pkcs12_pbe_derive_key_iv,1,0
pkcs5_parse_pbkdf2_params,1,0
pread,1,0
printf,402,0
process_token,1,0
pthread_create,1,0
pthread_sigmask,1,0
push_random_values,1,1
putchar,12,0
puts,29,0
qlock,1,0
qunlock,1,0
radix_sort,8,0
raise,3,0
rand,10,1
read,4,0
read_and_process_token,1,0
read_message,1,0
readdir,1,0
realloc,16,0
really_send_toke,2,0
realpath,1,0
recv,2,0
recvfrom,1,0
request_determine_method,1,0
rotate_left,5,0
rotate_logs,2,1
rotate_right,5,0
rsa_alt_get_bitlen,1,0
rsa_alt_sign_wrap,1,0
rsa_get_bitlen,1,0
rsa_prepare_blinding,1,0
rsa_verify_wrap,1,0
run_events,8,8
run_main_loop,1,0
run_test,7,0
same_handler,1,0
seedthreads,1,0
select,2,1
send,1,0
send_pending_tokes,2,0
send_reply,1,0
send_toke,2,0
sendfile,1,0
setbuf,37,0
setgid,1,0
setmcontext,1,0
setregid,1,0
setreuid,1,0
setrlimit,1,1
setsockopt,6,0
setuid,1,0
setup_parser,4,0
setup_ssl_session_cache,2,2
shrink_table,1,0
shutdown,2,0
sigaction,4,0
signal,3,0
sigprocmask,2,0
simple_query_run,2,0
singlematch,3,0
snapUpSize,6,0
socket,4,1
sqlite3_close,1,0
sqlite3_column_blob,1,0
sqlite3_column_bytes,2,0
sqlite3_column_count,2,0
sqlite3_column_double,1,0
sqlite3_column_int,1,0
sqlite3_column_text,1,0
sqlite3_column_type,1,0
sqlite3_errmsg,2,0
sqlite3_finalize,2,0
sqlite3_free,3,0
sqlite3_last_insert_rowid,1,0
sqlite3_open,1,0
sqlite3_prepare_v2,1,1
sqlite3_step,2,1
sqlite3_vmprintf,1,0
srand,1,0
ssl_append_key_cert,2,0
ssl_bitmask_check,1,1
ssl_bitmask_set,1,0
ssl_check_ctr_renegotiate,2,0
ssl_check_dtls_clihlo_cookie,1,0
ssl_check_key_curve,1,1
ssl_check_server_ecdh_params,2,0
ssl_check_timer,2,1
ssl_ciphersuite_match,1,0
ssl_cookie_hmac,2,0
ssl_decrypt_buf,1,1
ssl_do_handshake,2,0
ssl_double_retransmit_timeout,1,0
ssl_dtls_replay_reset,2,0
ssl_encrypt_buf,1,1
ssl_ep_len,4,2
ssl_flight_append,1,1
ssl_flight_free,2,0
ssl_generate_random,1,1
ssl_get_ecdh_params_from_cert,2,0
ssl_handle_possible_reconnect,1,0
ssl_handshake_init,3,0
ssl_handshake_params_init,1,0
ssl_handshake_wrapup_free_hs_transform,2,0
ssl_key_cert_free,1,0
ssl_load_session,1,0
ssl_load_six_bytes,2,0
ssl_parse_alpn_ext,2,0
ssl_parse_certificate_request,1,0
ssl_parse_certificate_verify,1,0
ssl_parse_client_dh_public,2,0
ssl_parse_client_hello,1,0
ssl_parse_client_key_exchange,1,0
ssl_parse_client_psk_identity,4,0
ssl_parse_encrypt_then_mac_ext,2,0
ssl_parse_encrypted_pms,2,0
ssl_parse_extended_ms_ext,2,0
ssl_parse_hello_verify_request,1,0
ssl_parse_max_fragment_length_ext,2,0
ssl_parse_new_session_ticket,1,0
ssl_parse_record_header,1,0
ssl_parse_renegotiation_info,2,0
ssl_parse_server_dh_params,1,0
ssl_parse_server_ecdh_params,1,0
ssl_parse_server_hello,1,0
ssl_parse_server_hello_done,1,0
ssl_parse_server_key_exchange,1,0
ssl_parse_server_psk_hint,1,0
ssl_parse_servername_ext,1,0
ssl_parse_session_ticket_ext,2,0
ssl_parse_signature_algorithm,1,0
ssl_parse_signature_algorithms_ext,1,0
ssl_parse_supported_elliptic_curves,1,0
ssl_parse_supported_point_formats,1,0
ssl_parse_supported_point_formats_ext,1,0
ssl_parse_truncated_hmac_ext,2,0
ssl_pick_cert,1,1
ssl_prepare_handshake_record,2,0
ssl_prepare_record_content,1,0
ssl_reassemble_dtls_handshake,1,0
ssl_resend_hello_request,2,0
ssl_reset_retransmit_timeout,1,0
ssl_save_session,1,0
ssl_send,1,0
ssl_session_copy,2,0
ssl_session_reset_int,2,1
ssl_set_timer,10,0
ssl_start_renegotiation,2,0
ssl_swap_epochs,2,0
ssl_ticket_gen_key,3,0
ssl_ticket_select_key,1,0
ssl_ticket_update_keys,2,0
ssl_transform_init,1,0
ssl_write_alpn_ext,2,0
ssl_write_certificate_request,1,0
ssl_write_certificate_verify,1,0
ssl_write_client_hello,1,0
ssl_write_client_key_exchange,1,0
ssl_write_encrypt_then_mac_ext,2,0
ssl_write_encrypted_pms,2,0
ssl_write_extended_ms_ext,2,0
ssl_write_hello_request,2,0
ssl_write_hello_verify_request,1,0
ssl_write_hostname_ext,1,0
ssl_write_max_fragment_length_ext,2,0
ssl_write_new_session_ticket,1,0
ssl_write_real,3,0
ssl_write_renegotiation_ext,2,0
ssl_write_server_hello,1,0
ssl_write_server_hello_done,1,0
ssl_write_server_key_exchange,1,0
ssl_write_session_ticket_ext,2,0
ssl_write_signature_algorithms_ext,1,0
ssl_write_split,1,0
ssl_write_supported_elliptic_curves_ext,1,0
ssl_write_supported_point_formats_ext,2,0
ssl_write_truncated_hmac_ext,2,0
start_terminator,1,0
startfdtask,3,0
stat,5,0
strcmp,20,0
stream_to_disk,1,0
strerror,1129,0
strfind,2,0
strftime,1,0
strlen,138,3
strncmp,2,0
strptime,1,0
strstr,5,0
strtol,8,0
strtoul,4,0
sub32,76,0
swapcontext,1,1
task_clear_signal,3,0
task_was_signaled,7,3
taskalloc,1,0
taskallsignal,2,0
taskcreate,8,2
taskdelay,9,0
taskexit,8,0
taskexitall,4,0
taskgetinfo,1,0
taskmain,1,0
taskname,11,0
taskready,11,0
taskscheduler,1,0
taskself,4,0
tasksignal,4,0
tasksleep,4,0
tasksrunning,2,0
taskstate,16,0
taskswitch,9,0
tasksystem,1,0
taskwakeup,3,0
taskwakeupall,1,0
taskyield,3,0
test0,1,0
test0_0,4,0
test0_1,8,0
test1,1,0
test10,1,0
test10_0,11,0
test11,1,0
test11_0,28,0
test11_1,19,0
test12,1,0
test12_0,19,0
test12_1,19,0
test13,1,0
test13_0,21,0
test14,1,0
test14_0,21,0
test15,1,0
test15_0,20,0
test16,1,0
test16_0,20,0
test17,1,0
test17_0,10,0
test18,1,0
test18_0,10,0
test18_1_int,11,0
test19,1,0
test19_0,11,0
test1_0,8,0
test2,1,0
test20,1,0
test21,1,0
test21_0,8,0
test21_1,6,0
test22,1,0
test22_0,11,0
test23,1,0
test23_aux_open,5,0
test24,1,0
test24_0,18,0
test25,1,0
test25_0,13,0
test26,1,0
test26_0,16,0
test27,1,0
test27_0,11,0
test28,1,0
test28_0,11,0
test28_1,11,0
test28_2,11,0
test28_3,11,0
test29,1,0
test29_0,9,0
test2_0,6,0
test3,1,0
test30,1,0
test30_0,12,0
test31,1,0
test31_0,14,0
test31_1,15,0
test32,1,0
test32_0,10,0
test32_1,11,0
test33,1,0
test33_0,6,0
test34,1,0
test34_0,6,0
test35,1,0
test35_0,13,0
test36,1,0
test36_0,21,0
test37,1,0
test37_0,11,0
test38,1,0
test38_aux_bNgetc,1,0
test38_aux_bNopen,1,0
test39,1,0
test39_0,6,0
test3_0,6,0
test4,1,0
test40,1,0
test40_0,14,0
test41,1,0
test41_0,14,0
test42,1,0
test42_0,7,0
test43,1,0
test44,1,0
test44_0,4,0
test45,1,0
test45_0,4,0
test46,1,0
test46_0,8,0
test46_1,7,0
test4_0,17,0
test5,1,0
test5_0,11,0
test5_1,1,0
test6,1,0
test6_0,5,0
test7x8,2,0
test7x8_0,18,0
test9,1,0
test9_0,20,0
test_Config_load,1,0
test_Config_load_mimetypes,1,0
test_Config_load_module,1,0
test_Config_load_settings,1,0
test_Connection_create_destroy,1,0
test_Connection_task,1,0
test_DB_close,1,0
test_DB_exec,1,0
test_DB_init,1,0
test_Dir_find_file,1,0
test_Dir_find_file_isdir,1,0
test_Dir_resolve_file,1,0
test_Dir_serve_big_files,1,0
test_Dir_serve_file,1,0
test_Filter_load,1,0
test_Filter_run,1,0
test_Filter_run_chain,1,0
test_Filter_stop_filter_chain,1,0
test_HandlerParser_execute,1,0
test_Handler_create_destroy,1,0
test_Handler_recv_create,1,0
test_Handler_send_create,1,0
test_IOBuf_read_operations,1,0
test_IOBuf_send_operations,1,0
test_IOBuf_streaming,1,0
test_MIME_destroy,1,0
test_MIME_failures,1,0
test_MIME_ops,1,0
test_Multiple_Header_Request,1,0
test_Proxy_create_destroy,1,0
test_RadixMap_operations,1,0
test_RadixMap_simulate,1,0
test_Register_connect_disconnect,1,0
test_Register_init,1,0
test_Register_ping,1,0
test_Request_create,1,0
test_Request_payloads,1,0
test_Request_relaxed,1,0
test_Request_speeds,1,0
test_Response_send_socket_policy,1,0
test_Response_send_status,1,0
test_SSL_verify_cert,1,0
test_Server_adds,1,0
test_Server_create_destroy,1,0
test_Server_init,1,0
test_Setting_add_get,1,0
test_Setting_destroy,1,0
test_State_exec_error,1,0
test_State_http,1,0
test_State_msg,1,0
test_Unixy_chroot_fails,1,0
test_Unixy_drop_priv_fails,1,0
test_Unixy_getcwd,1,0
test_Unixy_pid_file,1,0
test_anchors,1,0
test_balance,1,0
test_blocks,1,0
test_cache_evict,1,0
test_cache_lookup,1,0
test_cache_manual_evict,1,0
test_chunked_can_read,1,0
test_complex_types,1,0
test_create_destroy,1,0
test_darray_operations,1,0
test_dict_operations,1,0
test_escaped,1,0
test_frontier,1,0
test_hash_operations,1,0
test_http11_parser_basics,1,0
test_httpclient_parser_basics,1,0
test_list_operations,1,0
test_maxed_pipes_hot,1,0
test_midlevel_pipes_hot,1,0
test_optional,1,0
test_parse,9,9
test_parser_thrashing,2,0
test_routing_match,1,0
test_routing_match_reversed,1,0
test_search,1,1
test_set,1,0
test_simple_matches,1,0
test_simple_prefix_matching,1,0
test_simple_prefix_pattern_matching,1,0
test_simple_repetitions,1,0
test_sparse_pipes_hot,1,0
test_tnetstring_decode,1,0
test_tnetstring_encode,1,0
test_tnetstring_numbers,1,0
test_tst_collect,1,0
test_tst_destroy,1,0
test_tst_insert,1,0
test_tst_search_exact,1,0
test_tst_search_prefix,1,0
test_tst_search_suffix,1,0
test_tst_traverse,1,0
testaux0,1,0
testaux1,1,0
testaux10,1,0
testaux11,1,0
testaux12,1,0
testaux2,1,0
testaux3,1,0
testaux4,1,0
testaux5,1,0
testaux6,1,0
testaux7,1,0
testaux8,1,0
testaux9,1,0
time,24,1
tls_prf_generic,2,0
tns_add_to_dict,1,1
tns_add_to_list,28,1
tns_dict_setcstr,7,0
tns_get_false,2,0
tns_get_null,4,0
tns_get_true,2,0
tns_inplace_reverse,2,0
tns_insert_to_list,1,0
tns_list_addstr,8,0
tns_new_dict,12,0
tns_new_float,1,0
tns_new_integer,11,0
tns_new_list,16,0
tns_outbuf_clamp,4,0
tns_outbuf_extend,4,3
tns_outbuf_free,1,0
tns_outbuf_init,3,3
tns_outbuf_itoa,3,1
tns_outbuf_putc,10,6
tns_outbuf_rputs,5,2
tns_outbuf_to_bstring,3,0
tns_parse,32,0
tns_parse_dict,1,1
tns_parse_float,1,0
tns_parse_integer,1,0
tns_parse_list,1,1
tns_parse_string,14,0
tns_render,13,0
tns_render_bool,1,0
tns_render_dict,1,0
tns_render_hash_pair,13,0
tns_render_hash_pair_list,1,0
tns_render_list,1,0
tns_render_log_end,1,0
tns_render_log_start,1,1
tns_render_number,1,0
tns_render_number_prepend,4,0
tns_render_request_end,1,1
tns_render_request_headers,2,2
tns_render_request_start,2,0
tns_render_reversed,1,0
tns_render_string,1,0
tns_render_string_prepend,5,0
tns_render_value,10,4
tns_standard_table,3,0
tns_value_destroy,45,0
tokenize,12,12
tolower,27,0
toupper,1,0
tst_collect,5,0
tst_destroy,4,0
tst_insert,7,0
tst_insert_base,4,0
tst_resize_queue,1,0
tst_search,7,2
tst_search_prefix,5,0
tst_search_suffix,6,0
tst_traverse,7,0
unlink,4,0
url_decode,1,0
verify_bintree,1,0
verify_dict_has_node,3,0
verify_node_count,3,0
verify_redblack,3,0
vfprintf,1,0
wake_sleepers,1,0
websocket_challenge,1,0
write,4,1
x509_at_oid_from_name,1,0
x509_check_time,2,0
x509_check_wildcard,2,0
x509_crl_get_version,1,0
x509_crt_check_parent,5,0
x509_crt_parse_der_core,1,0
x509_crt_verify_child,2,0
x509_crt_verify_top,4,0
x509_crt_verifycrl,2,0
x509_csr_get_version,1,0
x509_get_attr_type_value,1,0
x509_get_basic_constraints,1,0
x509_get_crl_entry_ext,1,0
x509_get_crl_ext,1,0
x509_get_crt_ext,1,0
x509_get_current_time,2,0
x509_get_dates,1,0
x509_get_entries,1,0
x509_get_ext_key_usage,1,0
x509_get_hash_alg,1,0
x509_get_key_usage,1,0
x509_get_ns_cert_type,1,0
x509_get_subject_alt_name,1,0
x509_get_uid,2,0
x509_get_version,1,0
x509_info_cert_type,1,0
x509_info_ext_key_usage,1,0
x509_info_key_usage,1,0
x509_info_subject_alt_name,1,0
x509_memcasecmp,4,0
x509_name_cmp,2,0
x509_parse_int,12,0
x509_profile_check_key,4,0
x509_profile_check_md_alg,3,0
x509_profile_check_pk_alg,4,0
x509_string_cmp,1,0
x509_write_extension,1,0
x509_write_name,1,0
x509_write_time,2,0
zmq_bind,6,0
zmq_close,12,0
zmq_connect,1,0
zmq_init,1,1
zmq_msg_close,9,0
zmq_msg_data,4,0
zmq_msg_init,5,0
zmq_msg_init_data,3,0
zmq_msg_init_size,1,0
zmq_msg_recv,3,0
zmq_msg_send,4,0
zmq_msg_size,5,1
zmq_poll,1,0
zmq_setsockopt,7,0
zmq_socket,3,0
zmq_term,4,0
