OSAtomicAdd64,6,0
OSAtomicCompareAndSwap64Barrier,16,0
OSMemoryBarrier,2,0
_OSSwapInt16,9,0
_OSSwapInt32,15,0
__builtin___memcpy_chk,285,0
__builtin___memmove_chk,15,0
__builtin___memset_chk,194,0
__builtin_constant_p,24,0
__builtin_object_size,494,0
__builtin_va_end,7,0
__builtin_va_start,7,0
__error,283,0
__sigbits,10,0
abort,1,0
accept,1,1
bind,2,2
chdir,1,1
chmod,4,4
chown,2,2
close,55,55
closedir,4,4
connect,4,4
crc32,2,0
crypt,1,0
deflate,2,2
deflateEnd,3,2
deflateInit2_,2,2
dlclose,1,1
dlerror,1,0
dlopen,1,1
dlsym,3,2
dup2,3,3
execve,1,1
exit,20,0
fcntl,9,9
fork,2,1
free,51,0
fstat,8,8
fstatat,1,1
ftruncate,1,1
getenv,2,0
geteuid,3,3
getgrnam,2,2
gethostbyname,1,0
gethostname,1,1
getpagesize,1,0
getpid,3,0
getppid,1,0
getpwnam,2,2
getrlimit,3,3
getsockname,2,2
getsockopt,6,6
gettimeofday,3,0
getuid,4,0
glob,1,0
globfree,1,0
gmtime_r,1,0
initgroups,1,1
ioctl,3,1
kevent,7,7
kill,2,1
kqueue,1,1
listen,2,2
localtime_r,2,0
lseek,1,1
lstat,1,1
malloc,4,1
memcmp,12,2
mkdir,3,3
mktime,2,0
mmap,2,0
munmap,2,2
ngx_add_channel_event,1,0
ngx_add_inherited_sockets,1,0
ngx_add_module,1,0
ngx_add_path,4,0
ngx_alloc,27,1
ngx_alloc_chain_link,52,1
ngx_array_create,51,1
ngx_array_init,65,1
ngx_array_push,125,5
ngx_array_push_n,32,0
ngx_atofp,1,0
ngx_atoi,40,19
ngx_atoof,4,2
ngx_atosz,1,0
ngx_atotm,1,0
ngx_blocking,3,3
ngx_calloc,4,0
ngx_chain_add_copy,4,0
ngx_chain_coalesce_file,1,0
ngx_chain_get_free_buf,23,0
ngx_chain_to_iovec,1,0
ngx_chain_update_chains,10,0
ngx_chain_update_sent,2,0
ngx_chain_writer,2,0
ngx_clone_listening,1,0
ngx_close_accepted_connection,15,0
ngx_close_cached_file,4,0
ngx_close_channel,8,0
ngx_close_connection,14,0
ngx_close_file_mapping,1,0
ngx_close_glob,1,0
ngx_close_idle_connections,1,0
ngx_close_listening_sockets,3,0
ngx_cmp_sockaddr,2,0
ngx_conf_full_name,14,0
ngx_conf_handler,1,0
ngx_conf_include,2,0
ngx_conf_log_error,294,0
ngx_conf_merge_path_value,5,0
ngx_conf_open_file,5,0
ngx_conf_param,1,0
ngx_conf_parse,17,1
ngx_conf_read_token,1,1
ngx_configure_listening_sockets,1,0
ngx_connection_error,30,0
ngx_connection_local_sockaddr,6,0
ngx_copy_file,1,1
ngx_count_modules,2,0
ngx_cpuid,2,0
ngx_cpuinfo,1,0
ngx_cpystrn,22,0
ngx_crc32_long,5,0
ngx_crc32_short,5,0
ngx_crc32_table_init,1,0
ngx_crc32_update,12,0
ngx_create_file_mapping,1,0
ngx_create_full_path,1,1
ngx_create_hashed_filename,3,0
ngx_create_listening,1,0
ngx_create_path,1,0
ngx_create_paths,1,0
ngx_create_pidfile,3,0
ngx_create_pool,13,2
ngx_create_temp_buf,25,0
ngx_create_temp_file,3,0
ngx_crypt,1,1
ngx_crypt_apr1,1,0
ngx_crypt_plain,1,0
ngx_crypt_sha,1,0
ngx_crypt_ssha,1,0
ngx_crypt_to64,6,0
ngx_cycle_modules,1,0
ngx_daemon,1,0
ngx_de_info,2,2
ngx_debug_init,1,0
ngx_debug_point,10,0
ngx_decode_base64,3,1
ngx_decode_base64_internal,2,0
ngx_delete_pidfile,2,0
ngx_destroy_cycle_pools,5,0
ngx_destroy_pool,51,0
ngx_disable_accept_events,2,0
ngx_dlerror,4,0
ngx_dns_strcmp,3,0
ngx_drain_connections,1,0
ngx_enable_accept_events,3,0
ngx_encode_base64,3,0
ngx_encode_base64_internal,2,0
ngx_escape_html,10,0
ngx_escape_json,2,0
ngx_escape_uri,15,0
ngx_event_add_timer,49,0
ngx_event_cancel_timers,1,0
ngx_event_connect_peer,1,1
ngx_event_del_timer,32,0
ngx_event_expire_timers,1,0
ngx_event_find_timer,1,0
ngx_event_pipe,4,0
ngx_event_pipe_add_free_buf,4,0
ngx_event_pipe_drain_chains,4,0
ngx_event_pipe_read_upstream,1,0
ngx_event_pipe_remove_shadow_links,3,0
ngx_event_pipe_write_chain_to_temp_file,2,0
ngx_event_pipe_write_to_downstream,1,0
ngx_event_process_posted,2,0
ngx_event_timer_init,1,0
ngx_exec_new_binary,1,0
ngx_execute,1,1
ngx_expire_old_cached_files,2,0
ngx_ext_rename_file,2,1
ngx_file_info_wrapper,3,0
ngx_filename_cmp,5,2
ngx_free_connection,5,0
ngx_fs_bsize,2,0
ngx_get_connection,7,4
ngx_get_cpu_affinity,1,0
ngx_get_full_name,5,0
ngx_get_options,1,0
ngx_gmtime,6,0
ngx_handle_read_event,24,0
ngx_handle_write_event,15,0
ngx_hash_add_key,6,6
ngx_hash_find,20,1
ngx_hash_find_combined,3,0
ngx_hash_find_wc_head,2,0
ngx_hash_find_wc_tail,2,0
ngx_hash_init,17,0
ngx_hash_key,4,0
ngx_hash_key_lc,9,0
ngx_hash_keys_array_init,5,0
ngx_hash_strlow,10,0
ngx_hash_wildcard_init,7,0
ngx_hex_dump,5,0
ngx_hextoi,4,3
ngx_http_access_found,2,0
ngx_http_access_inet,1,0
ngx_http_access_unix,1,0
ngx_http_add_address,2,0
ngx_http_add_addresses,1,0
ngx_http_add_addrs,1,0
ngx_http_add_charset,3,2
ngx_http_add_listen,2,0
ngx_http_add_listening,1,0
ngx_http_add_location,3,0
ngx_http_add_referer,2,0
ngx_http_add_regex_referer,1,0
ngx_http_add_regex_server_name,1,0
ngx_http_add_server,2,0
ngx_http_add_variable,15,0
ngx_http_alloc_large_header_buffer,2,2
ngx_http_arg,2,0
ngx_http_auth_basic_close,3,0
ngx_http_auth_basic_crypt_handler,3,0
ngx_http_auth_basic_set_realm,3,0
ngx_http_auth_basic_user,2,1
ngx_http_autoindex_error,7,0
ngx_http_autoindex_html,1,0
ngx_http_autoindex_json,2,0
ngx_http_autoindex_jsonp_callback,1,0
ngx_http_autoindex_xml,1,0
ngx_http_browser,1,0
ngx_http_cache_send,2,0
ngx_http_charset_ctx,1,0
ngx_http_charset_get_buf,3,0
ngx_http_charset_get_buffer,5,0
ngx_http_charset_recode,1,0
ngx_http_charset_recode_from_utf8,1,0
ngx_http_charset_recode_to_utf8,1,0
ngx_http_clean_header,1,0
ngx_http_cleanup_add,1,0
ngx_http_close_connection,26,0
ngx_http_close_request,33,0
ngx_http_compile_complex_value,30,0
ngx_http_complex_value,26,0
ngx_http_cookie_time,1,0
ngx_http_core_find_location,3,0
ngx_http_core_find_static_location,1,0
ngx_http_core_regex_location,4,0
ngx_http_core_run_phases,4,0
ngx_http_create_locations_list,6,0
ngx_http_create_locations_tree,4,0
ngx_http_create_request,3,0
ngx_http_destination_charset,1,0
ngx_http_discard_request_body,5,0
ngx_http_discard_request_body_filter,2,0
ngx_http_do_read_client_request_body,4,0
ngx_http_fastcgi_eval,1,0
ngx_http_fastcgi_init_params,2,0
ngx_http_fastcgi_process_record,3,0
ngx_http_fastcgi_split,2,0
ngx_http_file_cache_add,1,0
ngx_http_file_cache_add_file,1,0
ngx_http_file_cache_aio_read,1,1
ngx_http_file_cache_create,1,0
ngx_http_file_cache_create_key,1,0
ngx_http_file_cache_delete,2,0
ngx_http_file_cache_delete_file,1,0
ngx_http_file_cache_exists,3,0
ngx_http_file_cache_expire,1,0
ngx_http_file_cache_forced_expire,2,0
ngx_http_file_cache_free,6,0
ngx_http_file_cache_loader_sleep,2,0
ngx_http_file_cache_lock,1,0
ngx_http_file_cache_lock_wait,1,0
ngx_http_file_cache_lookup,2,1
ngx_http_file_cache_name,3,0
ngx_http_file_cache_new,1,0
ngx_http_file_cache_open,2,0
ngx_http_file_cache_read,2,0
ngx_http_file_cache_reopen,1,0
ngx_http_file_cache_set_header,1,0
ngx_http_file_cache_set_watermark,2,0
ngx_http_file_cache_update,2,0
ngx_http_file_cache_update_header,1,0
ngx_http_file_cache_update_variant,1,0
ngx_http_file_cache_valid,4,0
ngx_http_file_cache_vary,3,0
ngx_http_file_cache_vary_header,1,0
ngx_http_filter_finalize_request,2,0
ngx_http_finalize_connection,2,0
ngx_http_finalize_request,67,0
ngx_http_find_virtual_server,1,0
ngx_http_free_request,2,0
ngx_http_geo_add_proxy,1,0
ngx_http_geo_add_range,1,0
ngx_http_geo_addr,2,0
ngx_http_geo_cidr,1,0
ngx_http_geo_cidr_add,2,0
ngx_http_geo_cidr_value,2,0
ngx_http_geo_copy_values,3,0
ngx_http_geo_create_binary_base,1,0
ngx_http_geo_delete_range,1,1
ngx_http_geo_include,1,0
ngx_http_geo_include_binary_base,1,0
ngx_http_geo_range,1,0
ngx_http_geo_real_addr,1,0
ngx_http_geo_value,3,0
ngx_http_get_charset,5,0
ngx_http_get_flushed_variable,5,0
ngx_http_get_forwarded_addr,1,0
ngx_http_get_forwarded_addr_internal,3,0
ngx_http_get_indexed_variable,9,3
ngx_http_get_variable,2,0
ngx_http_get_variable_index,9,0
ngx_http_gzip_accept_encoding,1,0
ngx_http_gzip_filter_add_data,1,0
ngx_http_gzip_filter_buffer,1,0
ngx_http_gzip_filter_deflate,1,0
ngx_http_gzip_filter_deflate_end,1,0
ngx_http_gzip_filter_deflate_start,1,0
ngx_http_gzip_filter_free_copy_buf,3,0
ngx_http_gzip_filter_get_buf,1,0
ngx_http_gzip_filter_gzheader,1,0
ngx_http_gzip_filter_memory,1,0
ngx_http_gzip_ok,1,0
ngx_http_gzip_quantity,1,0
ngx_http_handler,2,0
ngx_http_index_error,2,0
ngx_http_index_test_dir,1,0
ngx_http_init_headers_in_hash,1,0
ngx_http_init_listening,1,0
ngx_http_init_locations,2,0
ngx_http_init_phase_handlers,1,0
ngx_http_init_phases,1,0
ngx_http_init_static_location_trees,2,0
ngx_http_internal_redirect,7,0
ngx_http_join_exact_locations,1,0
ngx_http_limit_conn_cleanup,1,0
ngx_http_limit_conn_cleanup_all,2,0
ngx_http_limit_conn_lookup,1,0
ngx_http_limit_req_account,1,0
ngx_http_limit_req_expire,2,0
ngx_http_limit_req_lookup,1,0
ngx_http_lingering_close_handler,1,0
ngx_http_log_compile_format,2,0
ngx_http_log_escape,2,0
ngx_http_log_flush,1,0
ngx_http_log_gzip,2,0
ngx_http_log_request,2,0
ngx_http_log_script_write,1,0
ngx_http_log_variable_compile,1,0
ngx_http_log_write,2,0
ngx_http_main_request_charset,1,0
ngx_http_map_find,1,0
ngx_http_map_uri_to_path,8,1
ngx_http_merge_locations,2,0
ngx_http_merge_servers,1,0
ngx_http_merge_types,3,0
ngx_http_named_location,4,0
ngx_http_optimize_servers,1,0
ngx_http_output_filter,11,0
ngx_http_parse_chunked,4,1
ngx_http_parse_complex_uri,1,1
ngx_http_parse_expires,2,0
ngx_http_parse_header_line,6,5
ngx_http_parse_multi_header_lines,5,1
ngx_http_parse_request_line,1,0
ngx_http_parse_set_cookie_lines,1,0
ngx_http_parse_status_line,3,1
ngx_http_parse_unsafe_uri,2,0
ngx_http_post_action,2,0
ngx_http_post_request,4,0
ngx_http_postpone_filter_add,2,0
ngx_http_process_request,2,0
ngx_http_process_request_header,1,0
ngx_http_process_request_headers,1,0
ngx_http_process_request_line,2,0
ngx_http_process_request_uri,1,0
ngx_http_proxy_eval,1,0
ngx_http_proxy_init_headers,2,0
ngx_http_proxy_process_header,1,0
ngx_http_proxy_rewrite,3,0
ngx_http_proxy_rewrite_cookie_value,2,0
ngx_http_proxy_rewrite_regex,5,0
ngx_http_proxy_set_vars,2,0
ngx_http_range_multipart_body,1,0
ngx_http_range_multipart_header,1,0
ngx_http_range_not_satisfiable,1,0
ngx_http_range_parse,1,0
ngx_http_range_singlepart_body,1,0
ngx_http_range_singlepart_header,1,0
ngx_http_range_test_overlapped,1,0
ngx_http_read_client_request_body,4,0
ngx_http_read_discarded_request_body,2,0
ngx_http_read_request_header,2,0
ngx_http_read_unbuffered_request_body,1,0
ngx_http_regex_compile,6,0
ngx_http_regex_exec,5,1
ngx_http_request_body_chunked_filter,1,0
ngx_http_request_body_filter,6,0
ngx_http_request_body_length_filter,1,0
ngx_http_rewrite_if_condition,1,0
ngx_http_rewrite_value,4,0
ngx_http_rewrite_variable,1,0
ngx_http_run_posted_requests,5,0
ngx_http_scgi_eval,1,0
ngx_http_scgi_init_params,2,0
ngx_http_scgi_process_header,2,0
ngx_http_script_add_args_code,1,0
ngx_http_script_add_capture_code,1,0
ngx_http_script_add_code,14,0
ngx_http_script_add_copy_code,2,0
ngx_http_script_add_full_name_code,1,0
ngx_http_script_add_var_code,1,0
ngx_http_script_compile,20,0
ngx_http_script_done,1,0
ngx_http_script_flush_complex_value,1,0
ngx_http_script_flush_no_cacheable_variables,6,0
ngx_http_script_init_arrays,1,0
ngx_http_script_run,9,0
ngx_http_script_start_code,12,1
ngx_http_script_variables_count,16,0
ngx_http_send_error_page,1,0
ngx_http_send_header,11,1
ngx_http_send_refresh,2,0
ngx_http_send_response,2,0
ngx_http_send_special,5,0
ngx_http_send_special_response,2,0
ngx_http_server_names,1,0
ngx_http_set_charset,4,0
ngx_http_set_content_type,3,0
ngx_http_set_default_types,1,0
ngx_http_set_disable_symlinks,7,0
ngx_http_set_etag,1,0
ngx_http_set_expires,1,0
ngx_http_set_exten,4,0
ngx_http_set_keepalive,1,0
ngx_http_set_lingering_close,1,0
ngx_http_set_response_header,1,0
ngx_http_set_virtual_server,4,0
ngx_http_set_write_handler,2,0
ngx_http_source_charset,1,0
ngx_http_special_response_handler,2,0
ngx_http_split_args,2,0
ngx_http_ssi_buffered,2,0
ngx_http_ssi_evaluate_string,4,0
ngx_http_ssi_get_variable,5,0
ngx_http_ssi_output,2,0
ngx_http_ssi_parse,1,1
ngx_http_ssi_regex_match,1,0
ngx_http_subrequest,1,0
ngx_http_terminate_request,5,0
ngx_http_test_content_type,3,0
ngx_http_test_expect,2,0
ngx_http_test_if_match,2,0
ngx_http_test_if_modified,1,0
ngx_http_test_if_unmodified,1,0
ngx_http_test_predicates,2,0
ngx_http_time,5,0
ngx_http_update_location_config,4,0
ngx_http_upstream_add,6,1
ngx_http_upstream_cache,1,0
ngx_http_upstream_cache_get,1,0
ngx_http_upstream_cache_send,4,0
ngx_http_upstream_check_broken_connection,2,0
ngx_http_upstream_cleanup,1,0
ngx_http_upstream_connect,4,0
ngx_http_upstream_cookie_variable,1,0
ngx_http_upstream_copy_header_line,1,0
ngx_http_upstream_create,5,0
ngx_http_upstream_create_round_robin_peer,2,0
ngx_http_upstream_finalize_request,101,0
ngx_http_upstream_find_chash_point,1,0
ngx_http_upstream_get_least_conn_peer,1,0
ngx_http_upstream_get_peer,1,0
ngx_http_upstream_get_round_robin_peer,2,0
ngx_http_upstream_header_variable,1,0
ngx_http_upstream_hide_headers_hash,4,0
ngx_http_upstream_init,1,0
ngx_http_upstream_init_hash_peer,1,0
ngx_http_upstream_init_request,1,0
ngx_http_upstream_init_round_robin,4,0
ngx_http_upstream_init_round_robin_peer,3,0
ngx_http_upstream_intercept_errors,1,0
ngx_http_upstream_keepalive_close,2,0
ngx_http_upstream_keepalive_close_handler,1,0
ngx_http_upstream_next,11,0
ngx_http_upstream_process_body_in_memory,1,0
ngx_http_upstream_process_header,1,0
ngx_http_upstream_process_headers,2,0
ngx_http_upstream_process_non_buffered_downstream,1,0
ngx_http_upstream_process_non_buffered_request,2,0
ngx_http_upstream_process_non_buffered_upstream,1,0
ngx_http_upstream_process_request,2,0
ngx_http_upstream_process_upgraded,6,0
ngx_http_upstream_process_upstream,1,0
ngx_http_upstream_reinit,1,0
ngx_http_upstream_send_request,3,0
ngx_http_upstream_send_request_body,1,0
ngx_http_upstream_send_response,1,0
ngx_http_upstream_set_local,1,0
ngx_http_upstream_store,1,0
ngx_http_upstream_test_connect,2,0
ngx_http_upstream_test_next,1,0
ngx_http_upstream_upgrade,1,0
ngx_http_upstream_zone_copy_peers,1,0
ngx_http_userid_create_uid,2,0
ngx_http_userid_get_uid,3,0
ngx_http_userid_set_uid,1,0
ngx_http_userid_variable,2,0
ngx_http_uwsgi_eval,1,0
ngx_http_uwsgi_init_params,2,0
ngx_http_uwsgi_process_header,2,0
ngx_http_validate_host,2,2
ngx_http_variable_argument,1,0
ngx_http_variable_cookie,1,0
ngx_http_variable_headers_internal,2,0
ngx_http_variable_unknown_header,4,0
ngx_http_variable_unknown_header_in,1,0
ngx_http_variable_unknown_header_out,1,0
ngx_http_variables_add_core_vars,1,0
ngx_http_variables_init_vars,1,0
ngx_http_weak_etag,2,0
ngx_http_write_filter,1,0
ngx_http_write_request_body,2,0
ngx_inet_addr,7,2
ngx_inet_get_port,6,2
ngx_inet_resolve_host,2,1
ngx_inet_set_port,3,0
ngx_init_cycle,3,1
ngx_init_modules,1,0
ngx_init_setproctitle,1,0
ngx_init_signals,1,0
ngx_init_zone_pool,1,0
ngx_kqueue_dump_event,2,0
ngx_kqueue_notify_init,1,0
ngx_kqueue_set_event,2,0
ngx_libc_crypt,1,0
ngx_libc_gmtime,1,0
ngx_libc_localtime,2,0
ngx_list_create,4,0
ngx_list_init,9,0
ngx_list_push,40,0
ngx_localtime,1,0
ngx_log_errno,3,0
ngx_log_error_core,569,0
ngx_log_get_file_log,4,0
ngx_log_init,1,1
ngx_log_insert,2,0
ngx_log_open_default,1,0
ngx_log_redirect_stderr,3,0
ngx_log_set_levels,1,0
ngx_log_set_log,2,0
ngx_log_stderr,12,0
ngx_master_process_cycle,1,0
ngx_master_process_exit,2,0
ngx_md5_body,4,0
ngx_md5_final,5,0
ngx_md5_init,5,0
ngx_md5_update,24,0
ngx_memalign,3,0
ngx_memn2cmp,8,0
ngx_module_ctx_index,1,0
ngx_module_index,1,1
ngx_murmur_hash2,1,0
ngx_next_temp_number,4,0
ngx_next_time,1,0
ngx_nonblocking,8,8
ngx_open_and_stat_file,4,0
ngx_open_cached_file,8,8
ngx_open_dir,2,2
ngx_open_file_add_event,2,0
ngx_open_file_cache_init,2,0
ngx_open_file_del_event,2,0
ngx_open_file_lookup,1,1
ngx_open_file_wrapper,3,1
ngx_open_glob,1,1
ngx_open_listening_sockets,1,0
ngx_open_tempfile,1,0
ngx_openat_file_owner,2,0
ngx_os_init,1,0
ngx_os_signal_process,1,0
ngx_os_specific_init,1,0
ngx_os_specific_status,1,0
ngx_os_status,1,0
ngx_output_chain,3,0
ngx_output_chain_add_copy,1,0
ngx_output_chain_align_file_buf,1,0
ngx_output_chain_as_is,2,0
ngx_output_chain_copy_buf,1,0
ngx_output_chain_get_buf,1,0
ngx_output_chain_to_iovec,3,2
ngx_palloc,112,1
ngx_palloc_block,1,0
ngx_palloc_large,2,0
ngx_palloc_small,4,0
ngx_parse_addr,3,0
ngx_parse_addr_port,3,1
ngx_parse_http_time,9,0
ngx_parse_inet6_url,1,0
ngx_parse_inet_url,1,0
ngx_parse_offset,3,1
ngx_parse_size,10,7
ngx_parse_time,16,6
ngx_parse_unix_domain_url,1,0
ngx_parse_url,9,9
ngx_pass_open_channel,4,0
ngx_pcalloc,179,3
ngx_pfree,9,0
ngx_pmemalign,2,0
ngx_pnalloc,135,2
ngx_pool_cleanup_add,11,0
ngx_pool_run_cleanup_file,2,0
ngx_preinit_modules,1,0
ngx_process_events_and_timers,3,0
ngx_process_get_status,1,0
ngx_process_options,1,0
ngx_proxy_protocol_read,1,0
ngx_pstrdup,10,0
ngx_ptocidr,2,1
ngx_queue_middle,1,0
ngx_queue_sort,1,0
ngx_radix32tree_delete,2,1
ngx_radix32tree_find,3,0
ngx_radix32tree_insert,4,0
ngx_radix_alloc,2,0
ngx_radix_tree_create,2,0
ngx_rbtree_delete,22,0
ngx_rbtree_insert,8,0
ngx_rbtree_left_rotate,5,0
ngx_rbtree_min,5,0
ngx_rbtree_right_rotate,5,0
ngx_read_channel,1,0
ngx_read_dir,2,2
ngx_read_file,7,4
ngx_read_glob,1,0
ngx_reap_children,1,0
ngx_regex_compile,5,5
ngx_regex_exec_array,3,0
ngx_regex_init,1,0
ngx_regex_malloc_done,2,0
ngx_regex_malloc_init,2,0
ngx_reopen_files,4,0
ngx_reset_pool,2,0
ngx_resolve_name,2,0
ngx_resolve_name_done,6,0
ngx_resolve_name_locked,5,0
ngx_resolve_start,2,1
ngx_resolver_alloc,14,0
ngx_resolver_calloc,13,0
ngx_resolver_cleanup_tree,3,0
ngx_resolver_copy,8,0
ngx_resolver_create,2,0
ngx_resolver_create_addr_query,1,0
ngx_resolver_create_name_query,1,0
ngx_resolver_create_srv_query,1,0
ngx_resolver_dup,3,0
ngx_resolver_expire,3,0
ngx_resolver_export,2,0
ngx_resolver_free,54,0
ngx_resolver_free_locked,16,0
ngx_resolver_free_node,8,0
ngx_resolver_lookup_addr,2,0
ngx_resolver_lookup_name,2,1
ngx_resolver_lookup_srv,2,1
ngx_resolver_process_a,1,0
ngx_resolver_process_ptr,1,0
ngx_resolver_process_response,2,0
ngx_resolver_process_srv,1,0
ngx_resolver_report_srv,1,0
ngx_resolver_resend,3,0
ngx_resolver_resend_empty,2,0
ngx_resolver_resolve_srv_names,2,0
ngx_resolver_send_query,3,0
ngx_resolver_send_tcp_query,3,0
ngx_resolver_send_udp_query,1,0
ngx_resolver_strerror,3,0
ngx_resolver_tcp_write,1,0
ngx_reusable_connection,6,0
ngx_rstrncasecmp,1,0
ngx_rstrncmp,1,0
ngx_rwlock_rlock,2,0
ngx_rwlock_unlock,19,0
ngx_rwlock_wlock,8,0
ngx_save_argv,1,0
ngx_send_lowat,1,0
ngx_set_environment,3,0
ngx_set_file_time,2,2
ngx_set_inherited_sockets,1,0
ngx_setproctitle,4,0
ngx_sha1_body,4,0
ngx_sha1_final,2,0
ngx_sha1_init,2,0
ngx_sha1_update,3,0
ngx_shared_memory_add,10,3
ngx_shm_alloc,2,0
ngx_shm_free,2,0
ngx_shmtx_create,2,0
ngx_shmtx_force_unlock,2,1
ngx_shmtx_lock,23,0
ngx_shmtx_trylock,1,0
ngx_shmtx_unlock,29,0
ngx_shmtx_wakeup,2,0
ngx_show_version_info,1,0
ngx_signal_process,1,0
ngx_signal_worker_processes,6,0
ngx_single_process_cycle,1,0
ngx_slab_alloc,10,0
ngx_slab_alloc_locked,5,2
ngx_slab_alloc_pages,2,0
ngx_slab_calloc_locked,6,3
ngx_slab_error,6,0
ngx_slab_free_locked,5,0
ngx_slab_free_pages,4,0
ngx_slab_init,1,0
ngx_slprintf,5,0
ngx_snprintf,23,1
ngx_sock_ntop,12,1
ngx_sort,2,0
ngx_spawn_process,5,1
ngx_sprintf,85,0
ngx_sprintf_num,3,0
ngx_start_cache_manager_processes,4,0
ngx_start_worker_processes,4,0
ngx_str_rbtree_lookup,2,0
ngx_strcasecmp,19,2
ngx_strcasestrn,6,2
ngx_strerror,1,0
ngx_strerror_init,1,0
ngx_strlcasestrn,8,0
ngx_strlchr,11,0
ngx_strlow,14,0
ngx_strncasecmp,41,11
ngx_strnstr,1,0
ngx_strstrn,8,0
ngx_syslog_add_header,2,0
ngx_syslog_init_peer,1,0
ngx_syslog_parse_args,1,0
ngx_syslog_process_conf,2,0
ngx_syslog_send,2,1
ngx_tcp_connect,1,0
ngx_tcp_push,2,2
ngx_test_full_name,1,0
ngx_test_lockfile,1,0
ngx_time_init,1,0
ngx_time_sigsafe_update,1,0
ngx_time_update,9,0
ngx_timezone_update,1,0
ngx_trylock_accept_mutex,1,0
ngx_udp_connect,1,0
ngx_unescape_uri,2,0
ngx_unlock_mutexes,1,0
ngx_utf8_cpystrn,1,0
ngx_utf8_decode,6,2
ngx_utf8_length,1,0
ngx_vslprintf,7,0
ngx_walk_tree,2,0
ngx_worker_process_exit,2,0
ngx_worker_process_init,2,0
ngx_write_chain_to_file,1,0
ngx_write_chain_to_temp_file,2,0
ngx_write_channel,3,0
ngx_write_fd,10,2
ngx_write_file,4,0
ngx_write_stderr,4,0
ngx_write_stdout,3,0
ngx_writev,2,0
ngx_writev_file,1,0
open,17,16
openat,4,1
opendir,1,0
pcre_compile,1,1
pcre_config,1,1
pcre_exec,4,4
pcre_free_study,1,0
pcre_fullinfo,5,1
pcre_study,1,0
posix_memalign,1,1
pread,1,1
pwrite,1,1
qsort,9,0
raise,1,0
random,10,0
read,1,1
readdir,1,0
readv,1,0
realpath,1,0
recv,5,2
recvmsg,2,2
rename,6,4
sched_yield,4,0
send,1,1
sendfile,1,1
sendmsg,1,1
sendto,1,1
setgid,1,1
setitimer,2,2
setpriority,1,1
setrlimit,2,2
setsid,1,1
setsockopt,16,16
setuid,1,1
shutdown,1,1
sigaction,2,2
sigprocmask,2,2
sigsuspend,1,0
socket,5,5
socketpair,1,1
srandom,2,0
stat,4,4
statfs,1,0
strchr,9,1
strcmp,118,40
strerror,2,0
strftime,1,0
strlen,24,0
strncmp,125,45
strpbrk,1,0
strstr,6,2
sysconf,1,0
sysctlbyname,3,2
tolower,2,0
umask,1,0
unlink,13,12
usleep,3,0
utimes,1,0
waitpid,1,1
writev,2,0
